{"contracts/ArcProxy.sol":{"l":{},"path":"/Users/kermankohli/dev/arc-contracts/contracts/ArcProxy.sol","s":{},"b":{},"f":{"1":0,"2":0},"fnMap":{"1":{"name":"constructor","line":29,"loc":{"start":{"line":19,"column":4},"end":{"line":30,"column":5}}},"2":{"name":"_willFallback","line":36,"loc":{"start":{"line":36,"column":4},"end":{"line":38,"column":48}}}},"statementMap":{},"branchMap":{}},"contracts/debt/mozart/IMozartV1.sol":{"l":{},"path":"/Users/kermankohli/dev/arc-contracts/contracts/debt/mozart/IMozartV1.sol","s":{},"b":{},"f":{},"fnMap":{},"statementMap":{},"branchMap":{}},"contracts/debt/mozart/MozartSavingsV1.sol":{"l":{"51":35,"55":33,"68":24,"69":24,"70":24,"72":24,"82":1,"90":0,"98":2,"108":3,"119":12,"129":25,"130":25,"139":9,"148":2,"160":6,"163":6,"170":6,"173":6,"180":6,"190":1,"193":1,"200":1,"203":1,"209":1,"217":26,"218":9,"223":8,"226":25,"230":16,"234":9,"237":9,"239":9,"240":9,"245":9,"248":9,"253":9,"258":9,"264":9,"267":9,"268":6,"270":6,"274":6,"282":6},"path":"/Users/kermankohli/dev/arc-contracts/contracts/debt/mozart/MozartSavingsV1.sol","s":{"1":35,"2":24,"3":24,"4":24,"5":24,"6":1,"7":0,"8":2,"9":3,"10":12,"11":25,"12":25,"13":9,"14":2,"15":6,"16":6,"17":6,"18":6,"19":6,"20":1,"21":1,"22":1,"23":1,"24":1,"25":26,"26":9,"27":8,"28":25,"29":16,"30":9,"31":9,"32":9,"33":9,"34":9,"35":9,"36":9,"37":9,"38":9,"39":9,"40":6,"41":6,"42":6,"43":6},"b":{"1":[33,2],"2":[9,17],"3":[8,1],"4":[16,9],"5":[6,3],"6":[5,1]},"f":{"1":35,"2":24,"3":1,"4":0,"5":2,"6":3,"7":12,"8":25,"9":9,"10":2,"11":6,"12":1,"13":26},"fnMap":{"1":{"name":"isActive","line":50,"loc":{"start":{"line":50,"column":4},"end":{"line":56,"column":4}}},"2":{"name":"constructor","line":60,"loc":{"start":{"line":60,"column":4},"end":{"line":73,"column":4}}},"3":{"name":"exchangeRate","line":77,"loc":{"start":{"line":77,"column":4},"end":{"line":83,"column":4}}},"4":{"name":"currentTimestamp","line":85,"loc":{"start":{"line":85,"column":4},"end":{"line":91,"column":4}}},"5":{"name":"getSavingsRate","line":93,"loc":{"start":{"line":93,"column":4},"end":{"line":99,"column":4}}},"6":{"name":"balanceOf","line":101,"loc":{"start":{"line":101,"column":4},"end":{"line":109,"column":4}}},"7":{"name":"setSavingsRate","line":117,"loc":{"start":{"line":113,"column":4},"end":{"line":120,"column":4}}},"8":{"name":"setArcFee","line":127,"loc":{"start":{"line":122,"column":4},"end":{"line":131,"column":4}}},"9":{"name":"setFullyCollateralized","line":137,"loc":{"start":{"line":133,"column":4},"end":{"line":140,"column":4}}},"10":{"name":"setPaused","line":146,"loc":{"start":{"line":142,"column":4},"end":{"line":149,"column":4}}},"11":{"name":"stake","line":157,"loc":{"start":{"line":153,"column":4},"end":{"line":181,"column":4}}},"12":{"name":"unstake","line":187,"loc":{"start":{"line":183,"column":4},"end":{"line":210,"column":4}}},"13":{"name":"updateIndex","line":214,"loc":{"start":{"line":212,"column":4},"end":{"line":288,"column":4}}}},"statementMap":{"1":{"start":{"line":51,"column":8},"end":{"line":51,"column":1294}},"2":{"start":{"line":68,"column":8},"end":{"line":68,"column":53}},"3":{"start":{"line":69,"column":8},"end":{"line":69,"column":37}},"4":{"start":{"line":70,"column":8},"end":{"line":70,"column":33}},"5":{"start":{"line":72,"column":8},"end":{"line":72,"column":39}},"6":{"start":{"line":82,"column":8},"end":{"line":82,"column":27}},"7":{"start":{"line":90,"column":8},"end":{"line":90,"column":30}},"8":{"start":{"line":98,"column":8},"end":{"line":98,"column":26}},"9":{"start":{"line":108,"column":8},"end":{"line":108,"column":36}},"10":{"start":{"line":119,"column":8},"end":{"line":119,"column":25}},"11":{"start":{"line":129,"column":8},"end":{"line":129,"column":42}},"12":{"start":{"line":130,"column":8},"end":{"line":130,"column":20}},"13":{"start":{"line":139,"column":8},"end":{"line":139,"column":34}},"14":{"start":{"line":148,"column":8},"end":{"line":148,"column":22}},"15":{"start":{"line":160,"column":8},"end":{"line":160,"column":20}},"16":{"start":{"line":163,"column":8},"end":{"line":163,"column":3320}},"17":{"start":{"line":170,"column":8},"end":{"line":170,"column":69}},"18":{"start":{"line":173,"column":8},"end":{"line":173,"column":3647}},"19":{"start":{"line":180,"column":8},"end":{"line":180,"column":48}},"20":{"start":{"line":190,"column":8},"end":{"line":190,"column":20}},"21":{"start":{"line":193,"column":8},"end":{"line":193,"column":4086}},"22":{"start":{"line":200,"column":8},"end":{"line":200,"column":72}},"23":{"start":{"line":203,"column":8},"end":{"line":203,"column":4381}},"24":{"start":{"line":209,"column":8},"end":{"line":209,"column":48}},"25":{"start":{"line":217,"column":8},"end":{"line":217,"column":4720}},"26":{"start":{"line":218,"column":12},"end":{"line":218,"column":4761}},"27":{"start":{"line":223,"column":12},"end":{"line":223,"column":30}},"28":{"start":{"line":226,"column":8},"end":{"line":226,"column":4944}},"29":{"start":{"line":230,"column":12},"end":{"line":230,"column":18}},"30":{"start":{"line":234,"column":8},"end":{"line":234,"column":94}},"31":{"start":{"line":237,"column":8},"end":{"line":237,"column":59}},"32":{"start":{"line":239,"column":8},"end":{"line":239,"column":46}},"33":{"start":{"line":240,"column":8},"end":{"line":240,"column":64}},"34":{"start":{"line":245,"column":8},"end":{"line":245,"column":67}},"35":{"start":{"line":248,"column":8},"end":{"line":248,"column":5852}},"36":{"start":{"line":253,"column":8},"end":{"line":253,"column":5954}},"37":{"start":{"line":258,"column":8},"end":{"line":258,"column":6062}},"38":{"start":{"line":264,"column":8},"end":{"line":264,"column":43}},"39":{"start":{"line":267,"column":8},"end":{"line":267,"column":6327}},"40":{"start":{"line":268,"column":12},"end":{"line":268,"column":59}},"41":{"start":{"line":270,"column":12},"end":{"line":270,"column":6433}},"42":{"start":{"line":274,"column":12},"end":{"line":274,"column":6560}},"43":{"start":{"line":282,"column":12},"end":{"line":282,"column":7038}}},"branchMap":{"1":{"line":51,"type":"if","locations":[{"start":{"line":51,"column":8},"end":{"line":51,"column":8}},{"start":{"line":51,"column":8},"end":{"line":51,"column":8}}]},"2":{"line":217,"type":"if","locations":[{"start":{"line":217,"column":8},"end":{"line":217,"column":8}},{"start":{"line":217,"column":8},"end":{"line":217,"column":8}}]},"3":{"line":218,"type":"if","locations":[{"start":{"line":218,"column":12},"end":{"line":218,"column":12}},{"start":{"line":218,"column":12},"end":{"line":218,"column":12}}]},"4":{"line":226,"type":"if","locations":[{"start":{"line":226,"column":8},"end":{"line":226,"column":8}},{"start":{"line":226,"column":8},"end":{"line":226,"column":8}}]},"5":{"line":267,"type":"if","locations":[{"start":{"line":267,"column":8},"end":{"line":267,"column":8}},{"start":{"line":267,"column":8},"end":{"line":267,"column":8}}]},"6":{"line":282,"type":"if","locations":[{"start":{"line":282,"column":12},"end":{"line":282,"column":12}},{"start":{"line":282,"column":12},"end":{"line":282,"column":12}}]}}},"contracts/debt/mozart/MozartStorage.sol":{"l":{},"path":"/Users/kermankohli/dev/arc-contracts/contracts/debt/mozart/MozartStorage.sol","s":{},"b":{},"f":{},"fnMap":{},"statementMap":{},"branchMap":{}},"contracts/debt/mozart/MozartTypes.sol":{"l":{},"path":"/Users/kermankohli/dev/arc-contracts/contracts/debt/mozart/MozartTypes.sol","s":{},"b":{},"f":{},"fnMap":{},"statementMap":{},"branchMap":{}},"contracts/debt/mozart/MozartV1.sol":{"l":{"102":748,"104":748,"110":745,"118":27,"134":104,"139":104,"140":104,"142":104,"143":104,"145":104,"146":104,"147":104,"149":104,"160":104,"165":104,"166":104,"175":104,"176":104,"185":208,"186":192,"196":200,"197":200,"199":192,"212":26,"213":26,"215":26,"227":104,"229":104,"239":167,"241":167,"261":60,"263":60,"268":59,"270":58,"291":873,"296":872,"300":872,"302":872,"303":493,"308":491,"313":137,"319":118,"325":110,"329":14,"337":850,"342":844,"347":819,"363":1114,"368":872,"374":242,"379":242,"383":242,"386":242,"408":12,"419":26,"421":26,"445":493,"455":493,"456":493,"457":493,"459":493,"465":491,"509":629,"511":629,"514":629,"525":629,"527":589,"535":589,"541":589,"547":589,"553":622,"554":622,"557":622,"564":622,"569":622,"605":116,"607":116,"610":116,"618":116,"624":116,"632":116,"638":115,"648":113,"649":113,"651":113,"657":113,"663":113,"668":113,"703":110,"705":110,"711":110,"717":104,"720":104,"727":104,"743":104,"759":104,"760":39,"766":39,"772":104,"778":104,"790":104,"795":104,"800":104,"806":104,"816":104,"817":104,"819":104,"827":104,"832":104,"838":104,"844":104,"850":104,"856":104,"869":848,"871":848,"872":147,"875":699,"878":699,"881":699,"884":699,"887":699,"889":699,"899":809,"900":809,"902":809,"903":27,"906":782,"909":782,"912":782,"915":782,"918":782,"921":782,"922":24,"925":782,"942":14,"944":14,"949":12,"951":12,"963":28,"971":0,"979":8,"987":8,"995":8,"1003":0,"1011":8,"1019":1,"1030":12,"1041":0,"1049":3,"1060":1,"1074":45,"1084":130,"1094":0,"1104":967,"1105":22,"1108":945,"1110":943,"1116":939,"1117":564,"1120":939,"1138":1755,"1143":1755,"1148":1755,"1172":1166,"1173":1166,"1175":1166,"1182":1166,"1184":1164,"1198":104,"1199":104,"1201":104,"1206":104,"1211":104},"path":"/Users/kermankohli/dev/arc-contracts/contracts/debt/mozart/MozartV1.sol","s":{"1":748,"2":748,"3":27,"4":104,"5":104,"6":104,"7":104,"8":104,"9":104,"10":104,"11":104,"12":104,"13":104,"14":104,"15":104,"16":104,"17":104,"18":208,"19":192,"20":200,"21":200,"22":192,"23":26,"24":26,"25":26,"26":104,"27":104,"28":167,"29":167,"30":60,"31":60,"32":59,"33":58,"34":873,"35":872,"36":872,"37":872,"38":493,"39":491,"40":379,"41":137,"42":242,"43":118,"44":124,"45":110,"46":14,"47":14,"48":850,"49":844,"50":819,"51":1114,"52":872,"53":242,"54":242,"55":242,"56":242,"57":12,"58":26,"59":26,"60":493,"61":493,"62":493,"63":493,"64":493,"65":491,"66":629,"67":629,"68":629,"69":629,"70":589,"71":589,"72":589,"73":589,"74":622,"75":622,"76":622,"77":622,"78":622,"79":116,"80":116,"81":116,"82":116,"83":116,"84":116,"85":115,"86":113,"87":113,"88":113,"89":113,"90":113,"91":113,"92":110,"93":110,"94":110,"95":104,"96":104,"97":104,"98":104,"99":104,"100":39,"101":39,"102":104,"103":104,"104":104,"105":104,"106":104,"107":104,"108":104,"109":104,"110":104,"111":104,"112":104,"113":104,"114":104,"115":104,"116":104,"117":848,"118":848,"119":147,"120":699,"121":699,"122":699,"123":699,"124":699,"125":699,"126":809,"127":809,"128":809,"129":27,"130":782,"131":782,"132":782,"133":782,"134":782,"135":782,"136":24,"137":782,"138":14,"139":14,"140":12,"141":12,"142":28,"143":0,"144":8,"145":8,"146":8,"147":0,"148":8,"149":1,"150":12,"151":0,"152":3,"153":1,"154":45,"155":130,"156":0,"157":967,"158":22,"159":945,"160":941,"161":939,"162":564,"163":939,"164":1755,"165":1755,"166":1755,"167":1166,"168":1166,"169":1166,"170":1166,"171":1164,"172":104,"173":104,"174":104,"175":104,"176":104},"b":{"1":[745,3],"2":[104,0],"3":[104,0],"4":[59,1],"5":[872,1],"6":[493,379],"7":[490,1],"8":[137,242],"9":[118,124],"10":[110,14],"11":[14,0],"12":[844,6],"13":[819,25],"14":[872,242],"15":[589,40],"16":[582,7],"17":[115,1],"18":[113,0],"19":[110,0],"20":[104,6],"21":[39,65],"22":[104,0],"23":[104,0],"24":[104,0],"25":[147,699],"26":[27,782],"27":[24,758],"28":[12,2],"29":[22,945],"30":[564,375]},"f":{"1":748,"2":27,"3":104,"4":104,"5":104,"6":208,"7":200,"8":26,"9":104,"10":167,"11":60,"12":873,"13":1114,"14":12,"15":26,"16":493,"17":629,"18":116,"19":110,"20":104,"21":848,"22":809,"23":14,"24":28,"25":0,"26":8,"27":8,"28":8,"29":0,"30":8,"31":1,"32":12,"33":0,"34":3,"35":1,"36":45,"37":130,"38":0,"39":967,"40":1755,"41":1166,"42":104},"fnMap":{"1":{"name":"isAuthorized","line":101,"loc":{"start":{"line":101,"column":4},"end":{"line":111,"column":4}}},"2":{"name":"constructor","line":115,"loc":{"start":{"line":115,"column":4},"end":{"line":119,"column":4}}},"3":{"name":"init","line":123,"loc":{"start":{"line":123,"column":4},"end":{"line":153,"column":4}}},"4":{"name":"setRate","line":155,"loc":{"start":{"line":155,"column":4},"end":{"line":167,"column":4}}},"5":{"name":"setOracle","line":173,"loc":{"start":{"line":169,"column":4},"end":{"line":177,"column":4}}},"6":{"name":"setCollateralRatio","line":183,"loc":{"start":{"line":179,"column":4},"end":{"line":187,"column":4}}},"7":{"name":"setFees","line":194,"loc":{"start":{"line":189,"column":4},"end":{"line":203,"column":4}}},"8":{"name":"setLimits","line":210,"loc":{"start":{"line":205,"column":4},"end":{"line":219,"column":4}}},"9":{"name":"setInterestSetter","line":225,"loc":{"start":{"line":221,"column":4},"end":{"line":230,"column":4}}},"10":{"name":"setGlobalOperatorStatus","line":237,"loc":{"start":{"line":232,"column":4},"end":{"line":242,"column":4}}},"11":{"name":"setPositionOperatorStatus","line":254,"loc":{"start":{"line":254,"column":4},"end":{"line":275,"column":4}}},"12":{"name":"operateAction","line":285,"loc":{"start":{"line":285,"column":4},"end":{"line":352,"column":4}}},"13":{"name":"updateIndex","line":360,"loc":{"start":{"line":360,"column":4},"end":{"line":387,"column":4}}},"14":{"name":"withdrawTokens","line":406,"loc":{"start":{"line":400,"column":4},"end":{"line":413,"column":4}}},"15":{"name":"setPause","line":417,"loc":{"start":{"line":415,"column":4},"end":{"line":422,"column":4}}},"16":{"name":"openPosition","line":431,"loc":{"start":{"line":431,"column":4},"end":{"line":469,"column":4}}},"17":{"name":"borrow","line":484,"loc":{"start":{"line":478,"column":4},"end":{"line":570,"column":4}}},"18":{"name":"repay","line":586,"loc":{"start":{"line":580,"column":4},"end":{"line":669,"column":4}}},"19":{"name":"liquidate","line":678,"loc":{"start":{"line":678,"column":4},"end":{"line":807,"column":4}}},"20":{"name":"_settleLiquidation","line":809,"loc":{"start":{"line":809,"column":4},"end":{"line":860,"column":4}}},"21":{"name":"setCollateralAmount","line":862,"loc":{"start":{"line":862,"column":4},"end":{"line":890,"column":4}}},"22":{"name":"setBorrowAmount","line":892,"loc":{"start":{"line":892,"column":4},"end":{"line":926,"column":4}}},"23":{"name":"transferOwnership","line":935,"loc":{"start":{"line":935,"column":4},"end":{"line":952,"column":4}}},"24":{"name":"getPosition","line":956,"loc":{"start":{"line":956,"column":4},"end":{"line":964,"column":4}}},"25":{"name":"getCurrentPrice","line":966,"loc":{"start":{"line":966,"column":4},"end":{"line":972,"column":4}}},"26":{"name":"getSyntheticAsset","line":974,"loc":{"start":{"line":974,"column":4},"end":{"line":980,"column":4}}},"27":{"name":"getCollateralAsset","line":982,"loc":{"start":{"line":982,"column":4},"end":{"line":988,"column":4}}},"28":{"name":"getCurrentOracle","line":990,"loc":{"start":{"line":990,"column":4},"end":{"line":996,"column":4}}},"29":{"name":"getInterestSetter","line":998,"loc":{"start":{"line":998,"column":4},"end":{"line":1004,"column":4}}},"30":{"name":"getBorrowIndex","line":1006,"loc":{"start":{"line":1006,"column":4},"end":{"line":1012,"column":4}}},"31":{"name":"getCollateralRatio","line":1014,"loc":{"start":{"line":1014,"column":4},"end":{"line":1020,"column":4}}},"32":{"name":"getTotals","line":1022,"loc":{"start":{"line":1022,"column":4},"end":{"line":1034,"column":4}}},"33":{"name":"getLimits","line":1036,"loc":{"start":{"line":1036,"column":4},"end":{"line":1042,"column":4}}},"34":{"name":"getInterestRate","line":1044,"loc":{"start":{"line":1044,"column":4},"end":{"line":1050,"column":4}}},"35":{"name":"getFees","line":1052,"loc":{"start":{"line":1052,"column":4},"end":{"line":1064,"column":4}}},"36":{"name":"isPositionOperator","line":1066,"loc":{"start":{"line":1066,"column":4},"end":{"line":1075,"column":4}}},"37":{"name":"isGlobalOperator","line":1077,"loc":{"start":{"line":1077,"column":4},"end":{"line":1085,"column":4}}},"38":{"name":"currentTimestamp","line":1089,"loc":{"start":{"line":1089,"column":4},"end":{"line":1095,"column":4}}},"39":{"name":"isCollateralized","line":1097,"loc":{"start":{"line":1097,"column":4},"end":{"line":1121,"column":4}}},"40":{"name":"calculateCollateralRequired","line":1129,"loc":{"start":{"line":1129,"column":4},"end":{"line":1152,"column":4}}},"41":{"name":"calculateCollateralDelta","line":1163,"loc":{"start":{"line":1163,"column":4},"end":{"line":1185,"column":4}}},"42":{"name":"calculateLiquidationPrice","line":1193,"loc":{"start":{"line":1193,"column":4},"end":{"line":1212,"column":4}}}},"statementMap":{"1":{"start":{"line":102,"column":8},"end":{"line":102,"column":69}},"2":{"start":{"line":104,"column":8},"end":{"line":104,"column":2494}},"3":{"start":{"line":118,"column":8},"end":{"line":118,"column":20}},"4":{"start":{"line":134,"column":8},"end":{"line":134,"column":3250}},"5":{"start":{"line":139,"column":8},"end":{"line":139,"column":43}},"6":{"start":{"line":140,"column":8},"end":{"line":140,"column":41}},"7":{"start":{"line":142,"column":8},"end":{"line":142,"column":36}},"8":{"start":{"line":143,"column":8},"end":{"line":143,"column":43}},"9":{"start":{"line":145,"column":8},"end":{"line":145,"column":32}},"10":{"start":{"line":146,"column":8},"end":{"line":146,"column":43}},"11":{"start":{"line":147,"column":8},"end":{"line":147,"column":41}},"12":{"start":{"line":149,"column":8},"end":{"line":149,"column":3671}},"13":{"start":{"line":160,"column":8},"end":{"line":160,"column":3843}},"14":{"start":{"line":165,"column":8},"end":{"line":165,"column":27}},"15":{"start":{"line":166,"column":8},"end":{"line":166,"column":31}},"16":{"start":{"line":175,"column":8},"end":{"line":175,"column":32}},"17":{"start":{"line":176,"column":8},"end":{"line":176,"column":35}},"18":{"start":{"line":185,"column":8},"end":{"line":185,"column":41}},"19":{"start":{"line":186,"column":8},"end":{"line":186,"column":53}},"20":{"start":{"line":196,"column":8},"end":{"line":196,"column":47}},"21":{"start":{"line":197,"column":8},"end":{"line":197,"column":49}},"22":{"start":{"line":199,"column":8},"end":{"line":199,"column":4711}},"23":{"start":{"line":212,"column":8},"end":{"line":212,"column":41}},"24":{"start":{"line":213,"column":8},"end":{"line":213,"column":61}},"25":{"start":{"line":215,"column":8},"end":{"line":215,"column":5074}},"26":{"start":{"line":227,"column":8},"end":{"line":227,"column":31}},"27":{"start":{"line":229,"column":8},"end":{"line":229,"column":43}},"28":{"start":{"line":239,"column":8},"end":{"line":239,"column":43}},"29":{"start":{"line":241,"column":8},"end":{"line":241,"column":50}},"30":{"start":{"line":261,"column":8},"end":{"line":261,"column":69}},"31":{"start":{"line":263,"column":8},"end":{"line":263,"column":6239}},"32":{"start":{"line":268,"column":8},"end":{"line":268,"column":58}},"33":{"start":{"line":270,"column":8},"end":{"line":270,"column":6483}},"34":{"start":{"line":291,"column":8},"end":{"line":291,"column":7104}},"35":{"start":{"line":296,"column":8},"end":{"line":296,"column":52}},"36":{"start":{"line":300,"column":8},"end":{"line":300,"column":20}},"37":{"start":{"line":302,"column":8},"end":{"line":302,"column":7441}},"38":{"start":{"line":303,"column":12},"end":{"line":303,"column":7492}},"39":{"start":{"line":308,"column":12},"end":{"line":308,"column":7633}},"40":{"start":{"line":312,"column":15},"end":{"line":312,"column":7804}},"41":{"start":{"line":313,"column":12},"end":{"line":313,"column":7857}},"42":{"start":{"line":318,"column":15},"end":{"line":318,"column":8004}},"43":{"start":{"line":319,"column":12},"end":{"line":319,"column":8056}},"44":{"start":{"line":324,"column":15},"end":{"line":324,"column":8202}},"45":{"start":{"line":325,"column":12},"end":{"line":325,"column":8258}},"46":{"start":{"line":328,"column":15},"end":{"line":328,"column":8340}},"47":{"start":{"line":329,"column":12},"end":{"line":329,"column":8404}},"48":{"start":{"line":337,"column":8},"end":{"line":337,"column":8702}},"49":{"start":{"line":342,"column":8},"end":{"line":342,"column":8899}},"50":{"start":{"line":347,"column":8},"end":{"line":347,"column":9077}},"51":{"start":{"line":363,"column":8},"end":{"line":363,"column":9566}},"52":{"start":{"line":368,"column":12},"end":{"line":368,"column":18}},"53":{"start":{"line":374,"column":8},"end":{"line":374,"column":95}},"54":{"start":{"line":379,"column":8},"end":{"line":379,"column":57}},"55":{"start":{"line":383,"column":8},"end":{"line":383,"column":63}},"56":{"start":{"line":386,"column":8},"end":{"line":386,"column":43}},"57":{"start":{"line":408,"column":8},"end":{"line":408,"column":11288}},"58":{"start":{"line":419,"column":8},"end":{"line":419,"column":21}},"59":{"start":{"line":421,"column":8},"end":{"line":421,"column":38}},"60":{"start":{"line":445,"column":8},"end":{"line":445,"column":12151}},"61":{"start":{"line":455,"column":8},"end":{"line":455,"column":42}},"62":{"start":{"line":456,"column":8},"end":{"line":456,"column":45}},"63":{"start":{"line":457,"column":8},"end":{"line":457,"column":43}},"64":{"start":{"line":459,"column":8},"end":{"line":459,"column":12692}},"65":{"start":{"line":465,"column":8},"end":{"line":465,"column":12814}},"66":{"start":{"line":509,"column":8},"end":{"line":509,"column":69}},"67":{"start":{"line":511,"column":8},"end":{"line":511,"column":69}},"68":{"start":{"line":514,"column":8},"end":{"line":514,"column":14785}},"69":{"start":{"line":525,"column":8},"end":{"line":525,"column":15085}},"70":{"start":{"line":527,"column":12},"end":{"line":527,"column":15213}},"71":{"start":{"line":535,"column":12},"end":{"line":535,"column":15556}},"72":{"start":{"line":541,"column":12},"end":{"line":541,"column":15792}},"73":{"start":{"line":547,"column":12},"end":{"line":547,"column":16083}},"74":{"start":{"line":553,"column":8},"end":{"line":553,"column":54}},"75":{"start":{"line":554,"column":8},"end":{"line":554,"column":56}},"76":{"start":{"line":557,"column":8},"end":{"line":557,"column":16448}},"77":{"start":{"line":564,"column":8},"end":{"line":564,"column":16615}},"78":{"start":{"line":569,"column":8},"end":{"line":569,"column":23}},"79":{"start":{"line":605,"column":8},"end":{"line":605,"column":69}},"80":{"start":{"line":607,"column":8},"end":{"line":607,"column":69}},"81":{"start":{"line":610,"column":8},"end":{"line":610,"column":18537}},"82":{"start":{"line":618,"column":8},"end":{"line":618,"column":18840}},"83":{"start":{"line":624,"column":8},"end":{"line":624,"column":19063}},"84":{"start":{"line":632,"column":8},"end":{"line":632,"column":19445}},"85":{"start":{"line":638,"column":8},"end":{"line":638,"column":19703}},"86":{"start":{"line":648,"column":8},"end":{"line":648,"column":67}},"87":{"start":{"line":649,"column":8},"end":{"line":649,"column":56}},"88":{"start":{"line":651,"column":8},"end":{"line":651,"column":20093}},"89":{"start":{"line":657,"column":8},"end":{"line":657,"column":20226}},"90":{"start":{"line":663,"column":8},"end":{"line":663,"column":20386}},"91":{"start":{"line":668,"column":8},"end":{"line":668,"column":23}},"92":{"start":{"line":703,"column":8},"end":{"line":703,"column":69}},"93":{"start":{"line":705,"column":8},"end":{"line":705,"column":22034}},"94":{"start":{"line":711,"column":8},"end":{"line":711,"column":22223}},"95":{"start":{"line":717,"column":8},"end":{"line":717,"column":74}},"96":{"start":{"line":720,"column":8},"end":{"line":720,"column":22610}},"97":{"start":{"line":727,"column":8},"end":{"line":727,"column":22942}},"98":{"start":{"line":743,"column":8},"end":{"line":743,"column":23780}},"99":{"start":{"line":759,"column":8},"end":{"line":759,"column":24465}},"100":{"start":{"line":760,"column":12},"end":{"line":760,"column":77}},"101":{"start":{"line":766,"column":12},"end":{"line":766,"column":75}},"102":{"start":{"line":772,"column":8},"end":{"line":772,"column":25234}},"103":{"start":{"line":778,"column":8},"end":{"line":778,"column":25435}},"104":{"start":{"line":790,"column":8},"end":{"line":790,"column":25820}},"105":{"start":{"line":795,"column":8},"end":{"line":795,"column":25966}},"106":{"start":{"line":800,"column":8},"end":{"line":800,"column":26163}},"107":{"start":{"line":806,"column":8},"end":{"line":806,"column":23}},"108":{"start":{"line":816,"column":8},"end":{"line":816,"column":67}},"109":{"start":{"line":817,"column":8},"end":{"line":817,"column":56}},"110":{"start":{"line":819,"column":8},"end":{"line":819,"column":26684}},"111":{"start":{"line":827,"column":8},"end":{"line":827,"column":27011}},"112":{"start":{"line":832,"column":8},"end":{"line":832,"column":27219}},"113":{"start":{"line":838,"column":8},"end":{"line":838,"column":27415}},"114":{"start":{"line":844,"column":8},"end":{"line":844,"column":27621}},"115":{"start":{"line":850,"column":8},"end":{"line":850,"column":27824}},"116":{"start":{"line":856,"column":8},"end":{"line":856,"column":27985}},"117":{"start":{"line":869,"column":8},"end":{"line":869,"column":69}},"118":{"start":{"line":871,"column":8},"end":{"line":871,"column":28381}},"119":{"start":{"line":872,"column":12},"end":{"line":872,"column":27}},"120":{"start":{"line":875,"column":8},"end":{"line":875,"column":48}},"121":{"start":{"line":878,"column":8},"end":{"line":878,"column":79}},"122":{"start":{"line":881,"column":8},"end":{"line":881,"column":69}},"123":{"start":{"line":884,"column":8},"end":{"line":884,"column":39}},"124":{"start":{"line":887,"column":8},"end":{"line":887,"column":50}},"125":{"start":{"line":889,"column":8},"end":{"line":889,"column":23}},"126":{"start":{"line":899,"column":8},"end":{"line":899,"column":69}},"127":{"start":{"line":900,"column":8},"end":{"line":900,"column":72}},"128":{"start":{"line":902,"column":8},"end":{"line":902,"column":29352}},"129":{"start":{"line":903,"column":12},"end":{"line":903,"column":27}},"130":{"start":{"line":906,"column":8},"end":{"line":906,"column":48}},"131":{"start":{"line":909,"column":8},"end":{"line":909,"column":68}},"132":{"start":{"line":912,"column":8},"end":{"line":912,"column":69}},"133":{"start":{"line":915,"column":8},"end":{"line":915,"column":39}},"134":{"start":{"line":918,"column":8},"end":{"line":918,"column":48}},"135":{"start":{"line":921,"column":8},"end":{"line":921,"column":30010}},"136":{"start":{"line":922,"column":12},"end":{"line":922,"column":47}},"137":{"start":{"line":925,"column":8},"end":{"line":925,"column":23}},"138":{"start":{"line":942,"column":8},"end":{"line":942,"column":69}},"139":{"start":{"line":944,"column":8},"end":{"line":944,"column":30671}},"140":{"start":{"line":949,"column":8},"end":{"line":949,"column":32}},"141":{"start":{"line":951,"column":8},"end":{"line":951,"column":23}},"142":{"start":{"line":963,"column":8},"end":{"line":963,"column":28}},"143":{"start":{"line":971,"column":8},"end":{"line":971,"column":41}},"144":{"start":{"line":979,"column":8},"end":{"line":979,"column":38}},"145":{"start":{"line":987,"column":8},"end":{"line":987,"column":39}},"146":{"start":{"line":995,"column":8},"end":{"line":995,"column":30}},"147":{"start":{"line":1003,"column":8},"end":{"line":1003,"column":29}},"148":{"start":{"line":1011,"column":8},"end":{"line":1011,"column":45}},"149":{"start":{"line":1019,"column":8},"end":{"line":1019,"column":30}},"150":{"start":{"line":1030,"column":8},"end":{"line":1030,"column":32237}},"151":{"start":{"line":1041,"column":8},"end":{"line":1041,"column":59}},"152":{"start":{"line":1049,"column":8},"end":{"line":1049,"column":27}},"153":{"start":{"line":1060,"column":8},"end":{"line":1060,"column":32811}},"154":{"start":{"line":1074,"column":8},"end":{"line":1074,"column":56}},"155":{"start":{"line":1084,"column":8},"end":{"line":1084,"column":41}},"156":{"start":{"line":1094,"column":8},"end":{"line":1094,"column":30}},"157":{"start":{"line":1104,"column":8},"end":{"line":1104,"column":33618}},"158":{"start":{"line":1105,"column":12},"end":{"line":1105,"column":23}},"159":{"start":{"line":1108,"column":8},"end":{"line":1108,"column":69}},"160":{"start":{"line":1110,"column":8},"end":{"line":1110,"column":33777}},"161":{"start":{"line":1116,"column":8},"end":{"line":1116,"column":33998}},"162":{"start":{"line":1117,"column":12},"end":{"line":1117,"column":38}},"163":{"start":{"line":1120,"column":8},"end":{"line":1120,"column":35}},"164":{"start":{"line":1138,"column":8},"end":{"line":1138,"column":34591}},"165":{"start":{"line":1143,"column":8},"end":{"line":1143,"column":34695}},"166":{"start":{"line":1148,"column":8},"end":{"line":1148,"column":34805}},"167":{"start":{"line":1172,"column":8},"end":{"line":1172,"column":47}},"168":{"start":{"line":1173,"column":8},"end":{"line":1173,"column":50}},"169":{"start":{"line":1175,"column":8},"end":{"line":1175,"column":35718}},"170":{"start":{"line":1182,"column":8},"end":{"line":1182,"column":58}},"171":{"start":{"line":1184,"column":8},"end":{"line":1184,"column":30}},"172":{"start":{"line":1198,"column":8},"end":{"line":1198,"column":34}},"173":{"start":{"line":1199,"column":8},"end":{"line":1199,"column":69}},"174":{"start":{"line":1201,"column":8},"end":{"line":1201,"column":36616}},"175":{"start":{"line":1206,"column":8},"end":{"line":1206,"column":36722}},"176":{"start":{"line":1211,"column":8},"end":{"line":1211,"column":21}}},"branchMap":{"1":{"line":104,"type":"if","locations":[{"start":{"line":104,"column":8},"end":{"line":104,"column":8}},{"start":{"line":104,"column":8},"end":{"line":104,"column":8}}]},"2":{"line":134,"type":"if","locations":[{"start":{"line":134,"column":8},"end":{"line":134,"column":8}},{"start":{"line":134,"column":8},"end":{"line":134,"column":8}}]},"3":{"line":160,"type":"if","locations":[{"start":{"line":160,"column":8},"end":{"line":160,"column":8}},{"start":{"line":160,"column":8},"end":{"line":160,"column":8}}]},"4":{"line":263,"type":"if","locations":[{"start":{"line":263,"column":8},"end":{"line":263,"column":8}},{"start":{"line":263,"column":8},"end":{"line":263,"column":8}}]},"5":{"line":291,"type":"if","locations":[{"start":{"line":291,"column":8},"end":{"line":291,"column":8}},{"start":{"line":291,"column":8},"end":{"line":291,"column":8}}]},"6":{"line":302,"type":"if","locations":[{"start":{"line":302,"column":8},"end":{"line":302,"column":8}},{"start":{"line":302,"column":8},"end":{"line":302,"column":8}}]},"7":{"line":308,"type":"if","locations":[{"start":{"line":308,"column":12},"end":{"line":308,"column":12}},{"start":{"line":308,"column":12},"end":{"line":308,"column":12}}]},"8":{"line":312,"type":"if","locations":[{"start":{"line":312,"column":15},"end":{"line":312,"column":15}},{"start":{"line":312,"column":15},"end":{"line":312,"column":15}}]},"9":{"line":318,"type":"if","locations":[{"start":{"line":318,"column":15},"end":{"line":318,"column":15}},{"start":{"line":318,"column":15},"end":{"line":318,"column":15}}]},"10":{"line":324,"type":"if","locations":[{"start":{"line":324,"column":15},"end":{"line":324,"column":15}},{"start":{"line":324,"column":15},"end":{"line":324,"column":15}}]},"11":{"line":328,"type":"if","locations":[{"start":{"line":328,"column":15},"end":{"line":328,"column":15}},{"start":{"line":328,"column":15},"end":{"line":328,"column":15}}]},"12":{"line":337,"type":"if","locations":[{"start":{"line":337,"column":8},"end":{"line":337,"column":8}},{"start":{"line":337,"column":8},"end":{"line":337,"column":8}}]},"13":{"line":342,"type":"if","locations":[{"start":{"line":342,"column":8},"end":{"line":342,"column":8}},{"start":{"line":342,"column":8},"end":{"line":342,"column":8}}]},"14":{"line":363,"type":"if","locations":[{"start":{"line":363,"column":8},"end":{"line":363,"column":8}},{"start":{"line":363,"column":8},"end":{"line":363,"column":8}}]},"15":{"line":525,"type":"if","locations":[{"start":{"line":525,"column":8},"end":{"line":525,"column":8}},{"start":{"line":525,"column":8},"end":{"line":525,"column":8}}]},"16":{"line":547,"type":"if","locations":[{"start":{"line":547,"column":12},"end":{"line":547,"column":12}},{"start":{"line":547,"column":12},"end":{"line":547,"column":12}}]},"17":{"line":632,"type":"if","locations":[{"start":{"line":632,"column":8},"end":{"line":632,"column":8}},{"start":{"line":632,"column":8},"end":{"line":632,"column":8}}]},"18":{"line":663,"type":"if","locations":[{"start":{"line":663,"column":8},"end":{"line":663,"column":8}},{"start":{"line":663,"column":8},"end":{"line":663,"column":8}}]},"19":{"line":705,"type":"if","locations":[{"start":{"line":705,"column":8},"end":{"line":705,"column":8}},{"start":{"line":705,"column":8},"end":{"line":705,"column":8}}]},"20":{"line":711,"type":"if","locations":[{"start":{"line":711,"column":8},"end":{"line":711,"column":8}},{"start":{"line":711,"column":8},"end":{"line":711,"column":8}}]},"21":{"line":759,"type":"if","locations":[{"start":{"line":759,"column":8},"end":{"line":759,"column":8}},{"start":{"line":759,"column":8},"end":{"line":759,"column":8}}]},"22":{"line":795,"type":"if","locations":[{"start":{"line":795,"column":8},"end":{"line":795,"column":8}},{"start":{"line":795,"column":8},"end":{"line":795,"column":8}}]},"23":{"line":844,"type":"if","locations":[{"start":{"line":844,"column":8},"end":{"line":844,"column":8}},{"start":{"line":844,"column":8},"end":{"line":844,"column":8}}]},"24":{"line":856,"type":"if","locations":[{"start":{"line":856,"column":8},"end":{"line":856,"column":8}},{"start":{"line":856,"column":8},"end":{"line":856,"column":8}}]},"25":{"line":871,"type":"if","locations":[{"start":{"line":871,"column":8},"end":{"line":871,"column":8}},{"start":{"line":871,"column":8},"end":{"line":871,"column":8}}]},"26":{"line":902,"type":"if","locations":[{"start":{"line":902,"column":8},"end":{"line":902,"column":8}},{"start":{"line":902,"column":8},"end":{"line":902,"column":8}}]},"27":{"line":921,"type":"if","locations":[{"start":{"line":921,"column":8},"end":{"line":921,"column":8}},{"start":{"line":921,"column":8},"end":{"line":921,"column":8}}]},"28":{"line":944,"type":"if","locations":[{"start":{"line":944,"column":8},"end":{"line":944,"column":8}},{"start":{"line":944,"column":8},"end":{"line":944,"column":8}}]},"29":{"line":1104,"type":"if","locations":[{"start":{"line":1104,"column":8},"end":{"line":1104,"column":8}},{"start":{"line":1104,"column":8},"end":{"line":1104,"column":8}}]},"30":{"line":1116,"type":"if","locations":[{"start":{"line":1116,"column":8},"end":{"line":1116,"column":8}},{"start":{"line":1116,"column":8},"end":{"line":1116,"column":8}}]}}},"contracts/debt/spritz/CoreV1.sol":{"l":{"76":0,"82":0,"87":0,"88":0,"107":0,"112":0,"114":0,"120":0,"121":0,"126":0,"132":0,"138":0,"144":0,"149":0,"150":0,"152":0,"157":0,"167":0,"172":0,"196":0,"207":0,"209":0,"233":0,"245":0,"247":0,"253":0,"295":0,"298":0,"303":0,"308":0,"311":0,"320":0,"323":0,"325":0,"333":0,"340":0,"347":0,"353":0,"354":0,"357":0,"365":0,"370":0,"402":0,"404":0,"407":0,"412":0,"419":0,"427":0,"430":0,"438":0,"444":0,"453":0,"454":0,"457":0,"463":0,"469":0,"474":0,"509":0,"511":0,"517":0,"523":0,"528":0,"536":0,"545":0,"546":0,"550":0,"558":0,"566":0,"569":0,"575":0,"577":0,"582":0,"586":0,"588":0,"594":0,"600":0,"609":0,"615":0,"624":0,"629":0},"path":"/Users/kermankohli/dev/arc-contracts/contracts/debt/spritz/CoreV1.sol","s":{"1":0,"2":0,"3":0,"4":0,"5":0,"6":0,"7":0,"8":0,"9":0,"10":0,"11":0,"12":0,"13":0,"14":0,"15":0,"16":0,"17":0,"18":0,"19":0,"20":0,"21":0,"22":0,"23":0,"24":0,"25":0,"26":0,"27":0,"28":0,"29":0,"30":0,"31":0,"32":0,"33":0,"34":0,"35":0,"36":0,"37":0,"38":0,"39":0,"40":0,"41":0,"42":0,"43":0,"44":0,"45":0,"46":0,"47":0,"48":0,"49":0,"50":0,"51":0,"52":0,"53":0,"54":0,"55":0,"56":0,"57":0,"58":0,"59":0,"60":0,"61":0,"62":0,"63":0,"64":0,"65":0,"66":0,"67":0,"68":0,"69":0,"70":0,"71":0,"72":0,"73":0,"74":0,"75":0,"76":0,"77":0,"78":0,"79":0,"80":0,"81":0,"82":0,"83":0},"b":{"1":[0,0],"2":[0,0],"3":[0,0],"4":[0,0],"5":[0,0],"6":[0,0],"7":[0,0],"8":[0,0],"9":[0,0],"10":[0,0],"11":[0,0],"12":[0,0],"13":[0,0],"14":[0,0],"15":[0,0],"16":[0,0],"17":[0,0],"18":[0,0],"19":[0,0],"20":[0,0],"21":[0,0],"22":[0,0],"23":[0,0],"24":[0,0]},"f":{"1":0,"2":0,"3":0,"4":0,"5":0,"6":0,"7":0,"8":0,"9":0},"fnMap":{"1":{"name":"constructor","line":75,"loc":{"start":{"line":75,"column":4},"end":{"line":77,"column":4}}},"2":{"name":"init","line":79,"loc":{"start":{"line":79,"column":4},"end":{"line":89,"column":4}}},"3":{"name":"operateAction","line":101,"loc":{"start":{"line":101,"column":4},"end":{"line":177,"column":4}}},"4":{"name":"withdrawTokens","line":194,"loc":{"start":{"line":188,"column":4},"end":{"line":201,"column":4}}},"5":{"name":"setPause","line":205,"loc":{"start":{"line":203,"column":4},"end":{"line":210,"column":4}}},"6":{"name":"openPosition","line":219,"loc":{"start":{"line":219,"column":4},"end":{"line":257,"column":4}}},"7":{"name":"borrow","line":266,"loc":{"start":{"line":266,"column":4},"end":{"line":371,"column":4}}},"8":{"name":"repay","line":381,"loc":{"start":{"line":381,"column":4},"end":{"line":475,"column":4}}},"9":{"name":"liquidate","line":484,"loc":{"start":{"line":484,"column":4},"end":{"line":630,"column":4}}}},"statementMap":{"1":{"start":{"line":76,"column":8},"end":{"line":76,"column":20}},"2":{"start":{"line":82,"column":8},"end":{"line":82,"column":2214}},"3":{"start":{"line":87,"column":8},"end":{"line":87,"column":30}},"4":{"start":{"line":88,"column":8},"end":{"line":88,"column":21}},"5":{"start":{"line":107,"column":8},"end":{"line":107,"column":2950}},"6":{"start":{"line":112,"column":8},"end":{"line":112,"column":48}},"7":{"start":{"line":114,"column":8},"end":{"line":114,"column":3133}},"8":{"start":{"line":120,"column":8},"end":{"line":120,"column":3265}},"9":{"start":{"line":121,"column":12},"end":{"line":121,"column":3316}},"10":{"start":{"line":126,"column":12},"end":{"line":126,"column":3457}},"11":{"start":{"line":131,"column":15},"end":{"line":131,"column":3621}},"12":{"start":{"line":132,"column":12},"end":{"line":132,"column":3674}},"13":{"start":{"line":137,"column":15},"end":{"line":137,"column":3821}},"14":{"start":{"line":138,"column":12},"end":{"line":138,"column":3873}},"15":{"start":{"line":143,"column":15},"end":{"line":143,"column":4019}},"16":{"start":{"line":144,"column":12},"end":{"line":144,"column":4075}},"17":{"start":{"line":149,"column":8},"end":{"line":149,"column":57}},"18":{"start":{"line":150,"column":8},"end":{"line":150,"column":64}},"19":{"start":{"line":152,"column":8},"end":{"line":152,"column":4287}},"20":{"start":{"line":157,"column":8},"end":{"line":157,"column":4471}},"21":{"start":{"line":167,"column":8},"end":{"line":167,"column":5033}},"22":{"start":{"line":172,"column":8},"end":{"line":172,"column":5201}},"23":{"start":{"line":196,"column":8},"end":{"line":196,"column":5922}},"24":{"start":{"line":207,"column":8},"end":{"line":207,"column":21}},"25":{"start":{"line":209,"column":8},"end":{"line":209,"column":38}},"26":{"start":{"line":233,"column":8},"end":{"line":233,"column":6782}},"27":{"start":{"line":245,"column":8},"end":{"line":245,"column":60}},"28":{"start":{"line":247,"column":8},"end":{"line":247,"column":7370}},"29":{"start":{"line":253,"column":8},"end":{"line":253,"column":7492}},"30":{"start":{"line":295,"column":8},"end":{"line":295,"column":72}},"31":{"start":{"line":298,"column":8},"end":{"line":298,"column":9225}},"32":{"start":{"line":303,"column":8},"end":{"line":303,"column":9371}},"33":{"start":{"line":308,"column":8},"end":{"line":308,"column":66}},"34":{"start":{"line":311,"column":8},"end":{"line":311,"column":9617}},"35":{"start":{"line":320,"column":8},"end":{"line":320,"column":50}},"36":{"start":{"line":323,"column":8},"end":{"line":323,"column":9946}},"37":{"start":{"line":325,"column":12},"end":{"line":325,"column":10034}},"38":{"start":{"line":333,"column":12},"end":{"line":333,"column":10299}},"39":{"start":{"line":340,"column":12},"end":{"line":340,"column":10534}},"40":{"start":{"line":347,"column":12},"end":{"line":347,"column":10838}},"41":{"start":{"line":353,"column":8},"end":{"line":353,"column":62}},"42":{"start":{"line":354,"column":8},"end":{"line":354,"column":64}},"43":{"start":{"line":357,"column":8},"end":{"line":357,"column":11219}},"44":{"start":{"line":365,"column":8},"end":{"line":365,"column":11458}},"45":{"start":{"line":370,"column":8},"end":{"line":370,"column":23}},"46":{"start":{"line":402,"column":8},"end":{"line":402,"column":72}},"47":{"start":{"line":404,"column":8},"end":{"line":404,"column":66}},"48":{"start":{"line":407,"column":8},"end":{"line":407,"column":13069}},"49":{"start":{"line":412,"column":8},"end":{"line":412,"column":13206}},"50":{"start":{"line":419,"column":8},"end":{"line":419,"column":13485}},"51":{"start":{"line":427,"column":8},"end":{"line":427,"column":77}},"52":{"start":{"line":430,"column":8},"end":{"line":430,"column":13896}},"53":{"start":{"line":438,"column":8},"end":{"line":438,"column":14210}},"54":{"start":{"line":444,"column":8},"end":{"line":444,"column":14414}},"55":{"start":{"line":453,"column":8},"end":{"line":453,"column":75}},"56":{"start":{"line":454,"column":8},"end":{"line":454,"column":64}},"57":{"start":{"line":457,"column":8},"end":{"line":457,"column":14845}},"58":{"start":{"line":463,"column":8},"end":{"line":463,"column":14978}},"59":{"start":{"line":469,"column":8},"end":{"line":469,"column":15138}},"60":{"start":{"line":474,"column":8},"end":{"line":474,"column":23}},"61":{"start":{"line":509,"column":8},"end":{"line":509,"column":72}},"62":{"start":{"line":511,"column":8},"end":{"line":511,"column":16856}},"63":{"start":{"line":517,"column":8},"end":{"line":517,"column":17045}},"64":{"start":{"line":523,"column":8},"end":{"line":523,"column":17268}},"65":{"start":{"line":528,"column":8},"end":{"line":528,"column":17468}},"66":{"start":{"line":536,"column":8},"end":{"line":536,"column":17803}},"67":{"start":{"line":545,"column":8},"end":{"line":545,"column":18115}},"68":{"start":{"line":546,"column":12},"end":{"line":546,"column":66}},"69":{"start":{"line":550,"column":8},"end":{"line":550,"column":18350}},"70":{"start":{"line":558,"column":8},"end":{"line":558,"column":18666}},"71":{"start":{"line":566,"column":8},"end":{"line":566,"column":77}},"72":{"start":{"line":569,"column":8},"end":{"line":569,"column":19061}},"73":{"start":{"line":575,"column":8},"end":{"line":575,"column":72}},"74":{"start":{"line":577,"column":8},"end":{"line":577,"column":19285}},"75":{"start":{"line":582,"column":8},"end":{"line":582,"column":19481}},"76":{"start":{"line":586,"column":8},"end":{"line":586,"column":64}},"77":{"start":{"line":588,"column":8},"end":{"line":588,"column":19707}},"78":{"start":{"line":594,"column":8},"end":{"line":594,"column":19868}},"79":{"start":{"line":600,"column":8},"end":{"line":600,"column":20034}},"80":{"start":{"line":609,"column":8},"end":{"line":609,"column":20275}},"81":{"start":{"line":615,"column":8},"end":{"line":615,"column":20478}},"82":{"start":{"line":624,"column":8},"end":{"line":624,"column":20720}},"83":{"start":{"line":629,"column":8},"end":{"line":629,"column":23}}},"branchMap":{"1":{"line":82,"type":"if","locations":[{"start":{"line":82,"column":8},"end":{"line":82,"column":8}},{"start":{"line":82,"column":8},"end":{"line":82,"column":8}}]},"2":{"line":107,"type":"if","locations":[{"start":{"line":107,"column":8},"end":{"line":107,"column":8}},{"start":{"line":107,"column":8},"end":{"line":107,"column":8}}]},"3":{"line":120,"type":"if","locations":[{"start":{"line":120,"column":8},"end":{"line":120,"column":8}},{"start":{"line":120,"column":8},"end":{"line":120,"column":8}}]},"4":{"line":126,"type":"if","locations":[{"start":{"line":126,"column":12},"end":{"line":126,"column":12}},{"start":{"line":126,"column":12},"end":{"line":126,"column":12}}]},"5":{"line":131,"type":"if","locations":[{"start":{"line":131,"column":15},"end":{"line":131,"column":15}},{"start":{"line":131,"column":15},"end":{"line":131,"column":15}}]},"6":{"line":137,"type":"if","locations":[{"start":{"line":137,"column":15},"end":{"line":137,"column":15}},{"start":{"line":137,"column":15},"end":{"line":137,"column":15}}]},"7":{"line":143,"type":"if","locations":[{"start":{"line":143,"column":15},"end":{"line":143,"column":15}},{"start":{"line":143,"column":15},"end":{"line":143,"column":15}}]},"8":{"line":152,"type":"if","locations":[{"start":{"line":152,"column":8},"end":{"line":152,"column":8}},{"start":{"line":152,"column":8},"end":{"line":152,"column":8}}]},"9":{"line":157,"type":"if","locations":[{"start":{"line":157,"column":8},"end":{"line":157,"column":8}},{"start":{"line":157,"column":8},"end":{"line":157,"column":8}}]},"10":{"line":167,"type":"if","locations":[{"start":{"line":167,"column":8},"end":{"line":167,"column":8}},{"start":{"line":167,"column":8},"end":{"line":167,"column":8}}]},"11":{"line":298,"type":"if","locations":[{"start":{"line":298,"column":8},"end":{"line":298,"column":8}},{"start":{"line":298,"column":8},"end":{"line":298,"column":8}}]},"12":{"line":303,"type":"if","locations":[{"start":{"line":303,"column":8},"end":{"line":303,"column":8}},{"start":{"line":303,"column":8},"end":{"line":303,"column":8}}]},"13":{"line":323,"type":"if","locations":[{"start":{"line":323,"column":8},"end":{"line":323,"column":8}},{"start":{"line":323,"column":8},"end":{"line":323,"column":8}}]},"14":{"line":347,"type":"if","locations":[{"start":{"line":347,"column":12},"end":{"line":347,"column":12}},{"start":{"line":347,"column":12},"end":{"line":347,"column":12}}]},"15":{"line":407,"type":"if","locations":[{"start":{"line":407,"column":8},"end":{"line":407,"column":8}},{"start":{"line":407,"column":8},"end":{"line":407,"column":8}}]},"16":{"line":412,"type":"if","locations":[{"start":{"line":412,"column":8},"end":{"line":412,"column":8}},{"start":{"line":412,"column":8},"end":{"line":412,"column":8}}]},"17":{"line":438,"type":"if","locations":[{"start":{"line":438,"column":8},"end":{"line":438,"column":8}},{"start":{"line":438,"column":8},"end":{"line":438,"column":8}}]},"18":{"line":469,"type":"if","locations":[{"start":{"line":469,"column":8},"end":{"line":469,"column":8}},{"start":{"line":469,"column":8},"end":{"line":469,"column":8}}]},"19":{"line":511,"type":"if","locations":[{"start":{"line":511,"column":8},"end":{"line":511,"column":8}},{"start":{"line":511,"column":8},"end":{"line":511,"column":8}}]},"20":{"line":517,"type":"if","locations":[{"start":{"line":517,"column":8},"end":{"line":517,"column":8}},{"start":{"line":517,"column":8},"end":{"line":517,"column":8}}]},"21":{"line":545,"type":"if","locations":[{"start":{"line":545,"column":8},"end":{"line":545,"column":8}},{"start":{"line":545,"column":8},"end":{"line":545,"column":8}}]},"22":{"line":577,"type":"if","locations":[{"start":{"line":577,"column":8},"end":{"line":577,"column":8}},{"start":{"line":577,"column":8},"end":{"line":577,"column":8}}]},"23":{"line":609,"type":"if","locations":[{"start":{"line":609,"column":8},"end":{"line":609,"column":8}},{"start":{"line":609,"column":8},"end":{"line":609,"column":8}}]},"24":{"line":624,"type":"if","locations":[{"start":{"line":624,"column":8},"end":{"line":624,"column":8}},{"start":{"line":624,"column":8},"end":{"line":624,"column":8}}]}}},"contracts/debt/spritz/CoreV2.sol":{"l":{"79":0,"85":0,"90":0,"91":0,"110":0,"115":0,"117":0,"123":0,"124":0,"129":0,"135":0,"141":0,"147":0,"152":0,"153":0,"155":0,"160":0,"170":0,"175":0,"199":0,"210":0,"212":0,"236":0,"248":0,"250":0,"256":0,"298":0,"301":0,"306":0,"311":0,"314":0,"323":0,"326":0,"328":0,"336":0,"343":0,"350":0,"356":0,"357":0,"360":0,"368":0,"373":0,"406":0,"408":0,"410":0,"417":0,"425":0,"428":0,"436":0,"442":0,"451":0,"452":0,"455":0,"461":0,"467":0,"472":0,"507":0,"509":0,"515":0,"521":0,"526":0,"534":0,"541":0,"547":0,"552":0,"558":0,"559":0,"565":0,"569":0,"577":0,"585":0,"588":0,"594":0,"596":0,"601":0,"607":0,"617":0,"621":0,"623":0,"630":0,"636":0,"641":0,"647":0,"653":0,"659":0,"665":0},"path":"/Users/kermankohli/dev/arc-contracts/contracts/debt/spritz/CoreV2.sol","s":{"1":0,"2":0,"3":0,"4":0,"5":0,"6":0,"7":0,"8":0,"9":0,"10":0,"11":0,"12":0,"13":0,"14":0,"15":0,"16":0,"17":0,"18":0,"19":0,"20":0,"21":0,"22":0,"23":0,"24":0,"25":0,"26":0,"27":0,"28":0,"29":0,"30":0,"31":0,"32":0,"33":0,"34":0,"35":0,"36":0,"37":0,"38":0,"39":0,"40":0,"41":0,"42":0,"43":0,"44":0,"45":0,"46":0,"47":0,"48":0,"49":0,"50":0,"51":0,"52":0,"53":0,"54":0,"55":0,"56":0,"57":0,"58":0,"59":0,"60":0,"61":0,"62":0,"63":0,"64":0,"65":0,"66":0,"67":0,"68":0,"69":0,"70":0,"71":0,"72":0,"73":0,"74":0,"75":0,"76":0,"77":0,"78":0,"79":0,"80":0,"81":0,"82":0,"83":0,"84":0,"85":0,"86":0,"87":0,"88":0,"89":0},"b":{"1":[0,0],"2":[0,0],"3":[0,0],"4":[0,0],"5":[0,0],"6":[0,0],"7":[0,0],"8":[0,0],"9":[0,0],"10":[0,0],"11":[0,0],"12":[0,0],"13":[0,0],"14":[0,0],"15":[0,0],"16":[0,0],"17":[0,0],"18":[0,0],"19":[0,0],"20":[0,0],"21":[0,0],"22":[0,0],"23":[0,0]},"f":{"1":0,"2":0,"3":0,"4":0,"5":0,"6":0,"7":0,"8":0,"9":0,"10":0},"fnMap":{"1":{"name":"constructor","line":78,"loc":{"start":{"line":78,"column":4},"end":{"line":80,"column":4}}},"2":{"name":"init","line":82,"loc":{"start":{"line":82,"column":4},"end":{"line":92,"column":4}}},"3":{"name":"operateAction","line":104,"loc":{"start":{"line":104,"column":4},"end":{"line":180,"column":4}}},"4":{"name":"withdrawTokens","line":197,"loc":{"start":{"line":191,"column":4},"end":{"line":204,"column":4}}},"5":{"name":"setPause","line":208,"loc":{"start":{"line":206,"column":4},"end":{"line":213,"column":4}}},"6":{"name":"openPosition","line":222,"loc":{"start":{"line":222,"column":4},"end":{"line":260,"column":4}}},"7":{"name":"borrow","line":269,"loc":{"start":{"line":269,"column":4},"end":{"line":374,"column":4}}},"8":{"name":"repay","line":384,"loc":{"start":{"line":384,"column":4},"end":{"line":473,"column":4}}},"9":{"name":"liquidate","line":482,"loc":{"start":{"line":482,"column":4},"end":{"line":608,"column":4}}},"10":{"name":"_settleLiquidation","line":610,"loc":{"start":{"line":610,"column":4},"end":{"line":669,"column":4}}}},"statementMap":{"1":{"start":{"line":79,"column":8},"end":{"line":79,"column":20}},"2":{"start":{"line":85,"column":8},"end":{"line":85,"column":2375}},"3":{"start":{"line":90,"column":8},"end":{"line":90,"column":30}},"4":{"start":{"line":91,"column":8},"end":{"line":91,"column":21}},"5":{"start":{"line":110,"column":8},"end":{"line":110,"column":3111}},"6":{"start":{"line":115,"column":8},"end":{"line":115,"column":48}},"7":{"start":{"line":117,"column":8},"end":{"line":117,"column":3294}},"8":{"start":{"line":123,"column":8},"end":{"line":123,"column":3426}},"9":{"start":{"line":124,"column":12},"end":{"line":124,"column":3477}},"10":{"start":{"line":129,"column":12},"end":{"line":129,"column":3618}},"11":{"start":{"line":134,"column":15},"end":{"line":134,"column":3782}},"12":{"start":{"line":135,"column":12},"end":{"line":135,"column":3835}},"13":{"start":{"line":140,"column":15},"end":{"line":140,"column":3982}},"14":{"start":{"line":141,"column":12},"end":{"line":141,"column":4034}},"15":{"start":{"line":146,"column":15},"end":{"line":146,"column":4180}},"16":{"start":{"line":147,"column":12},"end":{"line":147,"column":4236}},"17":{"start":{"line":152,"column":8},"end":{"line":152,"column":57}},"18":{"start":{"line":153,"column":8},"end":{"line":153,"column":64}},"19":{"start":{"line":155,"column":8},"end":{"line":155,"column":4448}},"20":{"start":{"line":160,"column":8},"end":{"line":160,"column":4632}},"21":{"start":{"line":170,"column":8},"end":{"line":170,"column":5194}},"22":{"start":{"line":175,"column":8},"end":{"line":175,"column":5362}},"23":{"start":{"line":199,"column":8},"end":{"line":199,"column":6083}},"24":{"start":{"line":210,"column":8},"end":{"line":210,"column":21}},"25":{"start":{"line":212,"column":8},"end":{"line":212,"column":38}},"26":{"start":{"line":236,"column":8},"end":{"line":236,"column":6943}},"27":{"start":{"line":248,"column":8},"end":{"line":248,"column":60}},"28":{"start":{"line":250,"column":8},"end":{"line":250,"column":7531}},"29":{"start":{"line":256,"column":8},"end":{"line":256,"column":7653}},"30":{"start":{"line":298,"column":8},"end":{"line":298,"column":72}},"31":{"start":{"line":301,"column":8},"end":{"line":301,"column":9386}},"32":{"start":{"line":306,"column":8},"end":{"line":306,"column":9532}},"33":{"start":{"line":311,"column":8},"end":{"line":311,"column":66}},"34":{"start":{"line":314,"column":8},"end":{"line":314,"column":9778}},"35":{"start":{"line":323,"column":8},"end":{"line":323,"column":50}},"36":{"start":{"line":326,"column":8},"end":{"line":326,"column":10107}},"37":{"start":{"line":328,"column":12},"end":{"line":328,"column":10195}},"38":{"start":{"line":336,"column":12},"end":{"line":336,"column":10460}},"39":{"start":{"line":343,"column":12},"end":{"line":343,"column":10695}},"40":{"start":{"line":350,"column":12},"end":{"line":350,"column":10999}},"41":{"start":{"line":356,"column":8},"end":{"line":356,"column":62}},"42":{"start":{"line":357,"column":8},"end":{"line":357,"column":64}},"43":{"start":{"line":360,"column":8},"end":{"line":360,"column":11380}},"44":{"start":{"line":368,"column":8},"end":{"line":368,"column":11619}},"45":{"start":{"line":373,"column":8},"end":{"line":373,"column":23}},"46":{"start":{"line":406,"column":8},"end":{"line":406,"column":72}},"47":{"start":{"line":408,"column":8},"end":{"line":408,"column":66}},"48":{"start":{"line":410,"column":8},"end":{"line":410,"column":13257}},"49":{"start":{"line":417,"column":8},"end":{"line":417,"column":13536}},"50":{"start":{"line":425,"column":8},"end":{"line":425,"column":77}},"51":{"start":{"line":428,"column":8},"end":{"line":428,"column":13947}},"52":{"start":{"line":436,"column":8},"end":{"line":436,"column":14261}},"53":{"start":{"line":442,"column":8},"end":{"line":442,"column":14465}},"54":{"start":{"line":451,"column":8},"end":{"line":451,"column":75}},"55":{"start":{"line":452,"column":8},"end":{"line":452,"column":64}},"56":{"start":{"line":455,"column":8},"end":{"line":455,"column":14896}},"57":{"start":{"line":461,"column":8},"end":{"line":461,"column":15029}},"58":{"start":{"line":467,"column":8},"end":{"line":467,"column":15189}},"59":{"start":{"line":472,"column":8},"end":{"line":472,"column":23}},"60":{"start":{"line":507,"column":8},"end":{"line":507,"column":72}},"61":{"start":{"line":509,"column":8},"end":{"line":509,"column":16907}},"62":{"start":{"line":515,"column":8},"end":{"line":515,"column":17096}},"63":{"start":{"line":521,"column":8},"end":{"line":521,"column":17319}},"64":{"start":{"line":526,"column":8},"end":{"line":526,"column":17541}},"65":{"start":{"line":534,"column":8},"end":{"line":534,"column":17874}},"66":{"start":{"line":541,"column":8},"end":{"line":541,"column":18121}},"67":{"start":{"line":547,"column":8},"end":{"line":547,"column":18369}},"68":{"start":{"line":552,"column":8},"end":{"line":552,"column":18517}},"69":{"start":{"line":558,"column":8},"end":{"line":558,"column":18748}},"70":{"start":{"line":559,"column":12},"end":{"line":559,"column":77}},"71":{"start":{"line":565,"column":12},"end":{"line":565,"column":74}},"72":{"start":{"line":569,"column":8},"end":{"line":569,"column":19367}},"73":{"start":{"line":577,"column":8},"end":{"line":577,"column":19694}},"74":{"start":{"line":585,"column":8},"end":{"line":585,"column":77}},"75":{"start":{"line":588,"column":8},"end":{"line":588,"column":20089}},"76":{"start":{"line":594,"column":8},"end":{"line":594,"column":72}},"77":{"start":{"line":596,"column":8},"end":{"line":596,"column":20324}},"78":{"start":{"line":601,"column":8},"end":{"line":601,"column":20519}},"79":{"start":{"line":607,"column":8},"end":{"line":607,"column":23}},"80":{"start":{"line":617,"column":8},"end":{"line":617,"column":20901}},"81":{"start":{"line":621,"column":8},"end":{"line":621,"column":64}},"82":{"start":{"line":623,"column":8},"end":{"line":623,"column":21104}},"83":{"start":{"line":630,"column":8},"end":{"line":630,"column":21308}},"84":{"start":{"line":636,"column":8},"end":{"line":636,"column":21467}},"85":{"start":{"line":641,"column":8},"end":{"line":641,"column":21669}},"86":{"start":{"line":647,"column":8},"end":{"line":647,"column":21854}},"87":{"start":{"line":653,"column":8},"end":{"line":653,"column":22060}},"88":{"start":{"line":659,"column":8},"end":{"line":659,"column":22263}},"89":{"start":{"line":665,"column":8},"end":{"line":665,"column":22424}}},"branchMap":{"1":{"line":85,"type":"if","locations":[{"start":{"line":85,"column":8},"end":{"line":85,"column":8}},{"start":{"line":85,"column":8},"end":{"line":85,"column":8}}]},"2":{"line":110,"type":"if","locations":[{"start":{"line":110,"column":8},"end":{"line":110,"column":8}},{"start":{"line":110,"column":8},"end":{"line":110,"column":8}}]},"3":{"line":123,"type":"if","locations":[{"start":{"line":123,"column":8},"end":{"line":123,"column":8}},{"start":{"line":123,"column":8},"end":{"line":123,"column":8}}]},"4":{"line":129,"type":"if","locations":[{"start":{"line":129,"column":12},"end":{"line":129,"column":12}},{"start":{"line":129,"column":12},"end":{"line":129,"column":12}}]},"5":{"line":134,"type":"if","locations":[{"start":{"line":134,"column":15},"end":{"line":134,"column":15}},{"start":{"line":134,"column":15},"end":{"line":134,"column":15}}]},"6":{"line":140,"type":"if","locations":[{"start":{"line":140,"column":15},"end":{"line":140,"column":15}},{"start":{"line":140,"column":15},"end":{"line":140,"column":15}}]},"7":{"line":146,"type":"if","locations":[{"start":{"line":146,"column":15},"end":{"line":146,"column":15}},{"start":{"line":146,"column":15},"end":{"line":146,"column":15}}]},"8":{"line":155,"type":"if","locations":[{"start":{"line":155,"column":8},"end":{"line":155,"column":8}},{"start":{"line":155,"column":8},"end":{"line":155,"column":8}}]},"9":{"line":160,"type":"if","locations":[{"start":{"line":160,"column":8},"end":{"line":160,"column":8}},{"start":{"line":160,"column":8},"end":{"line":160,"column":8}}]},"10":{"line":170,"type":"if","locations":[{"start":{"line":170,"column":8},"end":{"line":170,"column":8}},{"start":{"line":170,"column":8},"end":{"line":170,"column":8}}]},"11":{"line":301,"type":"if","locations":[{"start":{"line":301,"column":8},"end":{"line":301,"column":8}},{"start":{"line":301,"column":8},"end":{"line":301,"column":8}}]},"12":{"line":306,"type":"if","locations":[{"start":{"line":306,"column":8},"end":{"line":306,"column":8}},{"start":{"line":306,"column":8},"end":{"line":306,"column":8}}]},"13":{"line":326,"type":"if","locations":[{"start":{"line":326,"column":8},"end":{"line":326,"column":8}},{"start":{"line":326,"column":8},"end":{"line":326,"column":8}}]},"14":{"line":350,"type":"if","locations":[{"start":{"line":350,"column":12},"end":{"line":350,"column":12}},{"start":{"line":350,"column":12},"end":{"line":350,"column":12}}]},"15":{"line":410,"type":"if","locations":[{"start":{"line":410,"column":8},"end":{"line":410,"column":8}},{"start":{"line":410,"column":8},"end":{"line":410,"column":8}}]},"16":{"line":436,"type":"if","locations":[{"start":{"line":436,"column":8},"end":{"line":436,"column":8}},{"start":{"line":436,"column":8},"end":{"line":436,"column":8}}]},"17":{"line":467,"type":"if","locations":[{"start":{"line":467,"column":8},"end":{"line":467,"column":8}},{"start":{"line":467,"column":8},"end":{"line":467,"column":8}}]},"18":{"line":509,"type":"if","locations":[{"start":{"line":509,"column":8},"end":{"line":509,"column":8}},{"start":{"line":509,"column":8},"end":{"line":509,"column":8}}]},"19":{"line":515,"type":"if","locations":[{"start":{"line":515,"column":8},"end":{"line":515,"column":8}},{"start":{"line":515,"column":8},"end":{"line":515,"column":8}}]},"20":{"line":558,"type":"if","locations":[{"start":{"line":558,"column":8},"end":{"line":558,"column":8}},{"start":{"line":558,"column":8},"end":{"line":558,"column":8}}]},"21":{"line":596,"type":"if","locations":[{"start":{"line":596,"column":8},"end":{"line":596,"column":8}},{"start":{"line":596,"column":8},"end":{"line":596,"column":8}}]},"22":{"line":653,"type":"if","locations":[{"start":{"line":653,"column":8},"end":{"line":653,"column":8}},{"start":{"line":653,"column":8},"end":{"line":653,"column":8}}]},"23":{"line":665,"type":"if","locations":[{"start":{"line":665,"column":8},"end":{"line":665,"column":8}},{"start":{"line":665,"column":8},"end":{"line":665,"column":8}}]}}},"contracts/debt/spritz/CoreV3.sol":{"l":{"79":0,"85":0,"90":0,"91":0,"110":0,"115":0,"117":0,"123":0,"124":0,"129":0,"135":0,"141":0,"147":0,"152":0,"153":0,"155":0,"160":0,"166":0,"171":0,"195":0,"206":0,"208":0,"232":0,"244":0,"246":0,"252":0,"294":0,"297":0,"302":0,"307":0,"310":0,"319":0,"322":0,"324":0,"332":0,"339":0,"346":0,"352":0,"353":0,"356":0,"364":0,"369":0,"402":0,"404":0,"406":0,"413":0,"421":0,"424":0,"432":0,"438":0,"447":0,"448":0,"451":0,"457":0,"463":0,"468":0,"503":0,"505":0,"511":0,"517":0,"522":0,"530":0,"541":0,"553":0,"554":0,"560":0,"564":0,"572":0,"580":0,"583":0,"589":0,"591":0,"596":0,"602":0,"612":0,"616":0,"618":0,"625":0,"631":0,"636":0,"642":0,"648":0,"654":0,"660":0},"path":"/Users/kermankohli/dev/arc-contracts/contracts/debt/spritz/CoreV3.sol","s":{"1":0,"2":0,"3":0,"4":0,"5":0,"6":0,"7":0,"8":0,"9":0,"10":0,"11":0,"12":0,"13":0,"14":0,"15":0,"16":0,"17":0,"18":0,"19":0,"20":0,"21":0,"22":0,"23":0,"24":0,"25":0,"26":0,"27":0,"28":0,"29":0,"30":0,"31":0,"32":0,"33":0,"34":0,"35":0,"36":0,"37":0,"38":0,"39":0,"40":0,"41":0,"42":0,"43":0,"44":0,"45":0,"46":0,"47":0,"48":0,"49":0,"50":0,"51":0,"52":0,"53":0,"54":0,"55":0,"56":0,"57":0,"58":0,"59":0,"60":0,"61":0,"62":0,"63":0,"64":0,"65":0,"66":0,"67":0,"68":0,"69":0,"70":0,"71":0,"72":0,"73":0,"74":0,"75":0,"76":0,"77":0,"78":0,"79":0,"80":0,"81":0,"82":0,"83":0,"84":0,"85":0,"86":0,"87":0},"b":{"1":[0,0],"2":[0,0],"3":[0,0],"4":[0,0],"5":[0,0],"6":[0,0],"7":[0,0],"8":[0,0],"9":[0,0],"10":[0,0],"11":[0,0],"12":[0,0],"13":[0,0],"14":[0,0],"15":[0,0],"16":[0,0],"17":[0,0],"18":[0,0],"19":[0,0],"20":[0,0],"21":[0,0],"22":[0,0],"23":[0,0]},"f":{"1":0,"2":0,"3":0,"4":0,"5":0,"6":0,"7":0,"8":0,"9":0,"10":0},"fnMap":{"1":{"name":"constructor","line":78,"loc":{"start":{"line":78,"column":4},"end":{"line":80,"column":4}}},"2":{"name":"init","line":82,"loc":{"start":{"line":82,"column":4},"end":{"line":92,"column":4}}},"3":{"name":"operateAction","line":104,"loc":{"start":{"line":104,"column":4},"end":{"line":176,"column":4}}},"4":{"name":"withdrawTokens","line":193,"loc":{"start":{"line":187,"column":4},"end":{"line":200,"column":4}}},"5":{"name":"setPause","line":204,"loc":{"start":{"line":202,"column":4},"end":{"line":209,"column":4}}},"6":{"name":"openPosition","line":218,"loc":{"start":{"line":218,"column":4},"end":{"line":256,"column":4}}},"7":{"name":"borrow","line":265,"loc":{"start":{"line":265,"column":4},"end":{"line":370,"column":4}}},"8":{"name":"repay","line":380,"loc":{"start":{"line":380,"column":4},"end":{"line":469,"column":4}}},"9":{"name":"liquidate","line":478,"loc":{"start":{"line":478,"column":4},"end":{"line":603,"column":4}}},"10":{"name":"_settleLiquidation","line":605,"loc":{"start":{"line":605,"column":4},"end":{"line":664,"column":4}}}},"statementMap":{"1":{"start":{"line":79,"column":8},"end":{"line":79,"column":20}},"2":{"start":{"line":85,"column":8},"end":{"line":85,"column":2357}},"3":{"start":{"line":90,"column":8},"end":{"line":90,"column":30}},"4":{"start":{"line":91,"column":8},"end":{"line":91,"column":21}},"5":{"start":{"line":110,"column":8},"end":{"line":110,"column":3093}},"6":{"start":{"line":115,"column":8},"end":{"line":115,"column":48}},"7":{"start":{"line":117,"column":8},"end":{"line":117,"column":3276}},"8":{"start":{"line":123,"column":8},"end":{"line":123,"column":3408}},"9":{"start":{"line":124,"column":12},"end":{"line":124,"column":3459}},"10":{"start":{"line":129,"column":12},"end":{"line":129,"column":3600}},"11":{"start":{"line":134,"column":15},"end":{"line":134,"column":3764}},"12":{"start":{"line":135,"column":12},"end":{"line":135,"column":3817}},"13":{"start":{"line":140,"column":15},"end":{"line":140,"column":3964}},"14":{"start":{"line":141,"column":12},"end":{"line":141,"column":4016}},"15":{"start":{"line":146,"column":15},"end":{"line":146,"column":4162}},"16":{"start":{"line":147,"column":12},"end":{"line":147,"column":4218}},"17":{"start":{"line":152,"column":8},"end":{"line":152,"column":57}},"18":{"start":{"line":153,"column":8},"end":{"line":153,"column":64}},"19":{"start":{"line":155,"column":8},"end":{"line":155,"column":4430}},"20":{"start":{"line":160,"column":8},"end":{"line":160,"column":4614}},"21":{"start":{"line":166,"column":8},"end":{"line":166,"column":4890}},"22":{"start":{"line":171,"column":8},"end":{"line":171,"column":5058}},"23":{"start":{"line":195,"column":8},"end":{"line":195,"column":5779}},"24":{"start":{"line":206,"column":8},"end":{"line":206,"column":21}},"25":{"start":{"line":208,"column":8},"end":{"line":208,"column":38}},"26":{"start":{"line":232,"column":8},"end":{"line":232,"column":6639}},"27":{"start":{"line":244,"column":8},"end":{"line":244,"column":60}},"28":{"start":{"line":246,"column":8},"end":{"line":246,"column":7227}},"29":{"start":{"line":252,"column":8},"end":{"line":252,"column":7349}},"30":{"start":{"line":294,"column":8},"end":{"line":294,"column":72}},"31":{"start":{"line":297,"column":8},"end":{"line":297,"column":9082}},"32":{"start":{"line":302,"column":8},"end":{"line":302,"column":9228}},"33":{"start":{"line":307,"column":8},"end":{"line":307,"column":66}},"34":{"start":{"line":310,"column":8},"end":{"line":310,"column":9474}},"35":{"start":{"line":319,"column":8},"end":{"line":319,"column":50}},"36":{"start":{"line":322,"column":8},"end":{"line":322,"column":9803}},"37":{"start":{"line":324,"column":12},"end":{"line":324,"column":9891}},"38":{"start":{"line":332,"column":12},"end":{"line":332,"column":10156}},"39":{"start":{"line":339,"column":12},"end":{"line":339,"column":10391}},"40":{"start":{"line":346,"column":12},"end":{"line":346,"column":10695}},"41":{"start":{"line":352,"column":8},"end":{"line":352,"column":62}},"42":{"start":{"line":353,"column":8},"end":{"line":353,"column":64}},"43":{"start":{"line":356,"column":8},"end":{"line":356,"column":11076}},"44":{"start":{"line":364,"column":8},"end":{"line":364,"column":11315}},"45":{"start":{"line":369,"column":8},"end":{"line":369,"column":23}},"46":{"start":{"line":402,"column":8},"end":{"line":402,"column":72}},"47":{"start":{"line":404,"column":8},"end":{"line":404,"column":66}},"48":{"start":{"line":406,"column":8},"end":{"line":406,"column":12953}},"49":{"start":{"line":413,"column":8},"end":{"line":413,"column":13232}},"50":{"start":{"line":421,"column":8},"end":{"line":421,"column":77}},"51":{"start":{"line":424,"column":8},"end":{"line":424,"column":13643}},"52":{"start":{"line":432,"column":8},"end":{"line":432,"column":13957}},"53":{"start":{"line":438,"column":8},"end":{"line":438,"column":14161}},"54":{"start":{"line":447,"column":8},"end":{"line":447,"column":75}},"55":{"start":{"line":448,"column":8},"end":{"line":448,"column":64}},"56":{"start":{"line":451,"column":8},"end":{"line":451,"column":14592}},"57":{"start":{"line":457,"column":8},"end":{"line":457,"column":14725}},"58":{"start":{"line":463,"column":8},"end":{"line":463,"column":14885}},"59":{"start":{"line":468,"column":8},"end":{"line":468,"column":23}},"60":{"start":{"line":503,"column":8},"end":{"line":503,"column":72}},"61":{"start":{"line":505,"column":8},"end":{"line":505,"column":16603}},"62":{"start":{"line":511,"column":8},"end":{"line":511,"column":16792}},"63":{"start":{"line":517,"column":8},"end":{"line":517,"column":17015}},"64":{"start":{"line":522,"column":8},"end":{"line":522,"column":17237}},"65":{"start":{"line":530,"column":8},"end":{"line":530,"column":17583}},"66":{"start":{"line":541,"column":8},"end":{"line":541,"column":18068}},"67":{"start":{"line":553,"column":8},"end":{"line":553,"column":18514}},"68":{"start":{"line":554,"column":12},"end":{"line":554,"column":77}},"69":{"start":{"line":560,"column":12},"end":{"line":560,"column":75}},"70":{"start":{"line":564,"column":8},"end":{"line":564,"column":19134}},"71":{"start":{"line":572,"column":8},"end":{"line":572,"column":19461}},"72":{"start":{"line":580,"column":8},"end":{"line":580,"column":77}},"73":{"start":{"line":583,"column":8},"end":{"line":583,"column":19856}},"74":{"start":{"line":589,"column":8},"end":{"line":589,"column":72}},"75":{"start":{"line":591,"column":8},"end":{"line":591,"column":20091}},"76":{"start":{"line":596,"column":8},"end":{"line":596,"column":20286}},"77":{"start":{"line":602,"column":8},"end":{"line":602,"column":23}},"78":{"start":{"line":612,"column":8},"end":{"line":612,"column":20670}},"79":{"start":{"line":616,"column":8},"end":{"line":616,"column":64}},"80":{"start":{"line":618,"column":8},"end":{"line":618,"column":20873}},"81":{"start":{"line":625,"column":8},"end":{"line":625,"column":21077}},"82":{"start":{"line":631,"column":8},"end":{"line":631,"column":21236}},"83":{"start":{"line":636,"column":8},"end":{"line":636,"column":21439}},"84":{"start":{"line":642,"column":8},"end":{"line":642,"column":21624}},"85":{"start":{"line":648,"column":8},"end":{"line":648,"column":21830}},"86":{"start":{"line":654,"column":8},"end":{"line":654,"column":22033}},"87":{"start":{"line":660,"column":8},"end":{"line":660,"column":22194}}},"branchMap":{"1":{"line":85,"type":"if","locations":[{"start":{"line":85,"column":8},"end":{"line":85,"column":8}},{"start":{"line":85,"column":8},"end":{"line":85,"column":8}}]},"2":{"line":110,"type":"if","locations":[{"start":{"line":110,"column":8},"end":{"line":110,"column":8}},{"start":{"line":110,"column":8},"end":{"line":110,"column":8}}]},"3":{"line":123,"type":"if","locations":[{"start":{"line":123,"column":8},"end":{"line":123,"column":8}},{"start":{"line":123,"column":8},"end":{"line":123,"column":8}}]},"4":{"line":129,"type":"if","locations":[{"start":{"line":129,"column":12},"end":{"line":129,"column":12}},{"start":{"line":129,"column":12},"end":{"line":129,"column":12}}]},"5":{"line":134,"type":"if","locations":[{"start":{"line":134,"column":15},"end":{"line":134,"column":15}},{"start":{"line":134,"column":15},"end":{"line":134,"column":15}}]},"6":{"line":140,"type":"if","locations":[{"start":{"line":140,"column":15},"end":{"line":140,"column":15}},{"start":{"line":140,"column":15},"end":{"line":140,"column":15}}]},"7":{"line":146,"type":"if","locations":[{"start":{"line":146,"column":15},"end":{"line":146,"column":15}},{"start":{"line":146,"column":15},"end":{"line":146,"column":15}}]},"8":{"line":155,"type":"if","locations":[{"start":{"line":155,"column":8},"end":{"line":155,"column":8}},{"start":{"line":155,"column":8},"end":{"line":155,"column":8}}]},"9":{"line":160,"type":"if","locations":[{"start":{"line":160,"column":8},"end":{"line":160,"column":8}},{"start":{"line":160,"column":8},"end":{"line":160,"column":8}}]},"10":{"line":166,"type":"if","locations":[{"start":{"line":166,"column":8},"end":{"line":166,"column":8}},{"start":{"line":166,"column":8},"end":{"line":166,"column":8}}]},"11":{"line":297,"type":"if","locations":[{"start":{"line":297,"column":8},"end":{"line":297,"column":8}},{"start":{"line":297,"column":8},"end":{"line":297,"column":8}}]},"12":{"line":302,"type":"if","locations":[{"start":{"line":302,"column":8},"end":{"line":302,"column":8}},{"start":{"line":302,"column":8},"end":{"line":302,"column":8}}]},"13":{"line":322,"type":"if","locations":[{"start":{"line":322,"column":8},"end":{"line":322,"column":8}},{"start":{"line":322,"column":8},"end":{"line":322,"column":8}}]},"14":{"line":346,"type":"if","locations":[{"start":{"line":346,"column":12},"end":{"line":346,"column":12}},{"start":{"line":346,"column":12},"end":{"line":346,"column":12}}]},"15":{"line":406,"type":"if","locations":[{"start":{"line":406,"column":8},"end":{"line":406,"column":8}},{"start":{"line":406,"column":8},"end":{"line":406,"column":8}}]},"16":{"line":432,"type":"if","locations":[{"start":{"line":432,"column":8},"end":{"line":432,"column":8}},{"start":{"line":432,"column":8},"end":{"line":432,"column":8}}]},"17":{"line":463,"type":"if","locations":[{"start":{"line":463,"column":8},"end":{"line":463,"column":8}},{"start":{"line":463,"column":8},"end":{"line":463,"column":8}}]},"18":{"line":505,"type":"if","locations":[{"start":{"line":505,"column":8},"end":{"line":505,"column":8}},{"start":{"line":505,"column":8},"end":{"line":505,"column":8}}]},"19":{"line":511,"type":"if","locations":[{"start":{"line":511,"column":8},"end":{"line":511,"column":8}},{"start":{"line":511,"column":8},"end":{"line":511,"column":8}}]},"20":{"line":553,"type":"if","locations":[{"start":{"line":553,"column":8},"end":{"line":553,"column":8}},{"start":{"line":553,"column":8},"end":{"line":553,"column":8}}]},"21":{"line":591,"type":"if","locations":[{"start":{"line":591,"column":8},"end":{"line":591,"column":8}},{"start":{"line":591,"column":8},"end":{"line":591,"column":8}}]},"22":{"line":648,"type":"if","locations":[{"start":{"line":648,"column":8},"end":{"line":648,"column":8}},{"start":{"line":648,"column":8},"end":{"line":648,"column":8}}]},"23":{"line":660,"type":"if","locations":[{"start":{"line":660,"column":8},"end":{"line":660,"column":8}},{"start":{"line":660,"column":8},"end":{"line":660,"column":8}}]}}},"contracts/debt/spritz/CoreV4.sol":{"l":{"79":0,"85":0,"90":0,"91":0,"110":0,"115":0,"117":0,"123":0,"124":0,"129":0,"135":0,"141":0,"147":0,"152":0,"153":0,"155":0,"160":0,"165":0,"171":0,"176":0,"200":0,"211":0,"213":0,"237":0,"249":0,"251":0,"257":0,"299":0,"301":0,"306":0,"309":0,"318":0,"321":0,"323":0,"330":0,"331":0,"335":0,"342":0,"349":0,"355":0,"356":0,"359":0,"367":0,"372":0,"406":0,"408":0,"410":0,"417":0,"425":0,"428":0,"436":0,"442":0,"451":0,"452":0,"455":0,"461":0,"467":0,"472":0,"507":0,"509":0,"515":0,"521":0,"526":0,"534":0,"545":0,"557":0,"558":0,"564":0,"568":0,"576":0,"584":0,"587":0,"593":0,"595":0,"600":0,"606":0,"616":0,"620":0,"622":0,"629":0,"635":0,"640":0,"646":0,"652":0,"658":0,"664":0},"path":"/Users/kermankohli/dev/arc-contracts/contracts/debt/spritz/CoreV4.sol","s":{"1":0,"2":0,"3":0,"4":0,"5":0,"6":0,"7":0,"8":0,"9":0,"10":0,"11":0,"12":0,"13":0,"14":0,"15":0,"16":0,"17":0,"18":0,"19":0,"20":0,"21":0,"22":0,"23":0,"24":0,"25":0,"26":0,"27":0,"28":0,"29":0,"30":0,"31":0,"32":0,"33":0,"34":0,"35":0,"36":0,"37":0,"38":0,"39":0,"40":0,"41":0,"42":0,"43":0,"44":0,"45":0,"46":0,"47":0,"48":0,"49":0,"50":0,"51":0,"52":0,"53":0,"54":0,"55":0,"56":0,"57":0,"58":0,"59":0,"60":0,"61":0,"62":0,"63":0,"64":0,"65":0,"66":0,"67":0,"68":0,"69":0,"70":0,"71":0,"72":0,"73":0,"74":0,"75":0,"76":0,"77":0,"78":0,"79":0,"80":0,"81":0,"82":0,"83":0,"84":0,"85":0,"86":0,"87":0,"88":0,"89":0},"b":{"1":[0,0],"2":[0,0],"3":[0,0],"4":[0,0],"5":[0,0],"6":[0,0],"7":[0,0],"8":[0,0],"9":[0,0],"10":[0,0],"11":[0,0],"12":[0,0],"13":[0,0],"14":[0,0],"15":[0,0],"16":[0,0],"17":[0,0],"18":[0,0],"19":[0,0],"20":[0,0],"21":[0,0],"22":[0,0],"23":[0,0],"24":[0,0]},"f":{"1":0,"2":0,"3":0,"4":0,"5":0,"6":0,"7":0,"8":0,"9":0,"10":0},"fnMap":{"1":{"name":"constructor","line":78,"loc":{"start":{"line":78,"column":4},"end":{"line":80,"column":4}}},"2":{"name":"init","line":82,"loc":{"start":{"line":82,"column":4},"end":{"line":92,"column":4}}},"3":{"name":"operateAction","line":104,"loc":{"start":{"line":104,"column":4},"end":{"line":181,"column":4}}},"4":{"name":"withdrawTokens","line":198,"loc":{"start":{"line":192,"column":4},"end":{"line":205,"column":4}}},"5":{"name":"setPause","line":209,"loc":{"start":{"line":207,"column":4},"end":{"line":214,"column":4}}},"6":{"name":"openPosition","line":223,"loc":{"start":{"line":223,"column":4},"end":{"line":261,"column":4}}},"7":{"name":"borrow","line":270,"loc":{"start":{"line":270,"column":4},"end":{"line":373,"column":4}}},"8":{"name":"repay","line":383,"loc":{"start":{"line":383,"column":4},"end":{"line":473,"column":4}}},"9":{"name":"liquidate","line":482,"loc":{"start":{"line":482,"column":4},"end":{"line":607,"column":4}}},"10":{"name":"_settleLiquidation","line":609,"loc":{"start":{"line":609,"column":4},"end":{"line":668,"column":4}}}},"statementMap":{"1":{"start":{"line":79,"column":8},"end":{"line":79,"column":20}},"2":{"start":{"line":85,"column":8},"end":{"line":85,"column":2337}},"3":{"start":{"line":90,"column":8},"end":{"line":90,"column":30}},"4":{"start":{"line":91,"column":8},"end":{"line":91,"column":21}},"5":{"start":{"line":110,"column":8},"end":{"line":110,"column":3073}},"6":{"start":{"line":115,"column":8},"end":{"line":115,"column":48}},"7":{"start":{"line":117,"column":8},"end":{"line":117,"column":3256}},"8":{"start":{"line":123,"column":8},"end":{"line":123,"column":3388}},"9":{"start":{"line":124,"column":12},"end":{"line":124,"column":3439}},"10":{"start":{"line":129,"column":12},"end":{"line":129,"column":3580}},"11":{"start":{"line":134,"column":15},"end":{"line":134,"column":3744}},"12":{"start":{"line":135,"column":12},"end":{"line":135,"column":3797}},"13":{"start":{"line":140,"column":15},"end":{"line":140,"column":3944}},"14":{"start":{"line":141,"column":12},"end":{"line":141,"column":3996}},"15":{"start":{"line":146,"column":15},"end":{"line":146,"column":4142}},"16":{"start":{"line":147,"column":12},"end":{"line":147,"column":4198}},"17":{"start":{"line":152,"column":8},"end":{"line":152,"column":57}},"18":{"start":{"line":153,"column":8},"end":{"line":153,"column":64}},"19":{"start":{"line":155,"column":8},"end":{"line":155,"column":4410}},"20":{"start":{"line":160,"column":8},"end":{"line":160,"column":4594}},"21":{"start":{"line":165,"column":8},"end":{"line":165,"column":4803}},"22":{"start":{"line":171,"column":8},"end":{"line":171,"column":5032}},"23":{"start":{"line":176,"column":8},"end":{"line":176,"column":5200}},"24":{"start":{"line":200,"column":8},"end":{"line":200,"column":5921}},"25":{"start":{"line":211,"column":8},"end":{"line":211,"column":21}},"26":{"start":{"line":213,"column":8},"end":{"line":213,"column":38}},"27":{"start":{"line":237,"column":8},"end":{"line":237,"column":6781}},"28":{"start":{"line":249,"column":8},"end":{"line":249,"column":60}},"29":{"start":{"line":251,"column":8},"end":{"line":251,"column":7369}},"30":{"start":{"line":257,"column":8},"end":{"line":257,"column":7491}},"31":{"start":{"line":299,"column":8},"end":{"line":299,"column":72}},"32":{"start":{"line":301,"column":8},"end":{"line":301,"column":9186}},"33":{"start":{"line":306,"column":8},"end":{"line":306,"column":66}},"34":{"start":{"line":309,"column":8},"end":{"line":309,"column":9432}},"35":{"start":{"line":318,"column":8},"end":{"line":318,"column":50}},"36":{"start":{"line":321,"column":8},"end":{"line":321,"column":9761}},"37":{"start":{"line":323,"column":12},"end":{"line":323,"column":9849}},"38":{"start":{"line":330,"column":12},"end":{"line":330,"column":10063}},"39":{"start":{"line":331,"column":16},"end":{"line":331,"column":34}},"40":{"start":{"line":335,"column":12},"end":{"line":335,"column":10203}},"41":{"start":{"line":342,"column":12},"end":{"line":342,"column":10438}},"42":{"start":{"line":349,"column":12},"end":{"line":349,"column":10742}},"43":{"start":{"line":355,"column":8},"end":{"line":355,"column":62}},"44":{"start":{"line":356,"column":8},"end":{"line":356,"column":64}},"45":{"start":{"line":359,"column":8},"end":{"line":359,"column":11123}},"46":{"start":{"line":367,"column":8},"end":{"line":367,"column":11362}},"47":{"start":{"line":372,"column":8},"end":{"line":372,"column":23}},"48":{"start":{"line":406,"column":8},"end":{"line":406,"column":72}},"49":{"start":{"line":408,"column":8},"end":{"line":408,"column":66}},"50":{"start":{"line":410,"column":8},"end":{"line":410,"column":13002}},"51":{"start":{"line":417,"column":8},"end":{"line":417,"column":13281}},"52":{"start":{"line":425,"column":8},"end":{"line":425,"column":77}},"53":{"start":{"line":428,"column":8},"end":{"line":428,"column":13692}},"54":{"start":{"line":436,"column":8},"end":{"line":436,"column":14006}},"55":{"start":{"line":442,"column":8},"end":
[...]
:18,"column":6}}},"2":{"name":"mint","line":27,"loc":{"start":{"line":22,"column":4},"end":{"line":30,"column":4}}},"3":{"name":"burn","line":37,"loc":{"start":{"line":32,"column":4},"end":{"line":40,"column":4}}}},"statementMap":{"1":{"start":{"line":29,"column":8},"end":{"line":29,"column":23}},"2":{"start":{"line":39,"column":8},"end":{"line":39,"column":23}}},"branchMap":{}},"contracts/token/BaseERC20.sol":{"l":{"43":0,"44":0,"45":0,"56":0,"68":0,"89":0,"100":0,"113":0,"131":0,"132":0,"146":0,"163":0,"164":0,"187":0,"188":0,"194":0,"215":0,"224":0,"248":0,"253":0,"258":0,"260":0,"261":0,"279":0,"281":0,"282":0,"283":0,"303":0,"305":0,"306":0,"307":0,"330":0,"331":0,"333":0,"334":0},"path":"/Users/kermankohli/dev/arc-contracts/contracts/token/BaseERC20.sol","s":{"1":0,"2":0,"3":0,"4":0,"5":0,"6":0,"7":0,"8":0,"9":0,"10":0,"11":0,"12":0,"13":0,"14":0,"15":0,"16":0,"17":0,"18":0,"19":0,"20":0,"21":0,"22":0,"23":0,"24":0,"25":0,"26":0,"27":0,"28":0,"29":0,"30":0,"31":0,"32":0,"33":0,"34":0,"35":0},"b":{"1":[0,0],"2":[0,0],"3":[0,0],"4":[0,0],"5":[0,0],"6":[0,0]},"f":{"1":0,"2":0,"3":0,"4":0,"5":0,"6":0,"7":0,"8":0,"9":0,"10":0,"11":0,"12":0,"13":0,"14":0,"15":0},"fnMap":{"1":{"name":"constructor","line":41,"loc":{"start":{"line":36,"column":4},"end":{"line":46,"column":4}}},"2":{"name":"name","line":51,"loc":{"start":{"line":51,"column":4},"end":{"line":57,"column":4}}},"3":{"name":"symbol","line":63,"loc":{"start":{"line":63,"column":4},"end":{"line":69,"column":4}}},"4":{"name":"decimals","line":84,"loc":{"start":{"line":84,"column":4},"end":{"line":90,"column":4}}},"5":{"name":"totalSupply","line":95,"loc":{"start":{"line":95,"column":4},"end":{"line":101,"column":4}}},"6":{"name":"balanceOf","line":106,"loc":{"start":{"line":106,"column":4},"end":{"line":114,"column":4}}},"7":{"name":"transfer","line":124,"loc":{"start":{"line":124,"column":4},"end":{"line":133,"column":4}}},"8":{"name":"allowance","line":138,"loc":{"start":{"line":138,"column":4},"end":{"line":147,"column":4}}},"9":{"name":"approve","line":156,"loc":{"start":{"line":156,"column":4},"end":{"line":165,"column":4}}},"10":{"name":"transferFrom","line":179,"loc":{"start":{"line":179,"column":4},"end":{"line":195,"column":4}}},"11":{"name":"permit","line":204,"loc":{"start":{"line":204,"column":4},"end":{"line":225,"column":4}}},"12":{"name":"_transfer","line":241,"loc":{"start":{"line":241,"column":4},"end":{"line":262,"column":4}}},"13":{"name":"_mint","line":273,"loc":{"start":{"line":273,"column":4},"end":{"line":284,"column":4}}},"14":{"name":"_burn","line":297,"loc":{"start":{"line":297,"column":4},"end":{"line":308,"column":4}}},"15":{"name":"_approve","line":323,"loc":{"start":{"line":323,"column":4},"end":{"line":335,"column":4}}}},"statementMap":{"1":{"start":{"line":43,"column":8},"end":{"line":43,"column":19}},"2":{"start":{"line":44,"column":8},"end":{"line":44,"column":23}},"3":{"start":{"line":45,"column":8},"end":{"line":45,"column":21}},"4":{"start":{"line":56,"column":8},"end":{"line":56,"column":20}},"5":{"start":{"line":68,"column":8},"end":{"line":68,"column":22}},"6":{"start":{"line":89,"column":8},"end":{"line":89,"column":24}},"7":{"start":{"line":100,"column":8},"end":{"line":100,"column":27}},"8":{"start":{"line":113,"column":8},"end":{"line":113,"column":33}},"9":{"start":{"line":131,"column":8},"end":{"line":131,"column":47}},"10":{"start":{"line":132,"column":8},"end":{"line":132,"column":19}},"11":{"start":{"line":146,"column":8},"end":{"line":146,"column":42}},"12":{"start":{"line":163,"column":8},"end":{"line":163,"column":44}},"13":{"start":{"line":164,"column":8},"end":{"line":164,"column":19}},"14":{"start":{"line":187,"column":8},"end":{"line":187,"column":43}},"15":{"start":{"line":188,"column":8},"end":{"line":188,"column":4187}},"16":{"start":{"line":194,"column":8},"end":{"line":194,"column":19}},"17":{"start":{"line":215,"column":8},"end":{"line":215,"column":4824}},"18":{"start":{"line":224,"column":8},"end":{"line":224,"column":38}},"19":{"start":{"line":248,"column":8},"end":{"line":248,"column":5620}},"20":{"start":{"line":253,"column":8},"end":{"line":253,"column":5735}},"21":{"start":{"line":258,"column":8},"end":{"line":258,"column":56}},"22":{"start":{"line":260,"column":8},"end":{"line":260,"column":62}},"23":{"start":{"line":261,"column":8},"end":{"line":261,"column":48}},"24":{"start":{"line":279,"column":8},"end":{"line":279,"column":72}},"25":{"start":{"line":281,"column":8},"end":{"line":281,"column":46}},"26":{"start":{"line":282,"column":8},"end":{"line":282,"column":58}},"27":{"start":{"line":283,"column":8},"end":{"line":283,"column":50}},"28":{"start":{"line":303,"column":8},"end":{"line":303,"column":74}},"29":{"start":{"line":305,"column":8},"end":{"line":305,"column":58}},"30":{"start":{"line":306,"column":8},"end":{"line":306,"column":46}},"31":{"start":{"line":307,"column":8},"end":{"line":307,"column":50}},"32":{"start":{"line":330,"column":8},"end":{"line":330,"column":75}},"33":{"start":{"line":331,"column":8},"end":{"line":331,"column":75}},"34":{"start":{"line":333,"column":8},"end":{"line":333,"column":43}},"35":{"start":{"line":334,"column":8},"end":{"line":334,"column":45}}},"branchMap":{"1":{"line":248,"type":"if","locations":[{"start":{"line":248,"column":8},"end":{"line":248,"column":8}},{"start":{"line":248,"column":8},"end":{"line":248,"column":8}}]},"2":{"line":253,"type":"if","locations":[{"start":{"line":253,"column":8},"end":{"line":253,"column":8}},{"start":{"line":253,"column":8},"end":{"line":253,"column":8}}]},"3":{"line":279,"type":"if","locations":[{"start":{"line":279,"column":8},"end":{"line":279,"column":8}},{"start":{"line":279,"column":8},"end":{"line":279,"column":8}}]},"4":{"line":303,"type":"if","locations":[{"start":{"line":303,"column":8},"end":{"line":303,"column":8}},{"start":{"line":303,"column":8},"end":{"line":303,"column":8}}]},"5":{"line":330,"type":"if","locations":[{"start":{"line":330,"column":8},"end":{"line":330,"column":8}},{"start":{"line":330,"column":8},"end":{"line":330,"column":8}}]},"6":{"line":331,"type":"if","locations":[{"start":{"line":331,"column":8},"end":{"line":331,"column":8}},{"start":{"line":331,"column":8},"end":{"line":331,"column":8}}]}}},"contracts/token/BaseERC20Creator.sol":{"l":{"24":0,"25":0,"26":0},"path":"/Users/kermankohli/dev/arc-contracts/contracts/token/BaseERC20Creator.sol","s":{"1":0,"2":0,"3":0},"b":{},"f":{"1":0},"fnMap":{"1":{"name":"deploy","line":17,"loc":{"start":{"line":17,"column":4},"end":{"line":27,"column":4}}}},"statementMap":{"1":{"start":{"line":24,"column":8},"end":{"line":24,"column":53}},"2":{"start":{"line":25,"column":8},"end":{"line":25,"column":42}},"3":{"start":{"line":26,"column":8},"end":{"line":26,"column":29}}},"branchMap":{}},"contracts/token/IERC20.sol":{"l":{},"path":"/Users/kermankohli/dev/arc-contracts/contracts/token/IERC20.sol","s":{},"b":{},"f":{},"fnMap":{},"statementMap":{},"branchMap":{}},"contracts/token/IMintableToken.sol":{"l":{},"path":"/Users/kermankohli/dev/arc-contracts/contracts/token/IMintableToken.sol","s":{},"b":{},"f":{},"fnMap":{},"statementMap":{},"branchMap":{}},"contracts/token/ISyntheticToken.sol":{"l":{},"path":"/Users/kermankohli/dev/arc-contracts/contracts/token/ISyntheticToken.sol","s":{},"b":{},"f":{},"fnMap":{},"statementMap":{},"branchMap":{}},"contracts/token/KYFToken.sol":{"l":{"30":0,"31":0,"32":0,"33":0,"37":0,"49":0,"50":0,"51":0,"52":0,"53":0,"57":0,"58":0,"59":0,"60":0,"63":0,"64":0,"69":0,"70":0,"83":0,"95":0,"116":0,"127":0,"140":0,"141":0,"144":0,"161":0,"179":0,"193":0,"216":0},"path":"/Users/kermankohli/dev/arc-contracts/contracts/token/KYFToken.sol","s":{"1":0,"2":0,"3":0,"4":0,"5":0,"6":0,"7":0,"8":0,"9":0,"10":0,"11":0,"12":0,"13":0,"14":0,"15":0,"16":0,"17":0,"18":0,"19":0,"20":0,"21":0,"22":0,"23":0,"24":0,"25":0},"b":{"1":[0,0],"2":[0,0],"3":[0,0],"4":[0,0]},"f":{"1":0,"2":0,"3":0,"4":0,"5":0,"6":0,"7":0,"8":0,"9":0,"10":0,"11":0},"fnMap":{"1":{"name":"isVerified","line":23,"loc":{"start":{"line":23,"column":4},"end":{"line":38,"column":4}}},"2":{"name":"setApprovedKYFInstance","line":47,"loc":{"start":{"line":42,"column":4},"end":{"line":71,"column":4}}},"3":{"name":"name","line":78,"loc":{"start":{"line":78,"column":4},"end":{"line":84,"column":4}}},"4":{"name":"symbol","line":90,"loc":{"start":{"line":90,"column":4},"end":{"line":96,"column":4}}},"5":{"name":"decimals","line":111,"loc":{"start":{"line":111,"column":4},"end":{"line":117,"column":4}}},"6":{"name":"totalSupply","line":122,"loc":{"start":{"line":122,"column":4},"end":{"line":128,"column":4}}},"7":{"name":"balanceOf","line":133,"loc":{"start":{"line":133,"column":4},"end":{"line":145,"column":4}}},"8":{"name":"approve","line":154,"loc":{"start":{"line":154,"column":4},"end":{"line":162,"column":4}}},"9":{"name":"transfer","line":172,"loc":{"start":{"line":172,"column":4},"end":{"line":180,"column":4}}},"10":{"name":"allowance","line":185,"loc":{"start":{"line":185,"column":4},"end":{"line":194,"column":4}}},"11":{"name":"transferFrom","line":208,"loc":{"start":{"line":208,"column":4},"end":{"line":217,"column":4}}}},"statementMap":{"1":{"start":{"line":30,"column":8},"end":{"line":30,"column":594}},"2":{"start":{"line":31,"column":12},"end":{"line":31,"column":61}},"3":{"start":{"line":32,"column":12},"end":{"line":32,"column":730}},"4":{"start":{"line":33,"column":16},"end":{"line":33,"column":27}},"5":{"start":{"line":37,"column":8},"end":{"line":37,"column":20}},"6":{"start":{"line":49,"column":8},"end":{"line":49,"column":1047}},"7":{"start":{"line":50,"column":12},"end":{"line":50,"column":47}},"8":{"start":{"line":51,"column":12},"end":{"line":51,"column":44}},"9":{"start":{"line":52,"column":12},"end":{"line":52,"column":53}},"10":{"start":{"line":53,"column":12},"end":{"line":53,"column":18}},"11":{"start":{"line":57,"column":8},"end":{"line":57,"column":1329}},"12":{"start":{"line":58,"column":12},"end":{"line":58,"column":1399}},"13":{"start":{"line":60,"column":16},"end":{"line":60,"column":85}},"14":{"start":{"line":70,"column":8},"end":{"line":70,"column":50}},"15":{"start":{"line":83,"column":8},"end":{"line":83,"column":30}},"16":{"start":{"line":95,"column":8},"end":{"line":95,"column":23}},"17":{"start":{"line":116,"column":8},"end":{"line":116,"column":16}},"18":{"start":{"line":127,"column":8},"end":{"line":127,"column":39}},"19":{"start":{"line":140,"column":8},"end":{"line":140,"column":3430}},"20":{"start":{"line":141,"column":12},"end":{"line":141,"column":20}},"21":{"start":{"line":144,"column":8},"end":{"line":144,"column":16}},"22":{"start":{"line":161,"column":8},"end":{"line":161,"column":20}},"23":{"start":{"line":179,"column":8},"end":{"line":179,"column":20}},"24":{"start":{"line":193,"column":8},"end":{"line":193,"column":16}},"25":{"start":{"line":216,"column":8},"end":{"line":216,"column":20}}},"branchMap":{"1":{"line":32,"type":"if","locations":[{"start":{"line":32,"column":12},"end":{"line":32,"column":12}},{"start":{"line":32,"column":12},"end":{"line":32,"column":12}}]},"2":{"line":49,"type":"if","locations":[{"start":{"line":49,"column":8},"end":{"line":49,"column":8}},{"start":{"line":49,"column":8},"end":{"line":49,"column":8}}]},"3":{"line":58,"type":"if","locations":[{"start":{"line":58,"column":12},"end":{"line":58,"column":12}},{"start":{"line":58,"column":12},"end":{"line":58,"column":12}}]},"4":{"line":140,"type":"if","locations":[{"start":{"line":140,"column":8},"end":{"line":140,"column":8}},{"start":{"line":140,"column":8},"end":{"line":140,"column":8}}]}}},"contracts/token/Permittable.sol":{"l":{"27":0,"40":0,"42":0,"46":0,"76":0,"81":0,"86":0,"91":0,"107":0,"114":0},"path":"/Users/kermankohli/dev/arc-contracts/contracts/token/Permittable.sol","s":{"1":0,"2":0,"3":0,"4":0,"5":0,"6":0,"7":0,"8":0,"9":0},"b":{"1":[0,0],"2":[0,0],"3":[0,0],"4":[0,0]},"f":{"1":0,"2":0,"3":0},"fnMap":{"1":{"name":"constructor","line":21,"loc":{"start":{"line":21,"column":4},"end":{"line":28,"column":4}}},"2":{"name":"initDomainSeparator","line":33,"loc":{"start":{"line":33,"column":4},"end":{"line":55,"column":4}}},"3":{"name":"_permit","line":64,"loc":{"start":{"line":64,"column":4},"end":{"line":119,"column":4}}}},"statementMap":{"1":{"start":{"line":27,"column":8},"end":{"line":27,"column":60}},"2":{"start":{"line":40,"column":8},"end":{"line":40,"column":23}},"3":{"start":{"line":46,"column":8},"end":{"line":46,"column":1144}},"4":{"start":{"line":76,"column":8},"end":{"line":76,"column":1959}},"5":{"start":{"line":81,"column":8},"end":{"line":81,"column":2088}},"6":{"start":{"line":86,"column":8},"end":{"line":86,"column":2201}},"7":{"start":{"line":91,"column":8},"end":{"line":91,"column":2320}},"8":{"start":{"line":107,"column":8},"end":{"line":107,"column":2743}},"9":{"start":{"line":114,"column":8},"end":{"line":114,"column":2864}}},"branchMap":{"1":{"line":76,"type":"if","locations":[{"start":{"line":76,"column":8},"end":{"line":76,"column":8}},{"start":{"line":76,"column":8},"end":{"line":76,"column":8}}]},"2":{"line":81,"type":"if","locations":[{"start":{"line":81,"column":8},"end":{"line":81,"column":8}},{"start":{"line":81,"column":8},"end":{"line":81,"column":8}}]},"3":{"line":86,"type":"if","locations":[{"start":{"line":86,"column":8},"end":{"line":86,"column":8}},{"start":{"line":86,"column":8},"end":{"line":86,"column":8}}]},"4":{"line":114,"type":"if","locations":[{"start":{"line":114,"column":8},"end":{"line":114,"column":8}},{"start":{"line":114,"column":8},"end":{"line":114,"column":8}}]}}},"contracts/token/SkillsetToken.sol":{"l":{"26":0,"30":0,"50":0,"60":0,"71":0,"76":0,"77":0,"79":0,"88":0,"95":0,"96":0,"97":0,"102":0,"105":0,"107":0,"112":0,"114":0,"126":0,"136":0},"path":"/Users/kermankohli/dev/arc-contracts/contracts/token/SkillsetToken.sol","s":{"1":0,"2":0,"3":0,"4":0,"5":0,"6":0,"7":0,"8":0,"9":0,"10":0,"11":0,"12":0,"13":0,"14":0},"b":{"1":[0,0],"2":[0,0],"3":[0,0],"4":[0,0]},"f":{"1":0,"2":0,"3":0,"4":0,"5":0,"6":0,"7":0,"8":0},"fnMap":{"1":{"name":"onlyMinter","line":25,"loc":{"start":{"line":25,"column":4},"end":{"line":31,"column":4}}},"2":{"name":"constructor","line":40,"loc":{"start":{"line":35,"column":4},"end":{"line":41,"column":6}}},"3":{"name":"getAllMinters","line":45,"loc":{"start":{"line":45,"column":4},"end":{"line":51,"column":4}}},"4":{"name":"isValidMinter","line":53,"loc":{"start":{"line":53,"column":4},"end":{"line":61,"column":4}}},"5":{"name":"addMinter","line":69,"loc":{"start":{"line":65,"column":4},"end":{"line":80,"column":4}}},"6":{"name":"removeMinter","line":86,"loc":{"start":{"line":82,"column":4},"end":{"line":115,"column":4}}},"7":{"name":"mint","line":124,"loc":{"start":{"line":119,"column":4},"end":{"line":127,"column":4}}},"8":{"name":"burn","line":134,"loc":{"start":{"line":129,"column":4},"end":{"line":137,"column":4}}}},"statementMap":{"1":{"start":{"line":26,"column":8},"end":{"line":26,"column":567}},"2":{"start":{"line":50,"column":8},"end":{"line":50,"column":27}},"3":{"start":{"line":60,"column":8},"end":{"line":60,"column":31}},"4":{"start":{"line":71,"column":8},"end":{"line":71,"column":1374}},"5":{"start":{"line":76,"column":8},"end":{"line":76,"column":33}},"6":{"start":{"line":77,"column":8},"end":{"line":77,"column":30}},"7":{"start":{"line":79,"column":8},"end":{"line":79,"column":33}},"8":{"start":{"line":88,"column":8},"end":{"line":88,"column":1687}},"9":{"start":{"line":95,"column":8},"end":{"line":95,"column":1851}},"10":{"start":{"line":96,"column":12},"end":{"line":96,"column":1916}},"11":{"start":{"line":102,"column":16},"end":{"line":102,"column":70}},"12":{"start":{"line":114,"column":8},"end":{"line":114,"column":35}},"13":{"start":{"line":126,"column":8},"end":{"line":126,"column":23}},"14":{"start":{"line":136,"column":8},"end":{"line":136,"column":23}}},"branchMap":{"1":{"line":26,"type":"if","locations":[{"start":{"line":26,"column":8},"end":{"line":26,"column":8}},{"start":{"line":26,"column":8},"end":{"line":26,"column":8}}]},"2":{"line":71,"type":"if","locations":[{"start":{"line":71,"column":8},"end":{"line":71,"column":8}},{"start":{"line":71,"column":8},"end":{"line":71,"column":8}}]},"3":{"line":88,"type":"if","locations":[{"start":{"line":88,"column":8},"end":{"line":88,"column":8}},{"start":{"line":88,"column":8},"end":{"line":88,"column":8}}]},"4":{"line":96,"type":"if","locations":[{"start":{"line":96,"column":12},"end":{"line":96,"column":12}},{"start":{"line":96,"column":12},"end":{"line":96,"column":12}}]}}},"contracts/token/StaticSyntheticToken.sol":{"l":{"30":0,"34":0,"46":0,"58":0,"68":0,"77":0,"88":0,"93":0,"94":0,"96":0,"105":0,"112":0,"113":0,"114":0,"119":0,"122":0,"124":0,"129":0,"131":0,"143":0,"153":0,"165":0},"path":"/Users/kermankohli/dev/arc-contracts/contracts/token/StaticSyntheticToken.sol","s":{"1":0,"2":0,"3":0,"4":0,"5":0,"6":0,"7":0,"8":0,"9":0,"10":0,"11":0,"12":0,"13":0,"14":0,"15":0,"16":0,"17":0},"b":{"1":[0,0],"2":[0,0],"3":[0,0],"4":[0,0]},"f":{"1":0,"2":0,"3":0,"4":0,"5":0,"6":0,"7":0,"8":0,"9":0,"10":0},"fnMap":{"1":{"name":"onlyMinter","line":29,"loc":{"start":{"line":29,"column":4},"end":{"line":35,"column":4}}},"2":{"name":"constructor","line":44,"loc":{"start":{"line":39,"column":4},"end":{"line":49,"column":4}}},"3":{"name":"getAllMinters","line":53,"loc":{"start":{"line":53,"column":4},"end":{"line":59,"column":4}}},"4":{"name":"isValidMinter","line":61,"loc":{"start":{"line":61,"column":4},"end":{"line":69,"column":4}}},"5":{"name":"symbolKey","line":72,"loc":{"start":{"line":72,"column":4},"end":{"line":78,"column":4}}},"6":{"name":"addMinter","line":86,"loc":{"start":{"line":82,"column":4},"end":{"line":97,"column":4}}},"7":{"name":"removeMinter","line":103,"loc":{"start":{"line":99,"column":4},"end":{"line":132,"column":4}}},"8":{"name":"mint","line":141,"loc":{"start":{"line":136,"column":4},"end":{"line":144,"column":4}}},"9":{"name":"burn","line":151,"loc":{"start":{"line":146,"column":4},"end":{"line":154,"column":4}}},"10":{"name":"transferCollateral","line":162,"loc":{"start":{"line":156,"column":4},"end":{"line":169,"column":4}}}},"statementMap":{"1":{"start":{"line":30,"column":8},"end":{"line":30,"column":630}},"2":{"start":{"line":46,"column":8},"end":{"line":46,"column":954}},"3":{"start":{"line":58,"column":8},"end":{"line":58,"column":27}},"4":{"start":{"line":68,"column":8},"end":{"line":68,"column":31}},"5":{"start":{"line":77,"column":8},"end":{"line":77,"column":25}},"6":{"start":{"line":88,"column":8},"end":{"line":88,"column":1644}},"7":{"start":{"line":93,"column":8},"end":{"line":93,"column":33}},"8":{"start":{"line":94,"column":8},"end":{"line":94,"column":30}},"9":{"start":{"line":96,"column":8},"end":{"line":96,"column":33}},"10":{"start":{"line":105,"column":8},"end":{"line":105,"column":1957}},"11":{"start":{"line":112,"column":8},"end":{"line":112,"column":2121}},"12":{"start":{"line":113,"column":12},"end":{"line":113,"column":2186}},"13":{"start":{"line":119,"column":16},"end":{"line":119,"column":70}},"14":{"start":{"line":131,"column":8},"end":{"line":131,"column":35}},"15":{"start":{"line":143,"column":8},"end":{"line":143,"column":23}},"16":{"start":{"line":153,"column":8},"end":{"line":153,"column":23}},"17":{"start":{"line":165,"column":8},"end":{"line":165,"column":3370}}},"branchMap":{"1":{"line":30,"type":"if","locations":[{"start":{"line":30,"column":8},"end":{"line":30,"column":8}},{"start":{"line":30,"column":8},"end":{"line":30,"column":8}}]},"2":{"line":88,"type":"if","locations":[{"start":{"line":88,"column":8},"end":{"line":88,"column":8}},{"start":{"line":88,"column":8},"end":{"line":88,"column":8}}]},"3":{"line":105,"type":"if","locations":[{"start":{"line":105,"column":8},"end":{"line":105,"column":8}},{"start":{"line":105,"column":8},"end":{"line":105,"column":8}}]},"4":{"line":113,"type":"if","locations":[{"start":{"line":113,"column":12},"end":{"line":113,"column":12}},{"start":{"line":113,"column":12},"end":{"line":113,"column":12}}]}}}}