{"contracts/debt/mozart/IMozartV1.sol":{"l":{},"path":"/Users/kermankohli/dev/arc-contracts/contracts/debt/mozart/IMozartV1.sol","s":{},"b":{},"f":{},"fnMap":{},"statementMap":{},"branchMap":{}},"contracts/debt/mozart/MozartStorage.sol":{"l":{},"path":"/Users/kermankohli/dev/arc-contracts/contracts/debt/mozart/MozartStorage.sol","s":{},"b":{},"f":{},"fnMap":{},"statementMap":{},"branchMap":{}},"contracts/debt/mozart/MozartTypes.sol":{"l":{},"path":"/Users/kermankohli/dev/arc-contracts/contracts/debt/mozart/MozartTypes.sol","s":{},"b":{},"f":{},"fnMap":{},"statementMap":{},"branchMap":{}},"contracts/debt/mozart/MozartV1.sol":{"l":{"118":208,"120":208,"126":204,"134":30,"163":31,"168":31,"169":31,"170":31,"172":31,"173":31,"175":31,"176":30,"177":30,"179":30,"205":31,"210":30,"215":30,"216":30,"232":33,"233":33,"249":154,"255":153,"256":99,"275":60,"276":60,"278":60,"301":9,"302":9,"304":9,"323":36,"325":36,"343":39,"345":39,"365":16,"367":16,"372":15,"374":15,"395":247,"400":246,"404":246,"406":246,"407":121,"412":118,"417":48,"423":39,"429":33,"433":5,"438":0,"443":223,"449":223,"455":222,"458":222,"460":222,"476":285,"481":246,"487":39,"492":39,"496":39,"499":39,"521":3,"532":6,"534":6,"558":121,"568":121,"569":121,"570":121,"572":121,"578":118,"622":167,"624":167,"626":167,"638":167,"640":154,"648":154,"654":154,"660":154,"666":158,"667":158,"670":158,"677":158,"682":158,"718":37,"720":37,"722":37,"725":37,"733":37,"739":37,"747":37,"753":36,"763":36,"764":36,"766":36,"772":36,"778":36,"783":36,"818":33,"820":33,"826":33,"832":27,"835":27,"842":27,"858":27,"874":27,"875":9,"881":9,"887":27,"893":27,"905":27,"910":27,"915":27,"921":27,"931":27,"932":27,"934":27,"942":27,"947":27,"953":27,"959":27,"965":27,"971":27,"991":230,"993":230,"994":44,"997":186,"1000":186,"1003":186,"1006":186,"1009":186,"1012":186,"1013":18,"1016":186,"1033":218,"1034":218,"1036":218,"1037":10,"1040":208,"1043":208,"1046":208,"1049":208,"1052":208,"1055":208,"1056":12,"1059":208,"1076":5,"1078":5,"1083":3,"1085":3,"1097":29,"1105":0,"1113":10,"1121":10,"1129":11,"1137":2,"1145":9,"1153":4,"1164":4,"1175":2,"1183":4,"1194":3,"1208":17,"1218":38,"1228":0,"1243":263,"1244":12,"1247":251,"1249":251,"1255":251,"1256":145,"1259":251,"1277":474,"1282":474,"1287":474,"1311":320,"1312":320,"1314":320,"1321":320,"1323":320,"1337":27,"1338":27,"1340":27,"1345":27,"1350":27},"path":"/Users/kermankohli/dev/arc-contracts/contracts/debt/mozart/MozartV1.sol","s":{"1":208,"2":208,"3":30,"4":31,"5":31,"6":31,"7":31,"8":31,"9":31,"10":31,"11":30,"12":30,"13":30,"14":31,"15":30,"16":30,"17":30,"18":33,"19":33,"20":154,"21":153,"22":99,"23":60,"24":60,"25":60,"26":9,"27":9,"28":9,"29":36,"30":36,"31":39,"32":39,"33":16,"34":16,"35":15,"36":15,"37":247,"38":246,"39":246,"40":246,"41":121,"42":118,"43":125,"44":48,"45":77,"46":39,"47":38,"48":33,"49":5,"50":5,"51":0,"52":223,"53":223,"54":222,"55":222,"56":222,"57":285,"58":246,"59":39,"60":39,"61":39,"62":39,"63":3,"64":6,"65":6,"66":121,"67":121,"68":121,"69":121,"70":121,"71":118,"72":167,"73":167,"74":167,"75":167,"76":154,"77":154,"78":154,"79":154,"80":158,"81":158,"82":158,"83":158,"84":158,"85":37,"86":37,"87":37,"88":37,"89":37,"90":37,"91":37,"92":36,"93":36,"94":36,"95":36,"96":36,"97":36,"98":36,"99":33,"100":33,"101":33,"102":27,"103":27,"104":27,"105":27,"106":27,"107":9,"108":9,"109":27,"110":27,"111":27,"112":27,"113":27,"114":27,"115":27,"116":27,"117":27,"118":27,"119":27,"120":27,"121":27,"122":27,"123":27,"124":230,"125":230,"126":44,"127":186,"128":186,"129":186,"130":186,"131":186,"132":186,"133":18,"134":186,"135":218,"136":218,"137":218,"138":10,"139":208,"140":208,"141":208,"142":208,"143":208,"144":208,"145":12,"146":208,"147":5,"148":5,"149":3,"150":3,"151":29,"152":0,"153":10,"154":10,"155":11,"156":2,"157":9,"158":4,"159":4,"160":2,"161":4,"162":3,"163":17,"164":38,"165":0,"166":263,"167":12,"168":251,"169":251,"170":251,"171":145,"172":251,"173":474,"174":474,"175":474,"176":320,"177":320,"178":320,"179":320,"180":320,"181":27,"182":27,"183":27,"184":27,"185":27},"b":{"1":[204,4],"2":[31,0],"3":[30,1],"4":[30,0],"5":[153,1],"6":[15,1],"7":[246,1],"8":[121,125],"9":[117,1],"10":[48,77],"11":[39,38],"12":[33,5],"13":[5,0],"14":[223,0],"15":[222,1],"16":[246,39],"17":[154,13],"18":[145,9],"19":[36,1],"20":[36,0],"21":[33,0],"22":[27,6],"23":[9,18],"24":[27,0],"25":[27,0],"26":[27,0],"27":[44,186],"28":[18,168],"29":[10,208],"30":[12,196],"31":[3,2],"32":[12,251],"33":[145,106]},"f":{"1":208,"2":30,"3":31,"4":31,"5":33,"6":154,"7":60,"8":9,"9":36,"10":39,"11":16,"12":247,"13":285,"14":3,"15":6,"16":121,"17":167,"18":37,"19":33,"20":27,"21":230,"22":218,"23":5,"24":29,"25":0,"26":10,"27":10,"28":11,"29":2,"30":9,"31":4,"32":4,"33":2,"34":4,"35":3,"36":17,"37":38,"38":0,"39":263,"40":474,"41":320,"42":27},"fnMap":{"1":{"name":"isAuthorized","line":117,"loc":{"start":{"line":117,"column":4},"end":{"line":127,"column":4}}},"2":{"name":"constructor","line":131,"loc":{"start":{"line":131,"column":4},"end":{"line":135,"column":4}}},"3":{"name":"init","line":151,"loc":{"start":{"line":151,"column":4},"end":{"line":183,"column":4}}},"4":{"name":"setInterestRate","line":200,"loc":{"start":{"line":200,"column":4},"end":{"line":217,"column":4}}},"5":{"name":"setOracle","line":230,"loc":{"start":{"line":226,"column":4},"end":{"line":234,"column":4}}},"6":{"name":"setCollateralRatio","line":247,"loc":{"start":{"line":243,"column":4},"end":{"line":257,"column":4}}},"7":{"name":"setFees","line":273,"loc":{"start":{"line":268,"column":4},"end":{"line":282,"column":4}}},"8":{"name":"setLimits","line":299,"loc":{"start":{"line":294,"column":4},"end":{"line":308,"column":4}}},"9":{"name":"setInterestSetter","line":321,"loc":{"start":{"line":317,"column":4},"end":{"line":326,"column":4}}},"10":{"name":"setGlobalOperatorStatus","line":341,"loc":{"start":{"line":336,"column":4},"end":{"line":346,"column":4}}},"11":{"name":"setPositionOperatorStatus","line":358,"loc":{"start":{"line":358,"column":4},"end":{"line":379,"column":4}}},"12":{"name":"operateAction","line":389,"loc":{"start":{"line":389,"column":4},"end":{"line":465,"column":4}}},"13":{"name":"updateIndex","line":473,"loc":{"start":{"line":473,"column":4},"end":{"line":500,"column":4}}},"14":{"name":"withdrawTokens","line":519,"loc":{"start":{"line":513,"column":4},"end":{"line":526,"column":4}}},"15":{"name":"setPause","line":530,"loc":{"start":{"line":528,"column":4},"end":{"line":535,"column":4}}},"16":{"name":"openPosition","line":544,"loc":{"start":{"line":544,"column":4},"end":{"line":582,"column":4}}},"17":{"name":"borrow","line":597,"loc":{"start":{"line":591,"column":4},"end":{"line":683,"column":4}}},"18":{"name":"repay","line":699,"loc":{"start":{"line":693,"column":4},"end":{"line":784,"column":4}}},"19":{"name":"liquidate","line":793,"loc":{"start":{"line":793,"column":4},"end":{"line":922,"column":4}}},"20":{"name":"_settleLiquidation","line":924,"loc":{"start":{"line":924,"column":4},"end":{"line":975,"column":4}}},"21":{"name":"setCollateralAmount","line":984,"loc":{"start":{"line":984,"column":4},"end":{"line":1017,"column":4}}},"22":{"name":"setBorrowAmount","line":1026,"loc":{"start":{"line":1026,"column":4},"end":{"line":1060,"column":4}}},"23":{"name":"transferOwnership","line":1069,"loc":{"start":{"line":1069,"column":4},"end":{"line":1086,"column":4}}},"24":{"name":"getPosition","line":1090,"loc":{"start":{"line":1090,"column":4},"end":{"line":1098,"column":4}}},"25":{"name":"getCurrentPrice","line":1100,"loc":{"start":{"line":1100,"column":4},"end":{"line":1106,"column":4}}},"26":{"name":"getSyntheticAsset","line":1108,"loc":{"start":{"line":1108,"column":4},"end":{"line":1114,"column":4}}},"27":{"name":"getCollateralAsset","line":1116,"loc":{"start":{"line":1116,"column":4},"end":{"line":1122,"column":4}}},"28":{"name":"getCurrentOracle","line":1124,"loc":{"start":{"line":1124,"column":4},"end":{"line":1130,"column":4}}},"29":{"name":"getInterestSetter","line":1132,"loc":{"start":{"line":1132,"column":4},"end":{"line":1138,"column":4}}},"30":{"name":"getBorrowIndex","line":1140,"loc":{"start":{"line":1140,"column":4},"end":{"line":1146,"column":4}}},"31":{"name":"getCollateralRatio","line":1148,"loc":{"start":{"line":1148,"column":4},"end":{"line":1154,"column":4}}},"32":{"name":"getTotals","line":1156,"loc":{"start":{"line":1156,"column":4},"end":{"line":1168,"column":4}}},"33":{"name":"getLimits","line":1170,"loc":{"start":{"line":1170,"column":4},"end":{"line":1176,"column":4}}},"34":{"name":"getInterestRate","line":1178,"loc":{"start":{"line":1178,"column":4},"end":{"line":1184,"column":4}}},"35":{"name":"getFees","line":1186,"loc":{"start":{"line":1186,"column":4},"end":{"line":1198,"column":4}}},"36":{"name":"isPositionOperator","line":1200,"loc":{"start":{"line":1200,"column":4},"end":{"line":1209,"column":4}}},"37":{"name":"isGlobalOperator","line":1211,"loc":{"start":{"line":1211,"column":4},"end":{"line":1219,"column":4}}},"38":{"name":"currentTimestamp","line":1223,"loc":{"start":{"line":1223,"column":4},"end":{"line":1229,"column":4}}},"39":{"name":"isCollateralized","line":1236,"loc":{"start":{"line":1236,"column":4},"end":{"line":1260,"column":4}}},"40":{"name":"calculateCollateralRequired","line":1268,"loc":{"start":{"line":1268,"column":4},"end":{"line":1291,"column":4}}},"41":{"name":"calculateCollateralDelta","line":1302,"loc":{"start":{"line":1302,"column":4},"end":{"line":1324,"column":4}}},"42":{"name":"calculateLiquidationPrice","line":1332,"loc":{"start":{"line":1332,"column":4},"end":{"line":1351,"column":4}}}},"statementMap":{"1":{"start":{"line":118,"column":8},"end":{"line":118,"column":69}},"2":{"start":{"line":120,"column":8},"end":{"line":120,"column":3252}},"3":{"start":{"line":134,"column":8},"end":{"line":134,"column":20}},"4":{"start":{"line":163,"column":8},"end":{"line":163,"column":4805}},"5":{"start":{"line":168,"column":8},"end":{"line":168,"column":66}},"6":{"start":{"line":169,"column":8},"end":{"line":169,"column":43}},"7":{"start":{"line":170,"column":8},"end":{"line":170,"column":41}},"8":{"start":{"line":172,"column":8},"end":{"line":172,"column":36}},"9":{"start":{"line":173,"column":8},"end":{"line":173,"column":43}},"10":{"start":{"line":175,"column":8},"end":{"line":175,"column":32}},"11":{"start":{"line":176,"column":8},"end":{"line":176,"column":43}},"12":{"start":{"line":177,"column":8},"end":{"line":177,"column":41}},"13":{"start":{"line":179,"column":8},"end":{"line":179,"column":5295}},"14":{"start":{"line":205,"column":8},"end":{"line":205,"column":6176}},"15":{"start":{"line":210,"column":8},"end":{"line":210,"column":6304}},"16":{"start":{"line":215,"column":8},"end":{"line":215,"column":27}},"17":{"start":{"line":216,"column":8},"end":{"line":216,"column":31}},"18":{"start":{"line":232,"column":8},"end":{"line":232,"column":32}},"19":{"start":{"line":233,"column":8},"end":{"line":233,"column":35}},"20":{"start":{"line":249,"column":8},"end":{"line":249,"column":7260}},"21":{"start":{"line":255,"column":8},"end":{"line":255,"column":41}},"22":{"start":{"line":256,"column":8},"end":{"line":256,"column":53}},"23":{"start":{"line":275,"column":8},"end":{"line":275,"column":47}},"24":{"start":{"line":276,"column":8},"end":{"line":276,"column":49}},"25":{"start":{"line":278,"column":8},"end":{"line":278,"column":8244}},"26":{"start":{"line":301,"column":8},"end":{"line":301,"column":41}},"27":{"start":{"line":302,"column":8},"end":{"line":302,"column":61}},"28":{"start":{"line":304,"column":8},"end":{"line":304,"column":9098}},"29":{"start":{"line":323,"column":8},"end":{"line":323,"column":31}},"30":{"start":{"line":325,"column":8},"end":{"line":325,"column":43}},"31":{"start":{"line":343,"column":8},"end":{"line":343,"column":43}},"32":{"start":{"line":345,"column":8},"end":{"line":345,"column":50}},"33":{"start":{"line":365,"column":8},"end":{"line":365,"column":69}},"34":{"start":{"line":367,"column":8},"end":{"line":367,"column":10775}},"35":{"start":{"line":372,"column":8},"end":{"line":372,"column":58}},"36":{"start":{"line":374,"column":8},"end":{"line":374,"column":11017}},"37":{"start":{"line":395,"column":8},"end":{"line":395,"column":11638}},"38":{"start":{"line":400,"column":8},"end":{"line":400,"column":52}},"39":{"start":{"line":404,"column":8},"end":{"line":404,"column":20}},"40":{"start":{"line":406,"column":8},"end":{"line":406,"column":11975}},"41":{"start":{"line":407,"column":12},"end":{"line":407,"column":12026}},"42":{"start":{"line":412,"column":12},"end":{"line":412,"column":12167}},"43":{"start":{"line":416,"column":15},"end":{"line":416,"column":12338}},"44":{"start":{"line":417,"column":12},"end":{"line":417,"column":12391}},"45":{"start":{"line":422,"column":15},"end":{"line":422,"column":12538}},"46":{"start":{"line":423,"column":12},"end":{"line":423,"column":12590}},"47":{"start":{"line":428,"column":15},"end":{"line":428,"column":12736}},"48":{"start":{"line":429,"column":12},"end":{"line":429,"column":12792}},"49":{"start":{"line":432,"column":15},"end":{"line":432,"column":12874}},"50":{"start":{"line":433,"column":12},"end":{"line":433,"column":12938}},"51":{"start":{"line":438,"column":12},"end":{"line":438,"column":52}},"52":{"start":{"line":443,"column":8},"end":{"line":443,"column":13308}},"53":{"start":{"line":449,"column":8},"end":{"line":449,"column":13591}},"54":{"start":{"line":455,"column":8},"end":{"line":455,"column":61}},"55":{"start":{"line":458,"column":8},"end":{"line":458,"column":60}},"56":{"start":{"line":460,"column":8},"end":{"line":460,"column":14101}},"57":{"start":{"line":476,"column":8},"end":{"line":476,"column":14590}},"58":{"start":{"line":481,"column":12},"end":{"line":481,"column":18}},"59":{"start":{"line":487,"column":8},"end":{"line":487,"column":95}},"60":{"start":{"line":492,"column":8},"end":{"line":492,"column":57}},"61":{"start":{"line":496,"column":8},"end":{"line":496,"column":63}},"62":{"start":{"line":499,"column":8},"end":{"line":499,"column":43}},"63":{"start":{"line":521,"column":8},"end":{"line":521,"column":16313}},"64":{"start":{"line":532,"column":8},"end":{"line":532,"column":21}},"65":{"start":{"line":534,"column":8},"end":{"line":534,"column":38}},"66":{"start":{"line":558,"column":8},"end":{"line":558,"column":17168}},"67":{"start":{"line":568,"column":8},"end":{"line":568,"column":42}},"68":{"start":{"line":569,"column":8},"end":{"line":569,"column":45}},"69":{"start":{"line":570,"column":8},"end":{"line":570,"column":43}},"70":{"start":{"line":572,"column":8},"end":{"line":572,"column":17709}},"71":{"start":{"line":578,"column":8},"end":{"line":578,"column":17831}},"72":{"start":{"line":622,"column":8},"end":{"line":622,"column":69}},"73":{"start":{"line":624,"column":8},"end":{"line":624,"column":69}},"74":{"start":{"line":626,"column":8},"end":{"line":626,"column":19802}},"75":{"start":{"line":638,"column":8},"end":{"line":638,"column":20254}},"76":{"start":{"line":640,"column":12},"end":{"line":640,"column":20382}},"77":{"start":{"line":648,"column":12},"end":{"line":648,"column":20725}},"78":{"start":{"line":654,"column":12},"end":{"line":654,"column":20961}},"79":{"start":{"line":660,"column":12},"end":{"line":660,"column":21252}},"80":{"start":{"line":666,"column":8},"end":{"line":666,"column":54}},"81":{"start":{"line":667,"column":8},"end":{"line":667,"column":56}},"82":{"start":{"line":670,"column":8},"end":{"line":670,"column":21617}},"83":{"start":{"line":677,"column":8},"end":{"line":677,"column":21784}},"84":{"start":{"line":682,"column":8},"end":{"line":682,"column":23}},"85":{"start":{"line":718,"column":8},"end":{"line":718,"column":69}},"86":{"start":{"line":720,"column":8},"end":{"line":720,"column":69}},"87":{"start":{"line":722,"column":8},"end":{"line":722,"column":74}},"88":{"start":{"line":725,"column":8},"end":{"line":725,"column":23783}},"89":{"start":{"line":733,"column":8},"end":{"line":733,"column":24086}},"90":{"start":{"line":739,"column":8},"end":{"line":739,"column":24309}},"91":{"start":{"line":747,"column":8},"end":{"line":747,"column":24691}},"92":{"start":{"line":753,"column":8},"end":{"line":753,"column":24955}},"93":{"start":{"line":763,"column":8},"end":{"line":763,"column":67}},"94":{"start":{"line":764,"column":8},"end":{"line":764,"column":56}},"95":{"start":{"line":766,"column":8},"end":{"line":766,"column":25351}},"96":{"start":{"line":772,"column":8},"end":{"line":772,"column":25484}},"97":{"start":{"line":778,"column":8},"end":{"line":778,"column":25644}},"98":{"start":{"line":783,"column":8},"end":{"line":783,"column":23}},"99":{"start":{"line":818,"column":8},"end":{"line":818,"column":69}},"100":{"start":{"line":820,"column":8},"end":{"line":820,"column":27292}},"101":{"start":{"line":826,"column":8},"end":{"line":826,"column":27481}},"102":{"start":{"line":832,"column":8},"end":{"line":832,"column":74}},"103":{"start":{"line":835,"column":8},"end":{"line":835,"column":27868}},"104":{"start":{"line":842,"column":8},"end":{"line":842,"column":28200}},"105":{"start":{"line":858,"column":8},"end":{"line":858,"column":29038}},"106":{"start":{"line":874,"column":8},"end":{"line":874,"column":29723}},"107":{"start":{"line":875,"column":12},"end":{"line":875,"column":77}},"108":{"start":{"line":881,"column":12},"end":{"line":881,"column":75}},"109":{"start":{"line":887,"column":8},"end":{"line":887,"column":30492}},"110":{"start":{"line":893,"column":8},"end":{"line":893,"column":30693}},"111":{"start":{"line":905,"column":8},"end":{"line":905,"column":31078}},"112":{"start":{"line":910,"column":8},"end":{"line":910,"column":31224}},"113":{"start":{"line":915,"column":8},"end":{"line":915,"column":31421}},"114":{"start":{"line":921,"column":8},"end":{"line":921,"column":23}},"115":{"start":{"line":931,"column":8},"end":{"line":931,"column":67}},"116":{"start":{"line":932,"column":8},"end":{"line":932,"column":56}},"117":{"start":{"line":934,"column":8},"end":{"line":934,"column":31942}},"118":{"start":{"line":942,"column":8},"end":{"line":942,"column":32269}},"119":{"start":{"line":947,"column":8},"end":{"line":947,"column":32477}},"120":{"start":{"line":953,"column":8},"end":{"line":953,"column":32673}},"121":{"start":{"line":959,"column":8},"end":{"line":959,"column":32900}},"122":{"start":{"line":965,"column":8},"end":{"line":965,"column":33103}},"123":{"start":{"line":971,"column":8},"end":{"line":971,"column":33285}},"124":{"start":{"line":991,"column":8},"end":{"line":991,"column":69}},"125":{"start":{"line":993,"column":8},"end":{"line":993,"column":34036}},"126":{"start":{"line":994,"column":12},"end":{"line":994,"column":27}},"127":{"start":{"line":997,"column":8},"end":{"line":997,"column":48}},"128":{"start":{"line":1000,"column":8},"end":{"line":1000,"column":79}},"129":{"start":{"line":1003,"column":8},"end":{"line":1003,"column":69}},"130":{"start":{"line":1006,"column":8},"end":{"line":1006,"column":39}},"131":{"start":{"line":1009,"column":8},"end":{"line":1009,"column":50}},"132":{"start":{"line":1012,"column":8},"end":{"line":1012,"column":34715}},"133":{"start":{"line":1013,"column":12},"end":{"line":1013,"column":48}},"134":{"start":{"line":1016,"column":8},"end":{"line":1016,"column":23}},"135":{"start":{"line":1033,"column":8},"end":{"line":1033,"column":69}},"136":{"start":{"line":1034,"column":8},"end":{"line":1034,"column":72}},"137":{"start":{"line":1036,"column":8},"end":{"line":1036,"column":35531}},"138":{"start":{"line":1037,"column":12},"end":{"line":1037,"column":27}},"139":{"start":{"line":1040,"column":8},"end":{"line":1040,"column":48}},"140":{"start":{"line":1043,"column":8},"end":{"line":1043,"column":68}},"141":{"start":{"line":1046,"column":8},"end":{"line":1046,"column":69}},"142":{"start":{"line":1049,"column":8},"end":{"line":1049,"column":39}},"143":{"start":{"line":1052,"column":8},"end":{"line":1052,"column":48}},"144":{"start":{"line":1055,"column":8},"end":{"line":1055,"column":36189}},"145":{"start":{"line":1056,"column":12},"end":{"line":1056,"column":47}},"146":{"start":{"line":1059,"column":8},"end":{"line":1059,"column":23}},"147":{"start":{"line":1076,"column":8},"end":{"line":1076,"column":69}},"148":{"start":{"line":1078,"column":8},"end":{"line":1078,"column":36849}},"149":{"start":{"line":1083,"column":8},"end":{"line":1083,"column":32}},"150":{"start":{"line":1085,"column":8},"end":{"line":1085,"column":23}},"151":{"start":{"line":1097,"column":8},"end":{"line":1097,"column":28}},"152":{"start":{"line":1105,"column":8},"end":{"line":1105,"column":41}},"153":{"start":{"line":1113,"column":8},"end":{"line":1113,"column":38}},"154":{"start":{"line":1121,"column":8},"end":{"line":1121,"column":39}},"155":{"start":{"line":1129,"column":8},"end":{"line":1129,"column":30}},"156":{"start":{"line":1137,"column":8},"end":{"line":1137,"column":29}},"157":{"start":{"line":1145,"column":8},"end":{"line":1145,"column":45}},"158":{"start":{"line":1153,"column":8},"end":{"line":1153,"column":30}},"159":{"start":{"line":1164,"column":8},"end":{"line":1164,"column":38415}},"160":{"start":{"line":1175,"column":8},"end":{"line":1175,"column":59}},"161":{"start":{"line":1183,"column":8},"end":{"line":1183,"column":27}},"162":{"start":{"line":1194,"column":8},"end":{"line":1194,"column":38989}},"163":{"start":{"line":1208,"column":8},"end":{"line":1208,"column":56}},"164":{"start":{"line":1218,"column":8},"end":{"line":1218,"column":41}},"165":{"start":{"line":1228,"column":8},"end":{"line":1228,"column":30}},"166":{"start":{"line":1243,"column":8},"end":{"line":1243,"column":39962}},"167":{"start":{"line":1244,"column":12},"end":{"line":1244,"column":23}},"168":{"start":{"line":1247,"column":8},"end":{"line":1247,"column":69}},"169":{"start":{"line":1249,"column":8},"end":{"line":1249,"column":40121}},"170":{"start":{"line":1255,"column":8},"end":{"line":1255,"column":40342}},"171":{"start":{"line":1256,"column":12},"end":{"line":1256,"column":38}},"172":{"start":{"line":1259,"column":8},"end":{"line":1259,"column":35}},"173":{"start":{"line":1277,"column":8},"end":{"line":1277,"column":40935}},"174":{"start":{"line":1282,"column":8},"end":{"line":1282,"column":41039}},"175":{"start":{"line":1287,"column":8},"end":{"line":1287,"column":41149}},"176":{"start":{"line":1311,"column":8},"end":{"line":1311,"column":47}},"177":{"start":{"line":1312,"column":8},"end":{"line":1312,"column":50}},"178":{"start":{"line":1314,"column":8},"end":{"line":1314,"column":42062}},"179":{"start":{"line":1321,"column":8},"end":{"line":1321,"column":58}},"180":{"start":{"line":1323,"column":8},"end":{"line":1323,"column":30}},"181":{"start":{"line":1337,"column":8},"end":{"line":1337,"column":34}},"182":{"start":{"line":1338,"column":8},"end":{"line":1338,"column":69}},"183":{"start":{"line":1340,"column":8},"end":{"line":1340,"column":42960}},"184":{"start":{"line":1345,"column":8},"end":{"line":1345,"column":43066}},"185":{"start":{"line":1350,"column":8},"end":{"line":1350,"column":21}}},"branchMap":{"1":{"line":120,"type":"if","locations":[{"start":{"line":120,"column":8},"end":{"line":120,"column":8}},{"start":{"line":120,"column":8},"end":{"line":120,"column":8}}]},"2":{"line":163,"type":"if","locations":[{"start":{"line":163,"column":8},"end":{"line":163,"column":8}},{"start":{"line":163,"column":8},"end":{"line":163,"column":8}}]},"3":{"line":205,"type":"if","locations":[{"start":{"line":205,"column":8},"end":{"line":205,"column":8}},{"start":{"line":205,"column":8},"end":{"line":205,"column":8}}]},"4":{"line":210,"type":"if","locations":[{"start":{"line":210,"column":8},"end":{"line":210,"column":8}},{"start":{"line":210,"column":8},"end":{"line":210,"column":8}}]},"5":{"line":249,"type":"if","locations":[{"start":{"line":249,"column":8},"end":{"line":249,"column":8}},{"start":{"line":249,"column":8},"end":{"line":249,"column":8}}]},"6":{"line":367,"type":"if","locations":[{"start":{"line":367,"column":8},"end":{"line":367,"column":8}},{"start":{"line":367,"column":8},"end":{"line":367,"column":8}}]},"7":{"line":395,"type":"if","locations":[{"start":{"line":395,"column":8},"end":{"line":395,"column":8}},{"start":{"line":395,"column":8},"end":{"line":395,"column":8}}]},"8":{"line":406,"type":"if","locations":[{"start":{"line":406,"column":8},"end":{"line":406,"column":8}},{"start":{"line":406,"column":8},"end":{"line":406,"column":8}}]},"9":{"line":412,"type":"if","locations":[{"start":{"line":412,"column":12},"end":{"line":412,"column":12}},{"start":{"line":412,"column":12},"end":{"line":412,"column":12}}]},"10":{"line":416,"type":"if","locations":[{"start":{"line":416,"column":15},"end":{"line":416,"column":15}},{"start":{"line":416,"column":15},"end":{"line":416,"column":15}}]},"11":{"line":422,"type":"if","locations":[{"start":{"line":422,"column":15},"end":{"line":422,"column":15}},{"start":{"line":422,"column":15},"end":{"line":422,"column":15}}]},"12":{"line":428,"type":"if","locations":[{"start":{"line":428,"column":15},"end":{"line":428,"column":15}},{"start":{"line":428,"column":15},"end":{"line":428,"column":15}}]},"13":{"line":432,"type":"if","locations":[{"start":{"line":432,"column":15},"end":{"line":432,"column":15}},{"start":{"line":432,"column":15},"end":{"line":432,"column":15}}]},"14":{"line":443,"type":"if","locations":[{"start":{"line":443,"column":8},"end":{"line":443,"column":8}},{"start":{"line":443,"column":8},"end":{"line":443,"column":8}}]},"15":{"line":449,"type":"if","locations":[{"start":{"line":449,"column":8},"end":{"line":449,"column":8}},{"start":{"line":449,"column":8},"end":{"line":449,"column":8}}]},"16":{"line":476,"type":"if","locations":[{"start":{"line":476,"column":8},"end":{"line":476,"column":8}},{"start":{"line":476,"column":8},"end":{"line":476,"column":8}}]},"17":{"line":638,"type":"if","locations":[{"start":{"line":638,"column":8},"end":{"line":638,"column":8}},{"start":{"line":638,"column":8},"end":{"line":638,"column":8}}]},"18":{"line":660,"type":"if","locations":[{"start":{"line":660,"column":12},"end":{"line":660,"column":12}},{"start":{"line":660,"column":12},"end":{"line":660,"column":12}}]},"19":{"line":747,"type":"if","locations":[{"start":{"line":747,"column":8},"end":{"line":747,"column":8}},{"start":{"line":747,"column":8},"end":{"line":747,"column":8}}]},"20":{"line":778,"type":"if","locations":[{"start":{"line":778,"column":8},"end":{"line":778,"column":8}},{"start":{"line":778,"column":8},"end":{"line":778,"column":8}}]},"21":{"line":820,"type":"if","locations":[{"start":{"line":820,"column":8},"end":{"line":820,"column":8}},{"start":{"line":820,"column":8},"end":{"line":820,"column":8}}]},"22":{"line":826,"type":"if","locations":[{"start":{"line":826,"column":8},"end":{"line":826,"column":8}},{"start":{"line":826,"column":8},"end":{"line":826,"column":8}}]},"23":{"line":874,"type":"if","locations":[{"start":{"line":874,"column":8},"end":{"line":874,"column":8}},{"start":{"line":874,"column":8},"end":{"line":874,"column":8}}]},"24":{"line":910,"type":"if","locations":[{"start":{"line":910,"column":8},"end":{"line":910,"column":8}},{"start":{"line":910,"column":8},"end":{"line":910,"column":8}}]},"25":{"line":959,"type":"if","locations":[{"start":{"line":959,"column":8},"end":{"line":959,"column":8}},{"start":{"line":959,"column":8},"end":{"line":959,"column":8}}]},"26":{"line":971,"type":"if","locations":[{"start":{"line":971,"column":8},"end":{"line":971,"column":8}},{"start":{"line":971,"column":8},"end":{"line":971,"column":8}}]},"27":{"line":993,"type":"if","locations":[{"start":{"line":993,"column":8},"end":{"line":993,"column":8}},{"start":{"line":993,"column":8},"end":{"line":993,"column":8}}]},"28":{"line":1012,"type":"if","locations":[{"start":{"line":1012,"column":8},"end":{"line":1012,"column":8}},{"start":{"line":1012,"column":8},"end":{"line":1012,"column":8}}]},"29":{"line":1036,"type":"if","locations":[{"start":{"line":1036,"column":8},"end":{"line":1036,"column":8}},{"start":{"line":1036,"column":8},"end":{"line":1036,"column":8}}]},"30":{"line":1055,"type":"if","locations":[{"start":{"line":1055,"column":8},"end":{"line":1055,"column":8}},{"start":{"line":1055,"column":8},"end":{"line":1055,"column":8}}]},"31":{"line":1078,"type":"if","locations":[{"start":{"line":1078,"column":8},"end":{"line":1078,"column":8}},{"start":{"line":1078,"column":8},"end":{"line":1078,"column":8}}]},"32":{"line":1243,"type":"if","locations":[{"start":{"line":1243,"column":8},"end":{"line":1243,"column":8}},{"start":{"line":1243,"column":8},"end":{"line":1243,"column":8}}]},"33":{"line":1255,"type":"if","locations":[{"start":{"line":1255,"column":8},"end":{"line":1255,"column":8}},{"start":{"line":1255,"column":8},"end":{"line":1255,"column":8}}]}}},"contracts/debt/mozart/savings/MozartSavingsStorage.sol":{"l":{},"path":"/Users/kermankohli/dev/arc-contracts/contracts/debt/mozart/savings/MozartSavingsStorage.sol","s":{},"b":{},"f":{},"fnMap":{},"statementMap":{},"branchMap":{}},"contracts/debt/mozart/savings/MozartSavingsV1.sol":{"l":{"49":141,"53":139,"67":135,"68":135,"70":135,"72":135,"74":135,"75":135,"77":135,"87":0,"95":0,"103":0,"111":0,"119":2,"129":6,"137":0,"148":0,"159":18,"168":138,"177":51,"208":37,"211":37,"218":37,"221":37,"227":37,"260":10,"263":10,"270":10,"273":10,"279":9,"282":9,"288":9,"318":92,"322":83,"326":9,"329":9,"331":9,"332":9,"337":9,"340":9,"342":9,"347":9,"359":0,"360":0,"370":0,"371":0,"382":0,"383":0,"389":0,"401":0,"406":0,"411":0,"412":0,"414":0,"424":0,"429":0,"434":0,"435":0,"444":37,"449":37,"450":37,"451":37,"460":9,"465":9,"466":9,"467":9},"path":"/Users/kermankohli/dev/arc-contracts/contracts/debt/mozart/savings/MozartSavingsV1.sol","s":{"1":141,"2":135,"3":135,"4":135,"5":135,"6":135,"7":135,"8":135,"9":0,"10":0,"11":0,"12":0,"13":2,"14":6,"15":0,"16":0,"17":18,"18":138,"19":51,"20":37,"21":37,"22":37,"23":37,"24":37,"25":10,"26":10,"27":10,"28":10,"29":9,"30":9,"31":9,"32":92,"33":83,"34":9,"35":9,"36":9,"37":9,"38":9,"39":9,"40":9,"41":9,"42":0,"43":0,"44":0,"45":0,"46":0,"47":0,"48":0,"49":0,"50":0,"51":0,"52":0,"53":0,"54":0,"55":0,"56":0,"57":0,"58":37,"59":37,"60":37,"61":37,"62":9,"63":9,"64":9,"65":9},"b":{"1":[139,2],"2":[9,1],"3":[83,9],"4":[0,0],"5":[0,0],"6":[0,0],"7":[0,0],"8":[37,0],"9":[9,0]},"f":{"1":141,"2":135,"3":0,"4":0,"5":0,"6":0,"7":2,"8":6,"9":0,"10":0,"11":18,"12":138,"13":51,"14":37,"15":10,"16":92,"17":0,"18":0,"19":0,"20":0,"21":0,"22":37,"23":9},"fnMap":{"1":{"name":"isActive","line":48,"loc":{"start":{"line":48,"column":4},"end":{"line":54,"column":4}}},"2":{"name":"init","line":65,"loc":{"start":{"line":58,"column":4},"end":{"line":78,"column":4}}},"3":{"name":"name","line":82,"loc":{"start":{"line":82,"column":4},"end":{"line":88,"column":4}}},"4":{"name":"symbol","line":90,"loc":{"start":{"line":90,"column":4},"end":{"line":96,"column":4}}},"5":{"name":"decimals","line":98,"loc":{"start":{"line":98,"column":4},"end":{"line":104,"column":4}}},"6":{"name":"currentTimestamp","line":106,"loc":{"start":{"line":106,"column":4},"end":{"line":112,"column":4}}},"7":{"name":"exchangeRate","line":114,"loc":{"start":{"line":114,"column":4},"end":{"line":120,"column":4}}},"8":{"name":"balanceOf","line":122,"loc":{"start":{"line":122,"column":4},"end":{"line":130,"column":4}}},"9":{"name":"totalSupply","line":132,"loc":{"start":{"line":132,"column":4},"end":{"line":138,"column":4}}},"10":{"name":"allowance","line":140,"loc":{"start":{"line":140,"column":4},"end":{"line":149,"column":4}}},"11":{"name":"setSavingsRate","line":157,"loc":{"start":{"line":153,"column":4},"end":{"line":160,"column":4}}},"12":{"name":"setArcFee","line":166,"loc":{"start":{"line":162,"column":4},"end":{"line":169,"column":4}}},"13":{"name":"setPaused","line":175,"loc":{"start":{"line":171,"column":4},"end":{"line":178,"column":4}}},"14":{"name":"stake","line":193,"loc":{"start":{"line":189,"column":4},"end":{"line":232,"column":4}}},"15":{"name":"unstake","line":245,"loc":{"start":{"line":241,"column":4},"end":{"line":293,"column":4}}},"16":{"name":"updateIndex","line":303,"loc":{"start":{"line":301,"column":4},"end":{"line":348,"column":4}}},"17":{"name":"transfer","line":352,"loc":{"start":{"line":352,"column":4},"end":{"line":361,"column":4}}},"18":{"name":"approve","line":363,"loc":{"start":{"line":363,"column":4},"end":{"line":372,"column":4}}},"19":{"name":"transferFrom","line":374,"loc":{"start":{"line":374,"column":4},"end":{"line":390,"column":4}}},"20":{"name":"_transfer","line":394,"loc":{"start":{"line":394,"column":4},"end":{"line":415,"column":4}}},"21":{"name":"_approve","line":417,"loc":{"start":{"line":417,"column":4},"end":{"line":436,"column":4}}},"22":{"name":"_mint","line":438,"loc":{"start":{"line":438,"column":4},"end":{"line":452,"column":4}}},"23":{"name":"_burn","line":454,"loc":{"start":{"line":454,"column":4},"end":{"line":468,"column":4}}}},"statementMap":{"1":{"start":{"line":49,"column":8},"end":{"line":49,"column":1569}},"2":{"start":{"line":67,"column":8},"end":{"line":67,"column":19}},"3":{"start":{"line":68,"column":8},"end":{"line":68,"column":23}},"4":{"start":{"line":70,"column":8},"end":{"line":70,"column":53}},"5":{"start":{"line":72,"column":8},"end":{"line":72,"column":20}},"6":{"start":{"line":74,"column":8},"end":{"line":74,"column":26}},"7":{"start":{"line":75,"column":8},"end":{"line":75,"column":43}},"8":{"start":{"line":77,"column":8},"end":{"line":77,"column":22}},"9":{"start":{"line":87,"column":8},"end":{"line":87,"column":20}},"10":{"start":{"line":95,"column":8},"end":{"line":95,"column":22}},"11":{"start":{"line":103,"column":8},"end":{"line":103,"column":17}},"12":{"start":{"line":111,"column":8},"end":{"line":111,"column":30}},"13":{"start":{"line":119,"column":8},"end":{"line":119,"column":26}},"14":{"start":{"line":129,"column":8},"end":{"line":129,"column":30}},"15":{"start":{"line":137,"column":8},"end":{"line":137,"column":27}},"16":{"start":{"line":148,"column":8},"end":{"line":148,"column":42}},"17":{"start":{"line":159,"column":8},"end":{"line":159,"column":25}},"18":{"start":{"line":168,"column":8},"end":{"line":168,"column":20}},"19":{"start":{"line":177,"column":8},"end":{"line":177,"column":22}},"20":{"start":{"line":208,"column":8},"end":{"line":208,"column":20}},"21":{"start":{"line":211,"column":8},"end":{"line":211,"column":4637}},"22":{"start":{"line":218,"column":8},"end":{"line":218,"column":48}},"23":{"start":{"line":221,"column":8},"end":{"line":221,"column":4916}},"24":{"start":{"line":227,"column":8},"end":{"line":227,"column":5027}},"25":{"start":{"line":260,"column":8},"end":{"line":260,"column":20}},"26":{"start":{"line":263,"column":8},"end":{"line":263,"column":6018}},"27":{"start":{"line":270,"column":8},"end":{"line":270,"column":59}},"28":{"start":{"line":273,"column":8},"end":{"line":273,"column":6360}},"29":{"start":{"line":279,"column":8},"end":{"line":279,"column":48}},"30":{"start":{"line":282,"column":8},"end":{"line":282,"column":6645}},"31":{"start":{"line":288,"column":8},"end":{"line":288,"column":6759}},"32":{"start":{"line":318,"column":8},"end":{"line":318,"column":7690}},"33":{"start":{"line":322,"column":12},"end":{"line":322,"column":18}},"34":{"start":{"line":326,"column":8},"end":{"line":326,"column":99}},"35":{"start":{"line":329,"column":8},"end":{"line":329,"column":64}},"36":{"start":{"line":331,"column":8},"end":{"line":331,"column":46}},"37":{"start":{"line":332,"column":8},"end":{"line":332,"column":64}},"38":{"start":{"line":337,"column":8},"end":{"line":337,"column":67}},"39":{"start":{"line":340,"column":8},"end":{"line":340,"column":43}},"40":{"start":{"line":342,"column":8},"end":{"line":342,"column":8666}},"41":{"start":{"line":347,"column":8},"end":{"line":347,"column":42}},"42":{"start":{"line":359,"column":8},"end":{"line":359,"column":47}},"43":{"start":{"line":360,"column":8},"end":{"line":360,"column":19}},"44":{"start":{"line":370,"column":8},"end":{"line":370,"column":44}},"45":{"start":{"line":371,"column":8},"end":{"line":371,"column":19}},"46":{"start":{"line":382,"column":8},"end":{"line":382,"column":43}},"47":{"start":{"line":383,"column":8},"end":{"line":383,"column":9450}},"48":{"start":{"line":389,"column":8},"end":{"line":389,"column":19}},"49":{"start":{"line":401,"column":8},"end":{"line":401,"column":9787}},"50":{"start":{"line":406,"column":8},"end":{"line":406,"column":9902}},"51":{"start":{"line":411,"column":8},"end":{"line":411,"column":56}},"52":{"start":{"line":412,"column":8},"end":{"line":412,"column":62}},"53":{"start":{"line":414,"column":8},"end":{"line":414,"column":48}},"54":{"start":{"line":424,"column":8},"end":{"line":424,"column":10323}},"55":{"start":{"line":429,"column":8},"end":{"line":429,"column":10436}},"56":{"start":{"line":434,"column":8},"end":{"line":434,"column":43}},"57":{"start":{"line":435,"column":8},"end":{"line":435,"column":45}},"58":{"start":{"line":444,"column":8},"end":{"line":444,"column":10746}},"59":{"start":{"line":449,"column":8},"end":{"line":449,"column":46}},"60":{"start":{"line":450,"column":8},"end":{"line":450,"column":58}},"61":{"start":{"line":451,"column":8},"end":{"line":451,"column":50}},"62":{"start":{"line":460,"column":8},"end":{"line":460,"column":11122}},"63":{"start":{"line":465,"column":8},"end":{"line":465,"column":58}},"64":{"start":{"line":466,"column":8},"end":{"line":466,"column":46}},"65":{"start":{"line":467,"column":8},"end":{"line":467,"column":50}}},"branchMap":{"1":{"line":49,"type":"if","locations":[{"start":{"line":49,"column":8},"end":{"line":49,"column":8}},{"start":{"line":49,"column":8},"end":{"line":49,"column":8}}]},"2":{"line":273,"type":"if","locations":[{"start":{"line":273,"column":8},"end":{"line":273,"column":8}},{"start":{"line":273,"column":8},"end":{"line":273,"column":8}}]},"3":{"line":318,"type":"if","locations":[{"start":{"line":318,"column":8},"end":{"line":318,"column":8}},{"start":{"line":318,"column":8},"end":{"line":318,"column":8}}]},"4":{"line":401,"type":"if","locations":[{"start":{"line":401,"column":8},"end":{"line":401,"column":8}},{"start":{"line":401,"column":8},"end":{"line":401,"column":8}}]},"5":{"line":406,"type":"if","locations":[{"start":{"line":406,"column":8},"end":{"line":406,"column":8}},{"start":{"line":406,"column":8},"end":{"line":406,"column":8}}]},"6":{"line":424,"type":"if","locations":[{"start":{"line":424,"column":8},"end":{"line":424,"column":8}},{"start":{"line":424,"column":8},"end":{"line":424,"column":8}}]},"7":{"line":429,"type":"if","locations":[{"start":{"line":429,"column":8},"end":{"line":429,"column":8}},{"start":{"line":429,"column":8},"end":{"line":429,"column":8}}]},"8":{"line":444,"type":"if","locations":[{"start":{"line":444,"column":8},"end":{"line":444,"column":8}},{"start":{"line":444,"column":8},"end":{"line":444,"column":8}}]},"9":{"line":460,"type":"if","locations":[{"start":{"line":460,"column":8},"end":{"line":460,"column":8}},{"start":{"line":460,"column":8},"end":{"line":460,"column":8}}]}}},"contracts/debt/spritz/CoreV3.sol":{"l":{"79":120,"85":0,"90":0,"91":0,"110":12,"115":12,"117":12,"123":12,"124":6,"129":6,"135":2,"141":3,"147":1,"152":10,"153":10,"155":10,"160":10,"166":10,"171":9,"195":0,"206":0,"208":0,"232":6,"244":6,"246":6,"252":6,"294":8,"297":8,"302":6,"307":6,"310":6,"319":6,"322":6,"324":6,"332":6,"339":6,"346":6,"352":6,"353":6,"356":6,"364":6,"369":6,"402":3,"404":3,"406":3,"413":3,"421":3,"424":3,"432":3,"438":3,"447":3,"448":3,"451":3,"457":3,"463":3,"468":3,"503":1,"505":1,"511":1,"517":1,"522":1,"530":1,"541":1,"553":1,"554":0,"560":0,"564":1,"572":1,"580":1,"583":1,"589":1,"591":1,"596":1,"602":1,"612":1,"616":1,"618":1,"625":1,"631":1,"636":1,"642":1,"648":1,"654":1,"660":1},"path":"/Users/kermankohli/dev/arc-contracts/contracts/debt/spritz/CoreV3.sol","s":{"1":120,"2":0,"3":0,"4":0,"5":12,"6":12,"7":12,"8":12,"9":6,"10":6,"11":6,"12":2,"13":4,"14":3,"15":1,"16":1,"17":10,"18":10,"19":10,"20":10,"21":10,"22":9,"23":0,"24":0,"25":0,"26":6,"27":6,"28":6,"29":6,"30":8,"31":8,"32":6,"33":6,"34":6,"35":6,"36":6,"37":6,"38":6,"39":6,"40":6,"41":6,"42":6,"43":6,"44":6,"45":6,"46":3,"47":3,"48":3,"49":3,"50":3,"51":3,"52":3,"53":3,"54":3,"55":3,"56":3,"57":3,"58":3,"59":3,"60":1,"61":1,"62":1,"63":1,"64":1,"65":1,"66":1,"67":1,"68":0,"69":0,"70":1,"71":1,"72":1,"73":1,"74":1,"75":1,"76":1,"77":1,"78":1,"79":1,"80":1,"81":1,"82":1,"83":1,"84":1,"85":1,"86":1,"87":1},"b":{"1":[0,0],"2":[12,0],"3":[6,6],"4":[6,0],"5":[2,4],"6":[3,1],"7":[1,0],"8":[10,0],"9":[10,0],"10":[9,1],"11":[6,2],"12":[6,0],"13":[6,0],"14":[6,0],"15":[3,0],"16":[3,0],"17":[3,0],"18":[1,0],"19":[1,0],"20":[0,1],"21":[1,0],"22":[1,0],"23":[1,0]},"f":{"1":120,"2":0,"3":12,"4":0,"5":0,"6":6,"7":8,"8":3,"9":1,"10":1},"fnMap":{"1":{"name":"constructor","line":78,"loc":{"start":{"line":78,"column":4},"end":{"line":80,"column":4}}},"2":{"name":"init","line":82,"loc":{"start":{"line":82,"column":4},"end":{"line":92,"column":4}}},"3":{"name":"operateAction","line":104,"loc":{"start":{"line":104,"column":4},"end":{"line":176,"column":4}}},"4":{"name":"withdrawTokens","line":193,"loc":{"start":{"line":187,"column":4},"end":{"line":200,"column":4}}},"5":{"name":"setPause","line":204,"loc":{"start":{"line":202,"column":4},"end":{"line":209,"column":4}}},"6":{"name":"openPosition","line":218,"loc":{"start":{"line":218,"column":4},"end":{"line":256,"column":4}}},"7":{"name":"borrow","line":265,"loc":{"start":{"line":265,"column":4},"end":{"line":370,"column":4}}},"8":{"name":"repay","line":380,"loc":{"start":{"line":380,"column":4},"end":{"line":469,"column":4}}},"9":{"name":"liquidate","line":478,"loc":{"start":{"line":478,"column":4},"end":{"line":603,"column":4}}},"10":{"name":"_settleLiquidation","line":605,"loc":{"start":{"line":605,"column":4},"end":{"line":664,"column":4}}}},"statementMap":{"1":{"start":{"line":79,"column":8},"end":{"line":79,"column":20}},"2":{"start":{"line":85,"column":8},"end":{"line":85,"column":2357}},"3":{"start":{"line":90,"column":8},"end":{"line":90,"column":30}},"4":{"start":{"line":91,"column":8},"end":{"line":91,"column":21}},"5":{"start":{"line":110,"column":8},"end":{"line":110,"column":3093}},"6":{"start":{"line":115,"column":8},"end":{"line":115,"column":48}},"7":{"start":{"line":117,"column":8},"end":{"line":117,"column":3276}},"8":{"start":{"line":123,"column":8},"end":{"line":123,"column":3408}},"9":{"start":{"line":124,"column":12},"end":{"line":124,"column":3459}},"10":{"start":{"line":129,"column":12},"end":{"line":129,"column":3600}},"11":{"start":{"line":134,"column":15},"end":{"line":134,"column":3764}},"12":{"start":{"line":135,"column":12},"end":{"line":135,"column":3817}},"13":{"start":{"line":140,"column":15},"end":{"line":140,"column":3964}},"14":{"start":{"line":141,"column":12},"end":{"line":141,"column":4016}},"15":{"start":{"line":146,"column":15},"end":{"line":146,"column":4162}},"16":{"start":{"line":147,"column":12},"end":{"line":147,"column":4218}},"17":{"start":{"line":152,"column":8},"end":{"line":152,"column":57}},"18":{"start":{"line":153,"column":8},"end":{"line":153,"column":64}},"19":{"start":{"line":155,"column":8},"end":{"line":155,"column":4430}},"20":{"start":{"line":160,"column":8},"end":{"line":160,"column":4614}},"21":{"start":{"line":166,"column":8},"end":{"line":166,"column":4890}},"22":{"start":{"line":171,"column":8},"end":{"line":171,"column":5058}},"23":{"start":{"line":195,"column":8},"end":{"line":195,"column":5779}},"24":{"start":{"line":206,"column":8},"end":{"line":206,"column":21}},"25":{"start":{"line":208,"column":8},"end":{"line":208,"column":38}},"26":{"start":{"line":232,"column":8},"end":{"line":232,"column":6639}},"27":{"start":{"line":244,"column":8},"end":{"line":244,"column":60}},"28":{"start":{"line":246,"column":8},"end":{"line":246,"column":7227}},"29":{"start":{"line":252,"column":8},"end":{"line":252,"column":7349}},"30":{"start":{"line":294,"column":8},"end":{"line":294,"column":72}},"31":{"start":{"line":297,"column":8},"end":{"line":297,"column":9082}},"32":{"start":{"line":302,"column":8},"end":{"line":302,"column":9228}},"33":{"start":{"line":307,"column":8},"end":{"line":307,"column":66}},"34":{"start":{"line":310,"column":8},"end":{"line":310,"column":9474}},"35":{"start":{"line":319,"column":8},"end":{"line":319,"column":50}},"36":{"start":{"line":322,"column":8},"end":{"line":322,"column":9803}},"37":{"start":{"line":324,"column":12},"end":{"line":324,"column":9891}},"38":{"start":{"line":332,"column":12},"end":{"line":332,"column":10156}},"39":{"start":{"line":339,"column":12},"end":{"line":339,"column":10391}},"40":{"start":{"line":346,"column":12},"end":{"line":346,"column":10695}},"41":{"start":{"line":352,"column":8},"end":{"line":352,"column":62}},"42":{"start":{"line":353,"column":8},"end":{"line":353,"column":64}},"43":{"start":{"line":356,"column":8},"end":{"line":356,"column":11076}},"44":{"start":{"line":364,"column":8},"end":{"line":364,"column":11315}},"45":{"start":{"line":369,"column":8},"end":{"line":369,"column":23}},"46":{"start":{"line":402,"column":8},"end":{"line":402,"column":72}},"47":{"start":{"line":404,"column":8},"end":{"line":404,"column":66}},"48":{"start":{"line":406,"column":8},"end":{"line":406,"column":12953}},"49":{"start":{"line":413,"column":8},"end":{"line":413,"column":13232}},"50":{"start":{"line":421,"column":8},"end":{"line":421,"column":77}},"51":{"start":{"line":424,"column":8},"end":{"line":424,"column":13643}},"52":{"start":{"line":432,"column":8},"end":{"line":432,"column":13957}},"53":{"start":{"line":438,"column":8},"end":{"line":438,"column":14161}},"54":{"start":{"line":447,"column":8},"end":{"line":447,"column":75}},"55":{"start":{"line":448,"column":8},"end":{"line":448,"column":64}},"56":{"start":{"line":451,"column":8},"end":{"line":451,"column":14592}},"57":{"start":{"line":457,"column":8},"end":{"line":457,"column":14725}},"58":{"start":{"line":463,"column":8},"end":{"line":463,"column":14885}},"59":{"start":{"line":468,"column":8},"end":{"line":468,"column":23}},"60":{"start":{"line":503,"column":8},"end":{"line":503,"column":72}},"61":{"start":{"line":505,"column":8},"end":{"line":505,"column":16603}},"62":{"start":{"line":511,"column":8},"end":{"line":511,"column":16792}},"63":{"start":{"line":517,"column":8},"end":{"line":517,"column":17015}},"64":{"start":{"line":522,"column":8},"end":{"line":522,"column":17237}},"65":{"start":{"line":530,"column":8},"end":{"line":530,"column":17583}},"66":{"start":{"line":541,"column":8},"end":{"line":541,"column":18068}},"67":{"start":{"line":553,"column":8},"end":{"line":553,"column":18514}},"68":{"start":{"line":554,"column":12},"end":{"line":554,"column":77}},"69":{"start":{"line":560,"column":12},"end":{"line":560,"column":75}},"70":{"start":{"line":564,"column":8},"end":{"line":564,"column":19134}},"71":{"start":{"line":572,"column":8},"end":{"line":572,"column":19461}},"72":{"start":{"line":580,"column":8},"end":{"line":580,"column":77}},"73":{"start":{"line":583,"column":8},"end":{"line":583,"column":19856}},"74":{"start":{"line":589,"column":8},"end":{"line":589,"column":72}},"75":{"start":{"line":591,"column":8},"end":{"line":591,"column":20091}},"76":{"start":{"line":596,"column":8},"end":{"line":596,"column":20286}},"77":{"start":{"line":602,"column":8},"end":{"line":602,"column":23}},"78":{"start":{"line":612,"column":8},"end":{"line":612,"column":20670}},"79":{"start":{"line":616,"column":8},"end":{"line":616,"column":64}},"80":{"start":{"line":618,"column":8},"end":{"line":618,"column":20873}},"81":{"start":{"line":625,"column":8},"end":{"line":625,"column":21077}},"82":{"start":{"line":631,"column":8},"end":{"line":631,"column":21236}},"83":{"start":{"line":636,"column":8},"end":{"line":636,"column":21439}},"84":{"start":{"line":642,"column":8},"end":{"line":642,"column":21624}},"85":{"start":{"line":648,"column":8},"end":{"line":648,"column":21830}},"86":{"start":{"line":654,"column":8},"end":{"line":654,"column":22033}},"87":{"start":{"line":660,"column":8},"end":{"line":660,"column":22194}}},"branchMap":{"1":{"line":85,"type":"if","locations":[{"start":{"line":85,"column":8},"end":{"line":85,"column":8}},{"start":{"line":85,"column":8},"end":{"line":85,"column":8}}]},"2":{"line":110,"type":"if","locations":[{"start":{"line":110,"column":8},"end":{"line":110,"column":8}},{"start":{"line":110,"column":8},"end":{"line":110,"column":8}}]},"3":{"line":123,"type":"if","locations":[{"start":{"line":123,"column":8},"end":{"line":123,"column":8}},{"start":{"line":123,"column":8},"end":{"line":123,"column":8}}]},"4":{"line":129,"type":"if","locations":[{"start":{"line":129,"column":12},"end":{"line":129,"column":12}},{"start":{"line":129,"column":12},"end":{"line":129,"column":12}}]},"5":{"line":134,"type":"if","locations":[{"start":{"line":134,"column":15},"end":{"line":134,"column":15}},{"start":{"line":134,"column":15},"end":{"line":134,"column":15}}]},"6":{"line":140,"type":"if","locations":[{"start":{"line":140,"column":15},"end":{"line":140,"column":15}},{"start":{"line":140,"column":15},"end":{"line":140,"column":15}}]},"7":{"line":146,"type":"if","locations":[{"start":{"line":146,"column":15},"end":{"line":146,"column":15}},{"start":{"line":146,"column":15},"end":{"line":146,"column":15}}]},"8":{"line":155,"type":"if","locations":[{"start":{"line":155,"column":8},"end":{"line":155,"column":8}},{"start":{"line":155,"column":8},"end":{"line":155,"column":8}}]},"9":{"line":160,"type":"if","locations":[{"start":{"line":160,"column":8},"end":{"line":160,"column":8}},{"start":{"line":160,"column":8},"end":{"line":160,"column":8}}]},"10":{"line":166,"type":"if","locations":[{"start":{"line":166,"column":8},"end":{"line":166,"column":8}},{"start":{"line":166,"column":8},"end":{"line":166,"column":8}}]},"11":{"line":297,"type":"if","locations":[{"start":{"line":297,"column":8},"end":{"line":297,"column":8}},{"start":{"line":297,"column":8},"end":{"line":297,"column":8}}]},"12":{"line":302,"type":"if","locations":[{"start":{"line":302,"column":8},"end":{"line":302,"column":8}},{"start":{"line":302,"column":8},"end":{"line":302,"column":8}}]},"13":{"line":322,"type":"if","locations":[{"start":{"line":322,"column":8},"end":{"line":322,"column":8}},{"start":{"line":322,"column":8},"end":{"line":322,"column":8}}]},"14":{"line":346,"type":"if","locations":[{"start":{"line":346,"column":12},"end":{"line":346,"column":12}},{"start":{"line":346,"column":12},"end":{"line":346,"column":12}}]},"15":{"line":406,"type":"if","locations":[{"start":{"line":406,"column":8},"end":{"line":406,"column":8}},{"start":{"line":406,"column":8},"end":{"line":406,"column":8}}]},"16":{"line":432,"type":"if","locations":[{"start":{"line":432,"column":8},"end":{"line":432,"column":8}},{"start":{"line":432,"column":8},"end":{"line":432,"column":8}}]},"17":{"line":463,"type":"if","locations":[{"start":{"line":463,"column":8},"end":{"line":463,"column":8}},{"start":{"line":463,"column":8},"end":{"line":463,"column":8}}]},"18":{"line":505,"type":"if","locations":[{"start":{"line":505,"column":8},"end":{"line":505,"column":8}},{"start":{"line":505,"column":8},"end":{"line":505,"column":8}}]},"19":{"line":511,"type":"if","locations":[{"start":{"line":511,"column":8},"end":{"line":511,"column":8}},{"start":{"line":511,"column":8},"end":{"line":511,"column":8}}]},"20":{"line":553,"type":"if","locations":[{"start":{"line":553,"column":8},"end":{"line":553,"column":8}},{"start":{"line":553,"column":8},"end":{"line":553,"column":8}}]},"21":{"line":591,"type":"if","locations":[{"start":{"line":591,"column":8},"end":{"line":591,"column":8}},{"start":{"line":591,"column":8},"end":{"line":591,"column":8}}]},"22":{"line":648,"type":"if","locations":[{"start":{"line":648,"column":8},"end":{"line":648,"column":8}},{"start":{"line":648,"column":8},"end":{"line":648,"column":8}}]},"23":{"line":660,"type":"if","locations":[{"start":{"line":660,"column":8},"end":{"line":660,"column":8}},{"start":{"line":660,"column":8},"end":{"line":660,"column":8}}]}}},"contracts/debt/spritz/CoreV4.sol":{"l":{"79":120,"85":641,"90":640,"91":640,"110":286,"115":285,"117":285,"123":285,"124":194,"129":192,"135":31,"141":35,"147":25,"152":269,"153":269,"155":269,"160":268,"165":267,"171":265,"176":264,"200":3,"211":6,"213":6,"237":194,"249":194,"251":194,"257":192,"299":225,"301":225,"306":224,"309":224,"318":224,"321":224,"323":218,"330":218,"331":3,"335":218,"342":218,"349":218,"355":219,"356":219,"359":219,"367":219,"372":219,"406":35,"408":35,"410":35,"417":34,"425":34,"428":34,"436":34,"442":32,"451":32,"452":32,"455":32,"461":32,"467":32,"472":32,"507":25,"509":25,"515":25,"521":20,"526":20,"534":20,"545":20,"557":20,"558":0,"564":0,"568":20,"576":20,"584":20,"587":20,"593":20,"595":20,"600":19,"606":19,"616":19,"620":19,"622":19,"629":19,"635":19,"640":19,"646":19,"652":19,"658":19,"664":19},"path":"/Users/kermankohli/dev/arc-contracts/contracts/debt/spritz/CoreV4.sol","s":{"1":120,"2":641,"3":640,"4":640,"5":286,"6":285,"7":285,"8":285,"9":194,"10":192,"11":91,"12":31,"13":60,"14":35,"15":25,"16":25,"17":269,"18":269,"19":269,"20":268,"21":267,"22":265,"23":264,"24":3,"25":6,"26":6,"27":194,"28":194,"29":194,"30":192,"31":225,"32":225,"33":224,"34":224,"35":224,"36":224,"37":218,"38":218,"39":3,"40":218,"41":218,"42":218,"43":219,"44":219,"45":219,"46":219,"47":219,"48":35,"49":35,"50":35,"51":34,"52":34,"53":34,"54":34,"55":32,"56":32,"57":32,"58":32,"59":32,"60":32,"61":32,"62":25,"63":25,"64":25,"65":20,"66":20,"67":20,"68":20,"69":20,"70":0,"71":0,"72":20,"73":20,"74":20,"75":20,"76":20,"77":20,"78":19,"79":19,"80":19,"81":19,"82":19,"83":19,"84":19,"85":19,"86":19,"87":19,"88":19,"89":19},"b":{"1":[640,1],"2":[285,1],"3":[194,91],"4":[191,1],"5":[31,60],"6":[35,25],"7":[25,0],"8":[268,1],"9":[267,1],"10":[265,2],"11":[264,1],"12":[224,1],"13":[218,6],"14":[3,215],"15":[213,5],"16":[34,1],"17":[32,2],"18":[32,0],"19":[25,0],"20":[20,5],"21":[0,20],"22":[19,1],"23":[19,0],"24":[19,0]},"f":{"1":120,"2":641,"3":286,"4":3,"5":6,"6":194,"7":225,"8":35,"9":25,"10":19},"fnMap":{"1":{"name":"constructor","line":78,"loc":{"start":{"line":78,"column":4},"end":{"line":80,"column":4}}},"2":{"name":"init","line":82,"loc":{"start":{"line":82,"column":4},"end":{"line":92,"column":4}}},"3":{"name":"operateAction","line":104,"loc":{"start":{"line":104,"column":4},"end":{"line":181,"column":4}}},"4":{"name":"withdrawTokens","line":198,"loc":{"start":{"line":192,"column":4},"end":{"line":205,"column":4}}},"5":{"name":"setPause","line":209,"loc":{"start":{"line":207,"column":4},"end":{"line":214,"column":4}}},"6":{"name":"openPosition","line":223,"loc":{"start":{"line":223,"column":4},"end":{"line":261,"column":4}}},"7":{"name":"borrow","line":270,"loc":{"start":{"line":270,"column":4},"end":{"line":373,"column":4}}},"8":{"name":"repay","line":383,"loc":{"start":{"line":383,"column":4},"end":{"line":473,"column":4}}},"9":{"name":"liquidate","line":482,"loc":{"start":{"line":482,"column":4},"end":{"line":607,"column":4}}},"10":{"name":"_settleLiquidation","line":609,"loc":{"start":{"line":609,"column":4},"end":{"line":668,"column":4}}}},"statementMap":{"1":{"start":{"line":79,"column":8},"end":{"line":79,"column":20}},"2":{"start":{"line":85,"column":8},"end":{"line":85,"column":2337}},"3":{"start":{"line":90,"column":8},"end":{"line":90,"column":30}},"4":{"start":{"line":91,"column":8},"end":{"line":91,"column":21}},"5":{"start":{"line":110,"column":8},"end":{"line":110,"column":3073}},"6":{"start":{"line":115,"column":8},"end":{"line":115,"column":48}},"7":{"start":{"line":117,"column":8},"end":{"line":117,"column":3256}},"8":{"start":{"line":123,"column":8},"end":{"line":123,"column":3388}},"9":{"start":{"line":124,"column":12},"end":{"line":124,"column":3439}},"10":{"start":{"line":129,"column":12},"end":{"line":129,"column":3580}},"11":{"start":{"line":134,"column":15},"end":{"line":134,"column":3744}},"12":{"start":{"line":135,"column":12},"end":{"line":135,"column":3797}},"13":{"start":{"line":140,"column":15},"end":{"line":140,"column":3944}},"14":{"start":{"line":141,"column":12},"end":{"line":141,"column":3996}},"15":{"start":{"line":146,"column":15},"end":{"line":146,"column":4142}},"16":{"start":{"line":147,"column":12},"end":{"line":147,"column":4198}},"17":{"start":{"line":152,"column":8},"end":{"line":152,"column":57}},"18":{"start":{"line":153,"column":8},"end":{"line":153,"column":64}},"19":{"start":{"line":155,"column":8},"end":{"line":155,"column":4410}},"20":{"start":{"line":160,"column":8},"end":{"line":160,"column":4594}},"21":{"start":{"line":165,"column":8},"end":{"line":165,"column":4803}},"22":{"start":{"line":171,"column":8},"end":{"line":171,"column":5032}},"23":{"start":{"line":176,"column":8},"end":{"line":176,"column":5200}},"24":{"start":{"line":200,"column":8},"end":{"line":200,"column":5921}},"25":{"start":{"line":211,"column":8},"end":{"line":211,"column":21}},"26":{"start":{"line":213,"column":8},"end":{"line":213,"column":38}},"27":{"start":{"line":237,"column":8},"end":{"line":237,"column":6781}},"28":{"start":{"line":249,"column":8},"end":{"line":249,"column":60}},"29":{"start":{"line":251,"column":8},"end":{"line":251,"column":7369}},"30":{"start":{"line":257,"column":8},"end":{"line":257,"column":7491}},"31":{"start":{"line":299,"column":8},"end":{"line":299,"column":72}},"32":{"start":{"line":301,"column":8},"end":{"line":301,"column":9186}},"33":{"start":{"line":306,"column":8},"end":{"line":306,"column":66}},"34":{"start":{"line":309,"column":8},"end":{"line":309,"column":9432}},"35":{"start":{"line":318,"column":8},"end":{"line":318,"column":50}},"36":{"start":{"line":321,"column":8},"end":{"line":321,"column":9761}},"37":{"start":{"line":323,"column":12},"end":{"line":323,"column":9849}},"38":{"start":{"line":330,"column":12},"end":{"line":330,"column":10063}},"39":{"start":{"line":331,"column":16},"end":{"line":331,"column":34}},"40":{"start":{"line":335,"column":12},"end":{"line":335,"column":10203}},"41":{"start":{"line":342,"column":12},"end":{"line":342,"column":10438}},"42":{"start":{"line":349,"column":12},"end":{"line":349,"column":10742}},"43":{"start":{"line":355,"column":8},"end":{"line":355,"column":62}},"44":{"start":{"line":356,"column":8},"end":{"line":356,"column":64}},"45":{"start":{"line":359,"column":8},"end":{"line":359,"column":11123}},"46":{"start":{"line":367,"column":8},"end":{"line":367,"column":11362}},"47":{"start":{"line":372,"column":8},"end":{"line":372,"column":23}},"48":{"start":{"line":406,"column":8},"end":{"line":406,"column":72}},"49":{"start":{"line":408,"column":8},"end":{"line":408,"column":66}},"50":{"start":{"line":410,"column":8},"end":{"line":410,"column":13002}},"51":{"start":{"line":417,"column":8},"end":{"line":417,"column":13281}},"52":{"start":{"line":425,"column":8},"end":{"line":425,"column":77}},"53":{"start":{"line":428,"column":8},"end":{"line":428,"column":13692}},"54":{"start":{"line":436,"column":8},"end":{"line":436,"column":14006}},"55":{"start":{"line":442,"column":8},"end":{"line":442,"column":14210}},"56":{"start":{"line":451,"column":8},"end":{"line":451,"column":75}},"57":{"start":{"line":452,"column":8},"end":{"line":452,"column":64}},"58":{"start":{"line":455,"column":8},"end":{"line":455,"column":14641}},"59":{"start":{"line":461,"column":8},"end":{"line":461,"column":14774}},"60":{"start":{"line":467,"column":8},"end":{"line":467,"column":14934}},"61":{"start":{"line":472,"column":8},"end":{"line":472,"column":23}},"62":{"start":{"line":507,"column":8},"end":{"line":507,"column":72}},"63":{"start":{"line":509,"column":8},"end":{"line":509,"column":16652}},"64":{"start":{"line":515,"column":8},"end":{"line":515,"column":16841}},"65":{"start":{"line":521,"column":8},"end":{"line":521,"column":17064}},"66":{"start":{"line":526,"column":8},"end":{"line":526,"column":17286}},"67":{"start":{"line":534,"column":8},"end":{"line":534,"column":17632}},"68":{"start":{"line":545,"column":8},"end":{"line":545,"column":18117}},"69":{"start":{"line":557,"column":8},"end":{"line":557,"column":18563}},"70":{"start":{"line":558,"column":12},"end":{"line":558,"column":77}},"71":{"start":{"line":564,"column":12},"end":{"line":564,"column":75}},"72":{"start":{"line":568,"column":8},"end":{"line":568,"column":19183}},"73":{"start":{"line":576,"column":8},"end":{"line":576,"column":19510}},"74":{"start":{"line":584,"column":8},"end":{"line":584,"column":77}},"75":{"start":{"line":587,"column":8},"end":{"line":587,"column":19905}},"76":{"start":{"line":593,"column":8},"end":{"line":593,"column":72}},"77":{"start":{"line":595,"column":8},"end":{"line":595,"column":20140}},"78":{"start":{"line":600,"column":8},"end":{"line":600,"column":20335}},"79":{"start":{"line":606,"column":8},"end":{"line":606,"column":23}},"80":{"start":{"line":616,"column":8},"end":{"line":616,"column":20719}},"81":{"start":{"line":620,"column":8},"end":{"line":620,"column":64}},"82":{"start":{"line":622,"column":8},"end":{"line":622,"column":20922}},"83":{"start":{"line":629,"column":8},"end":{"line":629,"column":21126}},"84":{"start":{"line":635,"column":8},"end":{"line":635,"column":21285}},"85":{"start":{"line":640,"column":8},"end":{"line":640,"column":21488}},"86":{"start":{"line":646,"column":8},"end":{"line":646,"column":21673}},"87":{"start":{"line":652,"column":8},"end":{"line":652,"column":21879}},"88":{"start":{"line":658,"column":8},"end":{"line":658,"column":22082}},"89":{"start":{"line":664,"column":8},"end":{"line":664,"column":22243}}},"branchMap":{"1":{"line":85,"type":"if","locations":[{"start":{"line":85,"column":8},"end":{"line":85,"column":8}},{"start":{"line":85,"column":8},"end":{"line":85,"column":8}}]},"2":{"line":110,"type":"if","locations":[{"start":{"line":110,"column":8},"end":{"line":110,"column":8}},{"start":{"line":110,"column":8},"end":{"line":110,"column":8}}]},"3":{"line":123,"type":"if","locations":[{"start":{"line":123,"column":8},"end":{"line":123,"column":8}},{"start":{"line":123,"column":8},"end":{"line":123,"column":8}}]},"4":{"line":129,"type":"if","locations":[{"start":{"line":129,"column":12},"end":{"line":129,"column":12}},{"start":{"line":129,"column":12},"end":{"line":129,"column":12}}]},"5":{"line":134,"type":"if","locations":[{"start":{"line":134,"column":15},"end":{"line":134,"column":15}},{"start":{"line":134,"column":15},"end":{"line":134,"column":15}}]},"6":{"line":140,"type":"if","locations":[{"start":{"line":140,"column":15},"end":{"line":140,"column":15}},{"start":{"line":140,"column":15},"end":{"line":140,"column":15}}]},"7":{"line":146,"type":"if","locations":[{"start":{"line":146,"column":15},"end":{"line":146,"column":15}},{"start":{"line":146,"column":15},"end":{"line":146,"column":15}}]},"8":{"line":155,"type":"if","locations":[{"start":{"line":155,"column":8},"end":{"line":155,"column":8}},{"start":{"line":155,"column":8},"end":{"line":155,"column":8}}]},"9":{"line":160,"type":"if","locations":[{"start":{"line":160,"column":8},"end":{"line":160,"column":8}},{"start":{"line":160,"column":8},"end":{"line":160,"column":8}}]},"10":{"line":165,"type":"if","locations":[{"start":{"line":165,"column":8},"end":{"line":165,"column":8}},{"start":{"line":165,"column":8},"end":{"line":165,"column":8}}]},"11":{"line":171,"type":"if","locations":[{"start":{"line":171,"column":8},"end":{"line":171,"column":8}},{"start":{"line":171,"column":8},"end":{"line":171,"column":8}}]},"12":{"line":301,"type":"if","locations":[{"start":{"line":301,"column":8},"end":{"line":301,"column":8}},{"start":{"line":301,"column":8},"end":{"line":301,"column":8}}]},"13":{"line":321,"type":"if","locations":[{"start":{"line":321,"column":8},"end":{"line":321,"column":8}},{"start":{"line":321,"column":8},"end":{"line":321,"column":8}}]},"14":{"line":330,"type":"if","locations":[{"start":{"line":330,"column":12},"end":{"line":330,"column":12}},{"start":{"line":330,"column":12},"end":{"line":330,"column":12}}]},"15":{"line":349,"type":"if","locations":[{"start":{"line":349,"column":12},"end":{"line":349,"column":12}},{"start":{"line":349,"column":12},"end":{"line":349,"column":12}}]},"16":{"line":410,"type":"if","locations":[{"start":{"line":410,"column":8},"end":{"line":410,"column":8}},{"start":{"line":410,"column":8},"end":{"line":410,"column":8}}]},"17":{"line":436,"type":"if","locations":[{"start":{"line":436,"column":8},"end":{"line":436,"column":8}},{"start":{"line":436,"column":8},"end":{"line":436,"column":8}}]},"18":{"line":467,"type":"if","locations":[{"start":{"line":467,"column":8},"end":{"line":467,"column":8}},{"start":{"line":467,"column":8},"end":{"line":467,"column":8}}]},"19":{"line":509,"type":"if","locations":[{"start":{"line":509,"column":8},"end":{"line":509,"column":8}},{"start":{"line":509,"column":8},"end":{"line":509,"column":8}}]},"20":{"line":515,"type":"if","locations":[{"start":{"line":515,"column":8},"end":{"line":515,"column":8}},{"start":{"line":515,"column":8},"end":{"line":515,"column":8}}]},"21":{"line":557,"type":"if","locations":[{"start":{"line":557,"column":8},"end":{"line":557,"column":8}},{"start":{"line":557,"column":8},"end":{"line":557,"column":8}}]},"22":{"line":595,"type":"if","locations":[{"start":{"line":595,"column":8},"end":{"line":595,"column":8}},{"start":{"line":595,"column":8},"end":{"line":595,"column":8}}]},"23":{"line":652,"type":"if","locations":[{"start":{"line":652,"column":8},"end":{"line":652,"column":8}},{"start":{"line":652,"column":8},"end":{"line":652,"column":8}}]},"24":{"line":664,"type":"if","locations":[{"start":{"line":664,"column":8},"end":{"line":664,"column":8}},{"start":{"line":664,"column":8},"end":{"line":664,"column":8}}]}}},"contracts/debt/spritz/IStateV1.sol":{"l":{},"path":"/Users/kermankohli/dev/arc-contracts/contracts/debt/spritz/IStateV1.sol","s":{},"b":{},"f":{},"fnMap":{},"statementMap":{},"branchMap":{}},"contracts/debt/spritz/StateV1.sol":{"l":{"66":120,"67":120,"68":120,"70":120,"71":120,"72":120,"78":998,"82":998,"98":123,"103":123,"104":123,"118":129,"119":129,"133":131,"134":131,"145":230,"155":200,"156":200,"157":200,"159":200,"171":282,"173":282,"174":0,"176":282,"179":282,"191":286,"193":286,"194":286,"196":0,"199":286,"211":21,"223":366,"231":268,"243":310,"244":36,"247":274,"249":274,"256":274,"275":577,"277":577,"278":21,"283":556,"289":577,"310":556,"316":556,"317":0,"323":556,"329":556,"349":21,"350":21,"352":21,"356":21,"357":21,"362":0,"368":21,"373":21,"396":332,"397":332,"399":332,"400":0,"406":332,"413":332,"415":332,"426":42,"446":20,"452":20,"459":20},"path":"/Users/kermankohli/dev/arc-contracts/contracts/debt/spritz/StateV1.sol","s":{"1":120,"2":120,"3":120,"4":120,"5":120,"6":120,"7":998,"8":123,"9":123,"10":123,"11":129,"12":129,"13":131,"14":131,"15":230,"16":200,"17":200,"18":200,"19":200,"20":282,"21":282,"22":0,"23":282,"24":282,"25":286,"26":286,"27":286,"28":0,"29":286,"30":21,"31":366,"32":268,"33":310,"34":36,"35":274,"36":274,"37":274,"38":577,"39":577,"40":21,"41":556,"42":556,"43":577,"44":556,"45":556,"46":0,"47":556,"48":556,"49":556,"50":21,"51":21,"52":21,"53":21,"54":21,"55":0,"56":0,"57":21,"58":21,"59":332,"60":332,"61":332,"62":0,"63":332,"64":332,"65":332,"66":332,"67":42,"68":20,"69":20,"70":20},"b":{"1":[998,0],"2":[123,0],"3":[0,282],"4":[286,0],"5":[36,274],"6":[21,556],"7":[556,0],"8":[0,556],"9":[556,0],"10":[21,0],"11":[0,0],"12":[0,332],"13":[332,0]},"f":{"1":120,"2":998,"3":123,"4":129,"5":131,"6":230,"7":200,"8":282,"9":286,"10":21,"11":366,"12":268,"13":310,"14":577,"15":556,"16":21,"17":332,"18":42,"19":20},"fnMap":{"1":{"name":"constructor","line":56,"loc":{"start":{"line":56,"column":4},"end":{"line":73,"column":4}}},"2":{"name":"onlyCore","line":77,"loc":{"start":{"line":77,"column":4},"end":{"line":83,"column":4}}},"3":{"name":"setOracle","line":96,"loc":{"start":{"line":92,"column":4},"end":{"line":105,"column":4}}},"4":{"name":"setMarketParams","line":116,"loc":{"start":{"line":112,"column":4},"end":{"line":120,"column":4}}},"5":{"name":"setRiskParams","line":131,"loc":{"start":{"line":127,"column":4},"end":{"line":135,"column":4}}},"6":{"name":"updateTotalSupplied","line":143,"loc":{"start":{"line":139,"column":4},"end":{"line":146,"column":4}}},"7":{"name":"savePosition","line":152,"loc":{"start":{"line":148,"column":4},"end":{"line":160,"column":4}}},"8":{"name":"setAmount","line":168,"loc":{"start":{"line":162,"column":4},"end":{"line":180,"column":4}}},"9":{"name":"updatePositionAmount","line":188,"loc":{"start":{"line":182,"column":4},"end":{"line":200,"column":4}}},"10":{"name":"getAddress","line":204,"loc":{"start":{"line":204,"column":4},"end":{"line":214,"column":4}}},"11":{"name":"getPosition","line":216,"loc":{"start":{"line":216,"column":4},"end":{"line":224,"column":4}}},"12":{"name":"getCurrentPrice","line":226,"loc":{"start":{"line":226,"column":4},"end":{"line":232,"column":4}}},"13":{"name":"isCollateralized","line":236,"loc":{"start":{"line":236,"column":4},"end":{"line":257,"column":4}}},"14":{"name":"calculateInverseAmount","line":266,"loc":{"start":{"line":266,"column":4},"end":{"line":290,"column":4}}},"15":{"name":"calculateInverseRequired","line":300,"loc":{"start":{"line":300,"column":4},"end":{"line":333,"column":4}}},"16":{"name":"calculateLiquidationPrice","line":342,"loc":{"start":{"line":342,"column":4},"end":{"line":374,"column":4}}},"17":{"name":"calculateCollateralDelta","line":386,"loc":{"start":{"line":386,"column":4},"end":{"line":416,"column":4}}},"18":{"name":"totalLiquidationSpread","line":421,"loc":{"start":{"line":421,"column":4},"end":{"line":431,"column":4}}},"19":{"name":"calculateLiquidationSplit","line":438,"loc":{"start":{"line":438,"column":4},"end":{"line":466,"column":4}}}},"statementMap":{"1":{"start":{"line":66,"column":8},"end":{"line":66,"column":19}},"2":{"start":{"line":67,"column":8},"end":{"line":67,"column":41}},"3":{"start":{"line":68,"column":8},"end":{"line":68,"column":39}},"4":{"start":{"line":70,"column":8},"end":{"line":70,"column":25}},"5":{"start":{"line":71,"column":8},"end":{"line":71,"column":37}},"6":{"start":{"line":72,"column":8},"end":{"line":72,"column":33}},"7":{"start":{"line":78,"column":8},"end":{"line":78,"column":2148}},"8":{"start":{"line":98,"column":8},"end":{"line":98,"column":2525}},"9":{"start":{"line":103,"column":8},"end":{"line":103,"column":32}},"10":{"start":{"line":104,"column":8},"end":{"line":104,"column":35}},"11":{"start":{"line":118,"column":8},"end":{"line":118,"column":29}},"12":{"start":{"line":119,"column":8},"end":{"line":119,"column":40}},"13":{"start":{"line":133,"column":8},"end":{"line":133,"column":25}},"14":{"start":{"line":134,"column":8},"end":{"line":134,"column":36}},"15":{"start":{"line":145,"column":8},"end":{"line":145,"column":48}},"16":{"start":{"line":155,"column":8},"end":{"line":155,"column":44}},"17":{"start":{"line":156,"column":8},"end":{"line":156,"column":42}},"18":{"start":{"line":157,"column":8},"end":{"line":157,"column":43}},"19":{"start":{"line":159,"column":8},"end":{"line":159,"column":27}},"20":{"start":{"line":171,"column":8},"end":{"line":171,"column":57}},"21":{"start":{"line":173,"column":8},"end":{"line":173,"column":4151}},"22":{"start":{"line":174,"column":12},"end":{"line":174,"column":45}},"23":{"start":{"line":176,"column":12},"end":{"line":176,"column":43}},"24":{"start":{"line":179,"column":8},"end":{"line":179,"column":23}},"25":{"start":{"line":191,"column":8},"end":{"line":191,"column":57}},"26":{"start":{"line":193,"column":8},"end":{"line":193,"column":4622}},"27":{"start":{"line":194,"column":12},"end":{"line":194,"column":76}},"28":{"start":{"line":196,"column":12},"end":{"line":196,"column":72}},"29":{"start":{"line":199,"column":8},"end":{"line":199,"column":23}},"30":{"start":{"line":211,"column":8},"end":{"line":211,"column":5084}},"31":{"start":{"line":223,"column":8},"end":{"line":223,"column":28}},"32":{"start":{"line":231,"column":8},"end":{"line":231,"column":41}},"33":{"start":{"line":243,"column":8},"end":{"line":243,"column":5701}},"34":{"start":{"line":244,"column":12},"end":{"line":244,"column":23}},"35":{"start":{"line":247,"column":8},"end":{"line":247,"column":69}},"36":{"start":{"line":249,"column":8},"end":{"line":249,"column":5860}},"37":{"start":{"line":256,"column":8},"end":{"line":256,"column":65}},"38":{"start":{"line":275,"column":8},"end":{"line":275,"column":30}},"39":{"start":{"line":277,"column":8},"end":{"line":277,"column":6640}},"40":{"start":{"line":278,"column":12},"end":{"line":278,"column":6701}},"41":{"start":{"line":282,"column":15},"end":{"line":282,"column":6803}},"42":{"start":{"line":283,"column":12},"end":{"line":283,"column":6863}},"43":{"start":{"line":289,"column":8},"end":{"line":289,"column":29}},"44":{"start":{"line":310,"column":8},"end":{"line":310,"column":7534}},"45":{"start":{"line":316,"column":8},"end":{"line":316,"column":7660}},"46":{"start":{"line":317,"column":12},"end":{"line":317,"column":7721}},"47":{"start":{"line":322,"column":15},"end":{"line":322,"column":7851}},"48":{"start":{"line":323,"column":12},"end":{"line":323,"column":7911}},"49":{"start":{"line":329,"column":8},"end":{"line":329,"column":8046}},"50":{"start":{"line":349,"column":8},"end":{"line":349,"column":34}},"51":{"start":{"line":350,"column":8},"end":{"line":350,"column":69}},"52":{"start":{"line":352,"column":8},"end":{"line":352,"column":8757}},"53":{"start":{"line":356,"column":8},"end":{"line":356,"column":8878}},"54":{"start":{"line":357,"column":12},"end":{"line":357,"column":8939}},"55":{"start":{"line":361,"column":15},"end":{"line":361,"column":9046}},"56":{"start":{"line":362,"column":12},"end":{"line":362,"column":9106}},"57":{"start":{"line":368,"column":8},"end":{"line":368,"column":9217}},"58":{"start":{"line":373,"column":8},"end":{"line":373,"column":21}},"59":{"start":{"line":396,"column":8},"end":{"line":396,"column":42}},"60":{"start":{"line":397,"column":8},"end":{"line":397,"column":45}},"61":{"start":{"line":399,"column":8},"end":{"line":399,"column":10213}},"62":{"start":{"line":400,"column":12},"end":{"line":400,"column":10282}},"63":{"start":{"line":405,"column":15},"end":{"line":405,"column":10441}},"64":{"start":{"line":406,"column":12},"end":{"line":406,"column":10509}},"65":{"start":{"line":413,"column":8},"end":{"line":413,"column":58}},"66":{"start":{"line":415,"column":8},"end":{"line":415,"column":30}},"67":{"start":{"line":426,"column":8},"end":{"line":426,"column":10970}},"68":{"start":{"line":446,"column":8},"end":{"line":446,"column":11469}},"69":{"start":{"line":452,"column":8},"end":{"line":452,"column":11650}},"70":{"start":{"line":459,"column":8},"end":{"line":459,"column":11834}}},"branchMap":{"1":{"line":78,"type":"if","locations":[{"start":{"line":78,"column":8},"end":{"line":78,"column":8}},{"start":{"line":78,"column":8},"end":{"line":78,"column":8}}]},"2":{"line":98,"type":"if","locations":[{"start":{"line":98,"column":8},"end":{"line":98,"column":8}},{"start":{"line":98,"column":8},"end":{"line":98,"column":8}}]},"3":{"line":173,"type":"if","locations":[{"start":{"line":173,"column":8},"end":{"line":173,"column":8}},{"start":{"line":173,"column":8},"end":{"line":173,"column":8}}]},"4":{"line":193,"type":"if","locations":[{"start":{"line":193,"column":8},"end":{"line":193,"column":8}},{"start":{"line":193,"column":8},"end":{"line":193,"column":8}}]},"5":{"line":243,"type":"if","locations":[{"start":{"line":243,"column":8},"end":{"line":243,"column":8}},{"start":{"line":243,"column":8},"end":{"line":243,"column":8}}]},"6":{"line":277,"type":"if","locations":[{"start":{"line":277,"column":8},"end":{"line":277,"column":8}},{"start":{"line":277,"column":8},"end":{"line":277,"column":8}}]},"7":{"line":282,"type":"if","locations":[{"start":{"line":282,"column":15},"end":{"line":282,"column":15}},{"start":{"line":282,"column":15},"end":{"line":282,"column":15}}]},"8":{"line":316,"type":"if","locations":[{"start":{"line":316,"column":8},"end":{"line":316,"column":8}},{"start":{"line":316,"column":8},"end":{"line":316,"column":8}}]},"9":{"line":322,"type":"if","locations":[{"start":{"line":322,"column":15},"end":{"line":322,"column":15}},{"start":{"line":322,"column":15},"end":{"line":322,"column":15}}]},"10":{"line":356,"type":"if","locations":[{"start":{"line":356,"column":8},"end":{"line":356,"column":8}},{"start":{"line":356,"column":8},"end":{"line":356,"column":8}}]},"11":{"line":361,"type":"if","locations":[{"start":{"line":361,"column":15},"end":{"line":361,"column":15}},{"start":{"line":361,"column":15},"end":{"line":361,"column":15}}]},"12":{"line":399,"type":"if","locations":[{"start":{"line":399,"column":8},"end":{"line":399,"column":8}},{"start":{"line":399,"column":8},"end":{"line":399,"column":8}}]},"13":{"line":405,"type":"if","locations":[{"start":{"line":405,"column":15},"end":{"line":405,"column":15}},{"start":{"line":405,"column":15},"end":{"line":405,"column":15}}]}}},"contracts/debt/spritz/StorageV1.sol":{"l":{},"path":"/Users/kermankohli/dev/arc-contracts/contracts/debt/spritz/StorageV1.sol","s":{},"b":{},"f":{},"fnMap":{},"statementMap":{},"branchMap":{}},"contracts/debt/spritz/TypesV1.sol":{"l":{"78":0,"94":200,"105":200,"119":352,"130":920,"131":920,"132":453,"133":453,"135":467,"136":412,"137":412,"139":55,"140":55,"143":920,"154":0,"155":0,"156":0,"158":0,"160":0,"170":352,"183":0,"193":0,"203":0},"path":"/Users/kermankohli/dev/arc-contracts/contracts/debt/spritz/TypesV1.sol","s":{"1":0,"2":200,"3":200,"4":352,"5":920,"6":920,"7":453,"8":453,"9":467,"10":412,"11":412,"12":55,"13":55,"14":920,"15":0,"16":0,"17":0,"18":0,"19":0,"20":352,"21":0,"22":0,"23":0},"b":{"1":[453,467],"2":[412,55],"3":[0,0],"4":[0,0]},"f":{"1":0,"2":200,"3":200,"4":352,"5":920,"6":0,"7":352,"8":0,"9":0,"10":0},"fnMap":{"1":{"name":"oppositeAsset","line":71,"loc":{"start":{"line":71,"column":4},"end":{"line":79,"column":4}}},"2":{"name":"zeroPar","line":89,"loc":{"start":{"line":89,"column":4},"end":{"line":98,"column":4}}},"3":{"name":"positiveZeroPar","line":100,"loc":{"start":{"line":100,"column":4},"end":{"line":109,"column":4}}},"4":{"name":"sub","line":111,"loc":{"start":{"line":111,"column":4},"end":{"line":120,"column":4}}},"5":{"name":"add","line":122,"loc":{"start":{"line":122,"column":4},"end":{"line":144,"column":4}}},"6":{"name":"equals","line":146,"loc":{"start":{"line":146,"column":4},"end":{"line":161,"column":4}}},"7":{"name":"negative","line":163,"loc":{"start":{"line":163,"column":4},"end":{"line":174,"column":4}}},"8":{"name":"isNegative","line":176,"loc":{"start":{"line":176,"column":4},"end":{"line":184,"column":4}}},"9":{"name":"isPositive","line":186,"loc":{"start":{"line":186,"column":4},"end":{"line":194,"column":4}}},"10":{"name":"isZero","line":196,"loc":{"start":{"line":196,"column":4},"end":{"line":204,"column":4}}}},"statementMap":{"1":{"start":{"line":78,"column":8},"end":{"line":78,"column":93}},"2":{"start":{"line":94,"column":8},"end":{"line":94,"column":2243}},"3":{"start":{"line":105,"column":8},"end":{"line":105,"column":2425}},"4":{"start":{"line":119,"column":8},"end":{"line":119,"column":34}},"5":{"start":{"line":130,"column":8},"end":{"line":130,"column":25}},"6":{"start":{"line":131,"column":8},"end":{"line":131,"column":2842}},"7":{"start":{"line":132,"column":12},"end":{"line":132,"column":31}},"8":{"start":{"line":133,"column":12},"end":{"line":133,"column":64}},"9":{"start":{"line":135,"column":12},"end":{"line":135,"column":3000}},"10":{"start":{"line":136,"column":16},"end":{"line":136,"column":35}},"11":{"start":{"line":137,"column":16},"end":{"line":137,"column":68}},"12":{"start":{"line":139,"column":16},"end":{"line":139,"column":35}},"13":{"start":{"line":140,"column":16},"end":{"line":140,"column":68}},"14":{"start":{"line":143,"column":8},"end":{"line":143,"column":21}},"15":{"start":{"line":154,"column":8},"end":{"line":154,"column":3452}},"16":{"start":{"line
[...]
5":66,"407":66,"408":66,"409":66,"419":87,"420":87,"422":87,"423":87},"path":"/Users/kermankohli/dev/arc-contracts/contracts/synthetic/SyntheticTokenV1.sol","s":{"1":360,"2":63,"3":63,"4":63,"5":0,"6":0,"7":0,"8":0,"9":8,"10":22,"11":0,"12":6,"13":13,"14":8,"15":18,"16":121,"17":120,"18":120,"19":120,"20":120,"21":13,"22":12,"23":15,"24":12,"25":12,"26":7,"27":6,"28":6,"29":198,"30":198,"31":194,"32":194,"33":66,"34":66,"35":93,"36":27,"37":27,"38":51,"39":51,"40":37,"41":36,"42":36,"43":64,"44":64,"45":64,"46":63,"47":63,"48":194,"49":194,"50":194,"51":194,"52":66,"53":66,"54":66,"55":66,"56":87,"57":87,"58":87,"59":87},"b":{"1":[357,3],"2":[120,1],"3":[12,1],"4":[12,3],"5":[6,1],"6":[194,4],"7":[64,0],"8":[64,0],"9":[194,0],"10":[66,0],"11":[87,0],"12":[87,0]},"f":{"1":360,"2":63,"3":0,"4":0,"5":0,"6":0,"7":8,"8":22,"9":0,"10":6,"11":13,"12":8,"13":18,"14":121,"15":13,"16":7,"17":198,"18":66,"19":93,"20":27,"21":51,"22":37,"23":64,"24":194,"25":66,"26":87},"fnMap":{"1":{"name":"onlyMinter","line":32,"loc":{"start":{"line":32,"column":4},"end":{"line":38,"column":4}}},"2":{"name":"init","line":55,"loc":{"start":{"line":49,"column":4},"end":{"line":60,"column":4}}},"3":{"name":"name","line":64,"loc":{"start":{"line":64,"column":4},"end":{"line":70,"column":4}}},"4":{"name":"symbol","line":72,"loc":{"start":{"line":72,"column":4},"end":{"line":78,"column":4}}},"5":{"name":"decimals","line":80,"loc":{"start":{"line":80,"column":4},"end":{"line":86,"column":4}}},"6":{"name":"version","line":88,"loc":{"start":{"line":88,"column":4},"end":{"line":94,"column":4}}},"7":{"name":"totalSupply","line":96,"loc":{"start":{"line":96,"column":4},"end":{"line":102,"column":4}}},"8":{"name":"balanceOf","line":104,"loc":{"start":{"line":104,"column":4},"end":{"line":112,"column":4}}},"9":{"name":"allowance","line":114,"loc":{"start":{"line":114,"column":4},"end":{"line":123,"column":4}}},"10":{"name":"getAllMinters","line":125,"loc":{"start":{"line":125,"column":4},"end":{"line":131,"column":4}}},"11":{"name":"isValidMinter","line":133,"loc":{"start":{"line":133,"column":4},"end":{"line":141,"column":4}}},"12":{"name":"getMinterIssued","line":143,"loc":{"start":{"line":143,"column":4},"end":{"line":151,"column":4}}},"13":{"name":"getMinterLimit","line":153,"loc":{"start":{"line":153,"column":4},"end":{"line":161,"column":4}}},"14":{"name":"addMinter","line":176,"loc":{"start":{"line":171,"column":4},"end":{"line":188,"column":4}}},"15":{"name":"removeMinter","line":199,"loc":{"start":{"line":195,"column":4},"end":{"line":220,"column":4}}},"16":{"name":"updateMinterLimit","line":233,"loc":{"start":{"line":228,"column":4},"end":{"line":243,"column":4}}},"17":{"name":"mint","line":260,"loc":{"start":{"line":255,"column":4},"end":{"line":273,"column":4}}},"18":{"name":"burn","line":288,"loc":{"start":{"line":283,"column":4},"end":{"line":295,"column":4}}},"19":{"name":"transferCollateral","line":310,"loc":{"start":{"line":304,"column":4},"end":{"line":317,"column":4}}},"20":{"name":"transfer","line":321,"loc":{"start":{"line":321,"column":4},"end":{"line":330,"column":4}}},"21":{"name":"approve","line":332,"loc":{"start":{"line":332,"column":4},"end":{"line":341,"column":4}}},"22":{"name":"transferFrom","line":343,"loc":{"start":{"line":343,"column":4},"end":{"line":359,"column":4}}},"23":{"name":"_transfer","line":363,"loc":{"start":{"line":363,"column":4},"end":{"line":384,"column":4}}},"24":{"name":"_mint","line":386,"loc":{"start":{"line":386,"column":4},"end":{"line":397,"column":4}}},"25":{"name":"_burn","line":399,"loc":{"start":{"line":399,"column":4},"end":{"line":410,"column":4}}},"26":{"name":"_approve","line":412,"loc":{"start":{"line":412,"column":4},"end":{"line":424,"column":4}}}},"statementMap":{"1":{"start":{"line":33,"column":8},"end":{"line":33,"column":796}},"2":{"start":{"line":57,"column":8},"end":{"line":57,"column":19}},"3":{"start":{"line":58,"column":8},"end":{"line":58,"column":23}},"4":{"start":{"line":59,"column":8},"end":{"line":59,"column":25}},"5":{"start":{"line":69,"column":8},"end":{"line":69,"column":20}},"6":{"start":{"line":77,"column":8},"end":{"line":77,"column":22}},"7":{"start":{"line":85,"column":8},"end":{"line":85,"column":17}},"8":{"start":{"line":93,"column":8},"end":{"line":93,"column":23}},"9":{"start":{"line":101,"column":8},"end":{"line":101,"column":27}},"10":{"start":{"line":111,"column":8},"end":{"line":111,"column":33}},"11":{"start":{"line":122,"column":8},"end":{"line":122,"column":42}},"12":{"start":{"line":130,"column":8},"end":{"line":130,"column":28}},"13":{"start":{"line":140,"column":8},"end":{"line":140,"column":32}},"14":{"start":{"line":150,"column":8},"end":{"line":150,"column":37}},"15":{"start":{"line":160,"column":8},"end":{"line":160,"column":37}},"16":{"start":{"line":178,"column":8},"end":{"line":178,"column":3415}},"17":{"start":{"line":183,"column":8},"end":{"line":183,"column":34}},"18":{"start":{"line":184,"column":8},"end":{"line":184,"column":31}},"19":{"start":{"line":185,"column":8},"end":{"line":185,"column":38}},"20":{"start":{"line":187,"column":8},"end":{"line":187,"column":41}},"21":{"start":{"line":201,"column":8},"end":{"line":201,"column":3907}},"22":{"start":{"line":206,"column":8},"end":{"line":206,"column":4011}},"23":{"start":{"line":207,"column":12},"end":{"line":207,"column":4077}},"24":{"start":{"line":209,"column":16},"end":{"line":209,"column":73}},"25":{"start":{"line":219,"column":8},"end":{"line":219,"column":35}},"26":{"start":{"line":235,"column":8},"end":{"line":235,"column":4754}},"27":{"start":{"line":240,"column":8},"end":{"line":240,"column":38}},"28":{"start":{"line":242,"column":8},"end":{"line":242,"column":48}},"29":{"start":{"line":262,"column":8},"end":{"line":262,"column":5337}},"30":{"start":{"line":266,"column":8},"end":{"line":266,"column":5485}},"31":{"start":{"line":271,"column":8},"end":{"line":271,"column":47}},"32":{"start":{"line":272,"column":8},"end":{"line":272,"column":23}},"33":{"start":{"line":290,"column":8},"end":{"line":290,"column":6061}},"34":{"start":{"line":294,"column":8},"end":{"line":294,"column":25}},"35":{"start":{"line":313,"column":8},"end":{"line":313,"column":6660}},"36":{"start":{"line":328,"column":8},"end":{"line":328,"column":47}},"37":{"start":{"line":329,"column":8},"end":{"line":329,"column":19}},"38":{"start":{"line":339,"column":8},"end":{"line":339,"column":44}},"39":{"start":{"line":340,"column":8},"end":{"line":340,"column":19}},"40":{"start":{"line":351,"column":8},"end":{"line":351,"column":43}},"41":{"start":{"line":352,"column":8},"end":{"line":352,"column":7392}},"42":{"start":{"line":358,"column":8},"end":{"line":358,"column":19}},"43":{"start":{"line":370,"column":8},"end":{"line":370,"column":7729}},"44":{"start":{"line":375,"column":8},"end":{"line":375,"column":7844}},"45":{"start":{"line":380,"column":8},"end":{"line":380,"column":56}},"46":{"start":{"line":382,"column":8},"end":{"line":382,"column":62}},"47":{"start":{"line":383,"column":8},"end":{"line":383,"column":48}},"48":{"start":{"line":392,"column":8},"end":{"line":392,"column":72}},"49":{"start":{"line":394,"column":8},"end":{"line":394,"column":46}},"50":{"start":{"line":395,"column":8},"end":{"line":395,"column":58}},"51":{"start":{"line":396,"column":8},"end":{"line":396,"column":50}},"52":{"start":{"line":405,"column":8},"end":{"line":405,"column":74}},"53":{"start":{"line":407,"column":8},"end":{"line":407,"column":58}},"54":{"start":{"line":408,"column":8},"end":{"line":408,"column":46}},"55":{"start":{"line":409,"column":8},"end":{"line":409,"column":50}},"56":{"start":{"line":419,"column":8},"end":{"line":419,"column":75}},"57":{"start":{"line":420,"column":8},"end":{"line":420,"column":75}},"58":{"start":{"line":422,"column":8},"end":{"line":422,"column":43}},"59":{"start":{"line":423,"column":8},"end":{"line":423,"column":45}}},"branchMap":{"1":{"line":33,"type":"if","locations":[{"start":{"line":33,"column":8},"end":{"line":33,"column":8}},{"start":{"line":33,"column":8},"end":{"line":33,"column":8}}]},"2":{"line":178,"type":"if","locations":[{"start":{"line":178,"column":8},"end":{"line":178,"column":8}},{"start":{"line":178,"column":8},"end":{"line":178,"column":8}}]},"3":{"line":201,"type":"if","locations":[{"start":{"line":201,"column":8},"end":{"line":201,"column":8}},{"start":{"line":201,"column":8},"end":{"line":201,"column":8}}]},"4":{"line":207,"type":"if","locations":[{"start":{"line":207,"column":12},"end":{"line":207,"column":12}},{"start":{"line":207,"column":12},"end":{"line":207,"column":12}}]},"5":{"line":235,"type":"if","locations":[{"start":{"line":235,"column":8},"end":{"line":235,"column":8}},{"start":{"line":235,"column":8},"end":{"line":235,"column":8}}]},"6":{"line":266,"type":"if","locations":[{"start":{"line":266,"column":8},"end":{"line":266,"column":8}},{"start":{"line":266,"column":8},"end":{"line":266,"column":8}}]},"7":{"line":370,"type":"if","locations":[{"start":{"line":370,"column":8},"end":{"line":370,"column":8}},{"start":{"line":370,"column":8},"end":{"line":370,"column":8}}]},"8":{"line":375,"type":"if","locations":[{"start":{"line":375,"column":8},"end":{"line":375,"column":8}},{"start":{"line":375,"column":8},"end":{"line":375,"column":8}}]},"9":{"line":392,"type":"if","locations":[{"start":{"line":392,"column":8},"end":{"line":392,"column":8}},{"start":{"line":392,"column":8},"end":{"line":392,"column":8}}]},"10":{"line":405,"type":"if","locations":[{"start":{"line":405,"column":8},"end":{"line":405,"column":8}},{"start":{"line":405,"column":8},"end":{"line":405,"column":8}}]},"11":{"line":419,"type":"if","locations":[{"start":{"line":419,"column":8},"end":{"line":419,"column":8}},{"start":{"line":419,"column":8},"end":{"line":419,"column":8}}]},"12":{"line":420,"type":"if","locations":[{"start":{"line":420,"column":8},"end":{"line":420,"column":8}},{"start":{"line":420,"column":8},"end":{"line":420,"column":8}}]}}},"contracts/token/BaseERC20.sol":{"l":{"44":162,"45":162,"46":162,"57":0,"69":0,"90":0,"101":283,"114":32,"132":6,"133":6,"147":0,"164":24,"165":24,"188":0,"189":0,"195":0,"216":0,"225":0,"249":6,"254":6,"259":6,"261":6,"262":6,"280":240,"282":240,"283":240,"284":240,"304":58,"306":58,"307":58,"308":58,"331":24,"332":24,"334":24,"335":24},"path":"/Users/kermankohli/dev/arc-contracts/contracts/token/BaseERC20.sol","s":{"1":162,"2":162,"3":162,"4":0,"5":0,"6":0,"7":283,"8":32,"9":6,"10":6,"11":0,"12":24,"13":24,"14":0,"15":0,"16":0,"17":0,"18":0,"19":6,"20":6,"21":6,"22":6,"23":6,"24":240,"25":240,"26":240,"27":240,"28":58,"29":58,"30":58,"31":58,"32":24,"33":24,"34":24,"35":24},"b":{"1":[6,0],"2":[6,0],"3":[240,0],"4":[58,0],"5":[24,0],"6":[24,0]},"f":{"1":162,"2":0,"3":0,"4":0,"5":283,"6":32,"7":6,"8":0,"9":24,"10":0,"11":0,"12":6,"13":240,"14":58,"15":24},"fnMap":{"1":{"name":"constructor","line":42,"loc":{"start":{"line":36,"column":4},"end":{"line":47,"column":4}}},"2":{"name":"name","line":52,"loc":{"start":{"line":52,"column":4},"end":{"line":58,"column":4}}},"3":{"name":"symbol","line":64,"loc":{"start":{"line":64,"column":4},"end":{"line":70,"column":4}}},"4":{"name":"decimals","line":85,"loc":{"start":{"line":85,"column":4},"end":{"line":91,"column":4}}},"5":{"name":"totalSupply","line":96,"loc":{"start":{"line":96,"column":4},"end":{"line":102,"column":4}}},"6":{"name":"balanceOf","line":107,"loc":{"start":{"line":107,"column":4},"end":{"line":115,"column":4}}},"7":{"name":"transfer","line":125,"loc":{"start":{"line":125,"column":4},"end":{"line":134,"column":4}}},"8":{"name":"allowance","line":139,"loc":{"start":{"line":139,"column":4},"end":{"line":148,"column":4}}},"9":{"name":"approve","line":157,"loc":{"start":{"line":157,"column":4},"end":{"line":166,"column":4}}},"10":{"name":"transferFrom","line":180,"loc":{"start":{"line":180,"column":4},"end":{"line":196,"column":4}}},"11":{"name":"permit","line":205,"loc":{"start":{"line":205,"column":4},"end":{"line":226,"column":4}}},"12":{"name":"_transfer","line":242,"loc":{"start":{"line":242,"column":4},"end":{"line":263,"column":4}}},"13":{"name":"_mint","line":274,"loc":{"start":{"line":274,"column":4},"end":{"line":285,"column":4}}},"14":{"name":"_burn","line":298,"loc":{"start":{"line":298,"column":4},"end":{"line":309,"column":4}}},"15":{"name":"_approve","line":324,"loc":{"start":{"line":324,"column":4},"end":{"line":336,"column":4}}}},"statementMap":{"1":{"start":{"line":44,"column":8},"end":{"line":44,"column":19}},"2":{"start":{"line":45,"column":8},"end":{"line":45,"column":23}},"3":{"start":{"line":46,"column":8},"end":{"line":46,"column":27}},"4":{"start":{"line":57,"column":8},"end":{"line":57,"column":20}},"5":{"start":{"line":69,"column":8},"end":{"line":69,"column":22}},"6":{"start":{"line":90,"column":8},"end":{"line":90,"column":24}},"7":{"start":{"line":101,"column":8},"end":{"line":101,"column":27}},"8":{"start":{"line":114,"column":8},"end":{"line":114,"column":33}},"9":{"start":{"line":132,"column":8},"end":{"line":132,"column":47}},"10":{"start":{"line":133,"column":8},"end":{"line":133,"column":19}},"11":{"start":{"line":147,"column":8},"end":{"line":147,"column":42}},"12":{"start":{"line":164,"column":8},"end":{"line":164,"column":44}},"13":{"start":{"line":165,"column":8},"end":{"line":165,"column":19}},"14":{"start":{"line":188,"column":8},"end":{"line":188,"column":43}},"15":{"start":{"line":189,"column":8},"end":{"line":189,"column":4225}},"16":{"start":{"line":195,"column":8},"end":{"line":195,"column":19}},"17":{"start":{"line":216,"column":8},"end":{"line":216,"column":4862}},"18":{"start":{"line":225,"column":8},"end":{"line":225,"column":38}},"19":{"start":{"line":249,"column":8},"end":{"line":249,"column":5658}},"20":{"start":{"line":254,"column":8},"end":{"line":254,"column":5773}},"21":{"start":{"line":259,"column":8},"end":{"line":259,"column":56}},"22":{"start":{"line":261,"column":8},"end":{"line":261,"column":62}},"23":{"start":{"line":262,"column":8},"end":{"line":262,"column":48}},"24":{"start":{"line":280,"column":8},"end":{"line":280,"column":72}},"25":{"start":{"line":282,"column":8},"end":{"line":282,"column":46}},"26":{"start":{"line":283,"column":8},"end":{"line":283,"column":58}},"27":{"start":{"line":284,"column":8},"end":{"line":284,"column":50}},"28":{"start":{"line":304,"column":8},"end":{"line":304,"column":74}},"29":{"start":{"line":306,"column":8},"end":{"line":306,"column":58}},"30":{"start":{"line":307,"column":8},"end":{"line":307,"column":46}},"31":{"start":{"line":308,"column":8},"end":{"line":308,"column":50}},"32":{"start":{"line":331,"column":8},"end":{"line":331,"column":75}},"33":{"start":{"line":332,"column":8},"end":{"line":332,"column":75}},"34":{"start":{"line":334,"column":8},"end":{"line":334,"column":43}},"35":{"start":{"line":335,"column":8},"end":{"line":335,"column":45}}},"branchMap":{"1":{"line":249,"type":"if","locations":[{"start":{"line":249,"column":8},"end":{"line":249,"column":8}},{"start":{"line":249,"column":8},"end":{"line":249,"column":8}}]},"2":{"line":254,"type":"if","locations":[{"start":{"line":254,"column":8},"end":{"line":254,"column":8}},{"start":{"line":254,"column":8},"end":{"line":254,"column":8}}]},"3":{"line":280,"type":"if","locations":[{"start":{"line":280,"column":8},"end":{"line":280,"column":8}},{"start":{"line":280,"column":8},"end":{"line":280,"column":8}}]},"4":{"line":304,"type":"if","locations":[{"start":{"line":304,"column":8},"end":{"line":304,"column":8}},{"start":{"line":304,"column":8},"end":{"line":304,"column":8}}]},"5":{"line":331,"type":"if","locations":[{"start":{"line":331,"column":8},"end":{"line":331,"column":8}},{"start":{"line":331,"column":8},"end":{"line":331,"column":8}}]},"6":{"line":332,"type":"if","locations":[{"start":{"line":332,"column":8},"end":{"line":332,"column":8}},{"start":{"line":332,"column":8},"end":{"line":332,"column":8}}]}}},"contracts/token/IERC20.sol":{"l":{},"path":"/Users/kermankohli/dev/arc-contracts/contracts/token/IERC20.sol","s":{},"b":{},"f":{},"fnMap":{},"statementMap":{},"branchMap":{}},"contracts/token/IMintableToken.sol":{"l":{},"path":"/Users/kermankohli/dev/arc-contracts/contracts/token/IMintableToken.sol","s":{},"b":{},"f":{},"fnMap":{},"statementMap":{},"branchMap":{}},"contracts/token/ISyntheticToken.sol":{"l":{},"path":"/Users/kermankohli/dev/arc-contracts/contracts/token/ISyntheticToken.sol","s":{},"b":{},"f":{},"fnMap":{},"statementMap":{},"branchMap":{}},"contracts/token/StaticSyntheticToken.sol":{"l":{"30":379,"34":376,"46":162,"58":6,"68":0,"77":0,"88":86,"93":85,"94":85,"96":85,"105":13,"112":12,"113":15,"114":12,"119":12,"122":12,"124":12,"129":12,"131":12,"143":240,"153":58,"165":78},"path":"/Users/kermankohli/dev/arc-contracts/contracts/token/StaticSyntheticToken.sol","s":{"1":379,"2":162,"3":6,"4":0,"5":0,"6":86,"7":85,"8":85,"9":85,"10":13,"11":12,"12":15,"13":12,"14":12,"15":240,"16":58,"17":78},"b":{"1":[376,3],"2":[85,1],"3":[12,1],"4":[12,3]},"f":{"1":379,"2":162,"3":6,"4":0,"5":0,"6":86,"7":13,"8":240,"9":58,"10":78},"fnMap":{"1":{"name":"onlyMinter","line":29,"loc":{"start":{"line":29,"column":4},"end":{"line":35,"column":4}}},"2":{"name":"constructor","line":44,"loc":{"start":{"line":39,"column":4},"end":{"line":49,"column":4}}},"3":{"name":"getAllMinters","line":53,"loc":{"start":{"line":53,"column":4},"end":{"line":59,"column":4}}},"4":{"name":"isValidMinter","line":61,"loc":{"start":{"line":61,"column":4},"end":{"line":69,"column":4}}},"5":{"name":"symbolKey","line":72,"loc":{"start":{"line":72,"column":4},"end":{"line":78,"column":4}}},"6":{"name":"addMinter","line":86,"loc":{"start":{"line":82,"column":4},"end":{"line":97,"column":4}}},"7":{"name":"removeMinter","line":103,"loc":{"start":{"line":99,"column":4},"end":{"line":132,"column":4}}},"8":{"name":"mint","line":141,"loc":{"start":{"line":136,"column":4},"end":{"line":144,"column":4}}},"9":{"name":"burn","line":151,"loc":{"start":{"line":146,"column":4},"end":{"line":154,"column":4}}},"10":{"name":"transferCollateral","line":162,"loc":{"start":{"line":156,"column":4},"end":{"line":169,"column":4}}}},"statementMap":{"1":{"start":{"line":30,"column":8},"end":{"line":30,"column":630}},"2":{"start":{"line":46,"column":8},"end":{"line":46,"column":958}},"3":{"start":{"line":58,"column":8},"end":{"line":58,"column":27}},"4":{"start":{"line":68,"column":8},"end":{"line":68,"column":31}},"5":{"start":{"line":77,"column":8},"end":{"line":77,"column":25}},"6":{"start":{"line":88,"column":8},"end":{"line":88,"column":1648}},"7":{"start":{"line":93,"column":8},"end":{"line":93,"column":33}},"8":{"start":{"line":94,"column":8},"end":{"line":94,"column":30}},"9":{"start":{"line":96,"column":8},"end":{"line":96,"column":33}},"10":{"start":{"line":105,"column":8},"end":{"line":105,"column":1961}},"11":{"start":{"line":112,"column":8},"end":{"line":112,"column":2125}},"12":{"start":{"line":113,"column":12},"end":{"line":113,"column":2190}},"13":{"start":{"line":119,"column":16},"end":{"line":119,"column":70}},"14":{"start":{"line":131,"column":8},"end":{"line":131,"column":35}},"15":{"start":{"line":143,"column":8},"end":{"line":143,"column":23}},"16":{"start":{"line":153,"column":8},"end":{"line":153,"column":23}},"17":{"start":{"line":165,"column":8},"end":{"line":165,"column":3374}}},"branchMap":{"1":{"line":30,"type":"if","locations":[{"start":{"line":30,"column":8},"end":{"line":30,"column":8}},{"start":{"line":30,"column":8},"end":{"line":30,"column":8}}]},"2":{"line":88,"type":"if","locations":[{"start":{"line":88,"column":8},"end":{"line":88,"column":8}},{"start":{"line":88,"column":8},"end":{"line":88,"column":8}}]},"3":{"line":105,"type":"if","locations":[{"start":{"line":105,"column":8},"end":{"line":105,"column":8}},{"start":{"line":105,"column":8},"end":{"line":105,"column":8}}]},"4":{"line":113,"type":"if","locations":[{"start":{"line":113,"column":12},"end":{"line":113,"column":12}},{"start":{"line":113,"column":12},"end":{"line":113,"column":12}}]}}}}